Log file open, 02/03/19 18:39:14
LogWindows: Failed to load 'aqProf.dll' (GetLastError=126)
LogWindows: File 'aqProf.dll' does not exist
LogWindows: Failed to load 'VtuneApi.dll' (GetLastError=126)
LogWindows: File 'VtuneApi.dll' does not exist
LogWindows: Failed to load 'VtuneApi32e.dll' (GetLastError=126)
LogWindows: File 'VtuneApi32e.dll' does not exist
LogConsoleResponse: Display: Failed to find resolution value strings in scalability ini. Falling back to default.
LogInit: Display: Running engine for game: Prototype2
LogPakFile: Registered encryption key '00000000000000000000000000000000': 0 pak files mounted, 0 remain pending
LogPlatformFile: Not using cached read wrapper
LogTaskGraph: Started task graph with 5 named threads and 35 total threads with 3 sets of task threads.
LogStats: Stats thread started at 0.410350
LogD3D11RHI: Loaded GFSDK_Aftermath_Lib.x64.dll
LogICUInternationalization: ICU TimeZone Detection - Raw Offset: -8:00, Platform Override: ''
LogPluginManager: Mounting plugin Paper2D
LogPluginManager: Mounting plugin AISupport
LogPluginManager: Mounting plugin LightPropagationVolume
LogPluginManager: Mounting plugin ActorLayerUtilities
LogPluginManager: Mounting plugin CLionSourceCodeAccess
LogPluginManager: Mounting plugin CodeLiteSourceCodeAccess
LogPluginManager: Mounting plugin GitSourceControl
LogPluginManager: Mounting plugin KDevelopSourceCodeAccess
LogPluginManager: Mounting plugin NullSourceCodeAccess
LogPluginManager: Mounting plugin PerforceSourceControl
LogPluginManager: Mounting plugin SubversionSourceControl
LogPluginManager: Mounting plugin UObjectPlugin
LogPluginManager: Mounting plugin VisualStudioCodeSourceCodeAccess
LogPluginManager: Mounting plugin VisualStudioSourceCodeAccess
LogPluginManager: Mounting plugin XCodeSourceCodeAccess
LogPluginManager: Mounting plugin AssetManagerEditor
LogPluginManager: Mounting plugin CryptoKeys
LogPluginManager: Mounting plugin DataValidation
LogPluginManager: Mounting plugin FacialAnimation
LogPluginManager: Mounting plugin GameplayTagsEditor
LogPluginManager: Mounting plugin MacGraphicsSwitching
LogPluginManager: Mounting plugin MeshEditor
LogPluginManager: Mounting plugin MobileLauncherProfileWizard
LogPluginManager: Mounting plugin PluginBrowser
LogPluginManager: Mounting plugin SpeedTreeImporter
LogPluginManager: Mounting plugin DatasmithContent
LogPluginManager: Mounting plugin VariantManagerContent
LogPluginManager: Mounting plugin AlembicImporter
LogPluginManager: Mounting plugin AppleImageUtils
LogPluginManager: Mounting plugin AppleVision
LogPluginManager: Mounting plugin BackChannel
LogPluginManager: Mounting plugin CharacterAI
LogPluginManager: Mounting plugin GeometryCache
LogPluginManager: Mounting plugin HTML5Networking
LogPluginManager: Mounting plugin ProxyLODPlugin
LogPluginManager: Mounting plugin MagicLeap
LogPluginManager: Mounting plugin MagicLeapMedia
LogPluginManager: Mounting plugin AndroidMedia
LogPluginManager: Mounting plugin AvfMedia
LogPluginManager: Mounting plugin ImgMedia
LogPluginManager: Mounting plugin LinearTimecode
LogPluginManager: Mounting plugin MediaCompositing
LogPluginManager: Mounting plugin MediaPlayerEditor
LogPluginManager: Mounting plugin WebMMedia
LogPluginManager: Mounting plugin WmfMedia
LogPluginManager: Mounting plugin TcpMessaging
LogPluginManager: Mounting plugin UdpMessaging
LogPluginManager: Mounting plugin ActorSequence
LogPluginManager: Mounting plugin LevelSequenceEditor
LogPluginManager: Mounting plugin MatineeToLevelSequence
LogPluginManager: Mounting plugin NetcodeUnitTest
LogPluginManager: Mounting plugin NUTUnrealEngine4
LogPluginManager: Mounting plugin OnlineSubsystemGooglePlay
LogPluginManager: Mounting plugin OnlineSubsystemIOS
LogPluginManager: Mounting plugin OnlineSubsystem
LogPluginManager: Mounting plugin OnlineSubsystemNull
LogPluginManager: Mounting plugin OnlineSubsystemUtils
LogPluginManager: Mounting plugin LauncherChunkInstaller
LogPluginManager: Mounting plugin AndroidDeviceProfileSelector
LogPluginManager: Mounting plugin AndroidMoviePlayer
LogPluginManager: Mounting plugin AndroidPermission
LogPluginManager: Mounting plugin AppleMoviePlayer
LogPluginManager: Mounting plugin ArchVisCharacter
LogPluginManager: Mounting plugin AudioCapture
LogPluginManager: Mounting plugin CableComponent
LogPluginManager: Mounting plugin CustomMeshComponent
LogPluginManager: Mounting plugin EditableMesh
LogPluginManager: Mounting plugin ExampleDeviceProfileSelector
LogPluginManager: Mounting plugin Firebase
LogPluginManager: Mounting plugin GoogleCloudMessaging
LogPluginManager: Mounting plugin IOSDeviceProfileSelector
LogPluginManager: Mounting plugin LinuxDeviceProfileSelector
LogPluginManager: Mounting plugin LocationServicesBPLibrary
LogPluginManager: Mounting plugin MobilePatchingUtils
LogPluginManager: Mounting plugin OculusVR
LogPluginManager: Mounting plugin PhysXVehicles
LogPluginManager: Mounting plugin ProceduralMeshComponent
LogPluginManager: Mounting plugin RuntimePhysXCooking
LogPluginManager: Mounting plugin SteamVR
LogPluginManager: Mounting plugin WebMMoviePlayer
LogPluginManager: Mounting plugin WindowsMoviePlayer
LogStreaming: Display: Took  0.079s to configure plugins.
LogInit: Using libcurl 7.55.1-DEV
LogInit:  - built for x86_64-pc-win32
LogInit:  - supports SSL with OpenSSL/1.0.2h
LogInit:  - supports HTTP deflate (compression) using libz 1.2.8
LogInit:  - other features:
LogInit:      CURL_VERSION_SSL
LogInit:      CURL_VERSION_LIBZ
LogInit:      CURL_VERSION_IPV6
LogInit:      CURL_VERSION_ASYNCHDNS
LogInit:      CURL_VERSION_LARGEFILE
LogInit:      CURL_VERSION_IDN
LogInit:  CurlRequestOptions (configurable via config and command line):
LogInit:  - bVerifyPeer = true  - Libcurl will verify peer certificate
LogInit:  - bUseHttpProxy = false  - Libcurl will NOT use HTTP proxy
LogInit:  - bDontReuseConnections = false  - Libcurl will reuse connections
LogInit:  - MaxHostConnections = 16  - Libcurl will limit the number of connections to a host
LogInit:  - LocalHostAddr = Default
LogInit:  - BufferSize = 65536
LogInit: WinSock: version 1.1 (2.2), MaxSocks=32767, MaxUdp=65467
LogInit: Build: ++UE4+Release-4.21-CL-4753647
LogInit: Engine Version: 4.21.2-4753647+++UE4+Release-4.21
LogInit: Compatible Engine Version: 4.21.0-4541578+++UE4+Release-4.21
LogInit: Net CL: 4541578
LogInit: OS: Windows 10 (), CPU: Intel(R) Core(TM) i7-8750H CPU @ 2.20GHz, GPU: Intel(R) UHD Graphics 630
LogInit: Compiled (64-bit): Jan 19 2019 02:07:31
LogInit: Compiled with Visual C++: 19.13.26129.00
LogInit: Build Configuration: Development
LogInit: Branch Name: ++UE4+Release-4.21
LogInit: Command Line:  -EpicPortal -epicusername=connsteele -epicuserid=ab42ae2a85794cd9ae0bb9c5fc3e9425 -epiclocale=en-US
LogInit: Base Directory: C:/Program Files/Epic Games/UE_4.21/Engine/Binaries/Win64/
LogInit: Installed Engine Build: 1
LogDevObjectVersion: Number of dev versions registered: 22
LogDevObjectVersion:   Dev-Blueprints (B0D832E4-1F89-4F0D-ACCF-7EB736FD4AA2): 10
LogDevObjectVersion:   Dev-Build (E1C64328-A22C-4D53-A36C-8E866417BD8C): 0
LogDevObjectVersion:   Dev-Core (375EC13C-06E4-48FB-B500-84F0262A717E): 2
LogDevObjectVersion:   Dev-Editor (E4B068ED-F494-42E9-A231-DA0B2E46BB41): 26
LogDevObjectVersion:   Dev-Framework (CFFC743F-43B0-4480-9391-14DF171D2073): 34
LogDevObjectVersion:   Dev-Mobile (B02B49B5-BB20-44E9-A304-32B752E40360): 2
LogDevObjectVersion:   Dev-Networking (A4E4105C-59A1-49B5-A7C5-40C4547EDFEE): 0
LogDevObjectVersion:   Dev-Online (39C831C9-5AE6-47DC-9A44-9C173E1C8E7C): 0
LogDevObjectVersion:   Dev-Physics (78F01B33-EBEA-4F98-B9B4-84EACCB95AA2): 0
LogDevObjectVersion:   Dev-Platform (6631380F-2D4D-43E0-8009-CF276956A95A): 0
LogDevObjectVersion:   Dev-Rendering (12F88B9F-8875-4AFC-A67C-D90C383ABD29): 27
LogDevObjectVersion:   Dev-Sequencer (7B5AE74C-D270-4C10-A958-57980B212A5A): 9
LogDevObjectVersion:   Dev-VR (D7296918-1DD6-4BDD-9DE2-64A83CC13884): 2
LogDevObjectVersion:   Dev-LoadTimes (C2A15278-BFE7-4AFE-6C17-90FF531DF755): 1
LogDevObjectVersion:   Private-Geometry (6EACA3D4-40EC-4CC1-B786-8BED09428FC5): 3
LogDevObjectVersion:   Dev-AnimPhys (29E575DD-E0A3-4627-9D10-D276232CDCEA): 17
LogDevObjectVersion:   Dev-Anim (AF43A65D-7FD3-4947-9873-3E8ED9C1BB05): 2
LogDevObjectVersion:   Dev-ReflectionCapture (6B266CEC-1EC7-4B8F-A30B-E4D90942FC07): 1
LogDevObjectVersion:   Dev-Automation (0DF73D61-A23F-47EA-B727-89E90C41499A): 1
LogDevObjectVersion:   FortniteMain (601D1886-AC64-4F84-AA16-D3DE0DEAC7D6): 17
LogDevObjectVersion:   Dev-Enterprise (9DFFBCD6-494F-0158-E221-12823C92A888): 4
LogDevObjectVersion:   Dev-Niagara (F2AED0AC-9AFE-416F-8664-AA7FFA26D6FC): 1
LogStreaming: Display: Took  0.003s to delete old logs.
LogInit: Presizing for max 8388607 objects, including 0 objects not considered by GC, pre-allocating 0 bytes for permanent pool.
LogInit: Object subsystem initialized
LogConfig: Setting CVar [[con.DebugEarlyDefault:1]]
LogConfig: Setting CVar [[r.setres:1280x720]]
[2019.02.04-02.39.14:478][  0]LogConfig: Setting CVar [[r.VSync:0]]
[2019.02.04-02.39.14:478][  0]LogConfig: Setting CVar [[r.RHICmdBypass:0]]
[2019.02.04-02.39.14:478][  0]LogConfig: Applying CVar settings from Section [/Script/Engine.RendererSettings] File [C:/Users/Connor/Documents/CP-School/Senior Project/GitRepos/Senior-Project-Testground-1/Prototype2/Saved/Config/Windows/Engine.ini]
[2019.02.04-02.39.14:478][  0]LogConfig: Setting CVar [[r.GPUCrashDebugging:0]]
[2019.02.04-02.39.14:478][  0]LogConfig: Applying CVar settings from Section [/Script/Engine.RendererOverrideSettings] File [C:/Users/Connor/Documents/CP-School/Senior Project/GitRepos/Senior-Project-Testground-1/Prototype2/Saved/Config/Windows/Engine.ini]
[2019.02.04-02.39.14:478][  0]LogConfig: Applying CVar settings from Section [/Script/Engine.StreamingSettings] File [C:/Users/Connor/Documents/CP-School/Senior Project/GitRepos/Senior-Project-Testground-1/Prototype2/Saved/Config/Windows/Engine.ini]
[2019.02.04-02.39.14:478][  0]LogConfig: Setting CVar [[s.MinBulkDataSizeForAsyncLoading:131072]]
[2019.02.04-02.39.14:478][  0]LogConfig: Setting CVar [[s.AsyncLoadingThreadEnabled:0]]
[2019.02.04-02.39.14:478][  0]LogConfig: Setting CVar [[s.EventDrivenLoaderEnabled:1]]
[2019.02.04-02.39.14:478][  0]LogConfig: Setting CVar [[s.WarnIfTimeLimitExceeded:0]]
[2019.02.04-02.39.14:478][  0]LogConfig: Setting CVar [[s.TimeLimitExceededMultiplier:1.5]]
[2019.02.04-02.39.14:478][  0]LogConfig: Setting CVar [[s.TimeLimitExceededMinTime:0.005]]
[2019.02.04-02.39.14:478][  0]LogConfig: Setting CVar [[s.UseBackgroundLevelStreaming:1]]
[2019.02.04-02.39.14:478][  0]LogConfig: Setting CVar [[s.PriorityAsyncLoadingExtraTime:15.0]]
[2019.02.04-02.39.14:478][  0]LogConfig: Setting CVar [[s.LevelStreamingActorsUpdateTimeLimit:5.0]]
[2019.02.04-02.39.14:478][  0]LogConfig: Setting CVar [[s.PriorityLevelStreamingActorsUpdateExtraTime:5.0]]
[2019.02.04-02.39.14:478][  0]LogConfig: Setting CVar [[s.LevelStreamingComponentsRegistrationGranularity:10]]
[2019.02.04-02.39.14:478][  0]LogConfig: Setting CVar [[s.UnregisterComponentsTimeLimit:1.0]]
[2019.02.04-02.39.14:478][  0]LogConfig: Setting CVar [[s.LevelStreamingComponentsUnregistrationGranularity:5]]
[2019.02.04-02.39.14:478][  0]LogConfig: Applying CVar settings from Section [/Script/Engine.GarbageCollectionSettings] File [C:/Users/Connor/Documents/CP-School/Senior Project/GitRepos/Senior-Project-Testground-1/Prototype2/Saved/Config/Windows/Engine.ini]
[2019.02.04-02.39.14:478][  0]LogConfig: Setting CVar [[gc.MaxObjectsNotConsideredByGC:1]]
[2019.02.04-02.39.14:478][  0]LogConfig: Setting CVar [[gc.SizeOfPermanentObjectPool:0]]
[2019.02.04-02.39.14:478][  0]LogConfig: Setting CVar [[gc.FlushStreamingOnGC:0]]
[2019.02.04-02.39.14:478][  0]LogConfig: Setting CVar [[gc.NumRetriesBeforeForcingGC:10]]
[2019.02.04-02.39.14:478][  0]LogConfig: Setting CVar [[gc.AllowParallelGC:1]]
[2019.02.04-02.39.14:478][  0]LogConfig: Setting CVar [[gc.TimeBetweenPurgingPendingKillObjects:61.1]]
[2019.02.04-02.39.14:478][  0]LogConfig: Setting CVar [[gc.MaxObjectsInEditor:8388607]]
[2019.02.04-02.39.14:478][  0]LogConfig: Setting CVar [[gc.IncrementalBeginDestroyEnabled:1]]
[2019.02.04-02.39.14:478][  0]LogConfig: Setting CVar [[gc.CreateGCClusters:1]]
[2019.02.04-02.39.14:478][  0]LogConfig: Setting CVar [[gc.MergeGCClusters:0]]
[2019.02.04-02.39.14:478][  0]LogConfig: Setting CVar [[gc.MinGCClusterSize:5]]
[2019.02.04-02.39.14:478][  0]LogConfig: Setting CVar [[gc.ActorClusteringEnabled:0]]
[2019.02.04-02.39.14:478][  0]LogConfig: Setting CVar [[gc.BlueprintClusteringEnabled:0]]
[2019.02.04-02.39.14:478][  0]LogConfig: Setting CVar [[gc.UseDisregardForGCOnDedicatedServers:0]]
[2019.02.04-02.39.14:478][  0]LogConfig: Applying CVar settings from Section [/Script/Engine.NetworkSettings] File [C:/Users/Connor/Documents/CP-School/Senior Project/GitRepos/Senior-Project-Testground-1/Prototype2/Saved/Config/Windows/Engine.ini]
[2019.02.04-02.39.14:478][  0]LogConfig: Applying CVar settings from Section [/Script/UnrealEd.CookerSettings] File [C:/Users/Connor/Documents/CP-School/Senior Project/GitRepos/Senior-Project-Testground-1/Prototype2/Saved/Config/Windows/Engine.ini]
[2019.02.04-02.39.14:480][  0]LogConfig: Applying CVar settings from Section [ViewDistanceQuality@3] File [C:/Users/Connor/Documents/CP-School/Senior Project/GitRepos/Senior-Project-Testground-1/Prototype2/Saved/Config/Windows/Scalability.ini]
[2019.02.04-02.39.14:480][  0]LogConfig: Setting CVar [[r.SkeletalMeshLODBias:0]]
[2019.02.04-02.39.14:480][  0]LogConfig: Setting CVar [[r.ViewDistanceScale:1.0]]
[2019.02.04-02.39.14:480][  0]LogConfig: Applying CVar settings from Section [AntiAliasingQuality@3] File [C:/Users/Connor/Documents/CP-School/Senior Project/GitRepos/Senior-Project-Testground-1/Prototype2/Saved/Config/Windows/Scalability.ini]
[2019.02.04-02.39.14:480][  0]LogConfig: Setting CVar [[r.PostProcessAAQuality:4]]
[2019.02.04-02.39.14:480][  0]LogConfig: Applying CVar settings from Section [ShadowQuality@3] File [C:/Users/Connor/Documents/CP-School/Senior Project/GitRepos/Senior-Project-Testground-1/Prototype2/Saved/Config/Windows/Scalability.ini]
[2019.02.04-02.39.14:480][  0]LogConfig: Setting CVar [[r.LightFunctionQuality:1]]
[2019.02.04-02.39.14:480][  0]LogConfig: Setting CVar [[r.ShadowQuality:5]]
[2019.02.04-02.39.14:480][  0]LogConfig: Setting CVar [[r.Shadow.CSM.MaxCascades:10]]
[2019.02.04-02.39.14:480][  0]LogConfig: Setting CVar [[r.Shadow.MaxResolution:2048]]
[2019.02.04-02.39.14:480][  0]LogConfig: Setting CVar [[r.Shadow.MaxCSMResolution:2048]]
[2019.02.04-02.39.14:480][  0]LogConfig: Setting CVar [[r.Shadow.RadiusThreshold:0.01]]
[2019.02.04-02.39.14:480][  0]LogConfig: Setting CVar [[r.Shadow.DistanceScale:1.0]]
[2019.02.04-02.39.14:480][  0]LogConfig: Setting CVar [[r.Shadow.CSM.TransitionScale:1.0]]
[2019.02.04-02.39.14:480][  0]LogConfig: Setting CVar [[r.Shadow.PreShadowResolutionFactor:1.0]]
[2019.02.04-02.39.14:480][  0]LogConfig: Setting CVar [[r.DistanceFieldShadowing:1]]
[2019.02.04-02.39.14:480][  0]LogConfig: Setting CVar [[r.DistanceFieldAO:1]]
[2019.02.04-02.39.14:480][  0]LogConfig: Setting CVar [[r.AOQuality:2]]
[2019.02.04-02.39.14:481][  0]LogConfig: Setting CVar [[r.VolumetricFog:1]]
[2019.02.04-02.39.14:481][  0]LogConfig: Setting CVar [[r.VolumetricFog.GridPixelSize:8]]
[2019.02.04-02.39.14:481][  0]LogConfig: Setting CVar [[r.VolumetricFog.GridSizeZ:128]]
[2019.02.04-02.39.14:481][  0]LogConfig: Setting CVar [[r.VolumetricFog.HistoryMissSupersampleCount:4]]
[2019.02.04-02.39.14:481][  0]LogConfig: Setting CVar [[r.LightMaxDrawDistanceScale:1]]
[2019.02.04-02.39.14:481][  0]LogConfig: Setting CVar [[r.CapsuleShadows:1]]
[2019.02.04-02.39.14:481][  0]LogConfig: Applying CVar settings from Section [PostProcessQuality@3] File [C:/Users/Connor/Documents/CP-School/Senior Project/GitRepos/Senior-Project-Testground-1/Prototype2/Saved/Config/Windows/Scalability.ini]
[2019.02.04-02.39.14:481][  0]LogConfig: Setting CVar [[r.MotionBlurQuality:4]]
[2019.02.04-02.39.14:481][  0]LogConfig: Setting CVar [[r.AmbientOcclusionMipLevelFactor:0.4]]
[2019.02.04-02.39.14:481][  0]LogConfig: Setting CVar [[r.AmbientOcclusionMaxQuality:100]]
[2019.02.04-02.39.14:481][  0]LogConfig: Setting CVar [[r.AmbientOcclusionLevels:-1]]
[2019.02.04-02.39.14:481][  0]LogConfig: Setting CVar [[r.AmbientOcclusionRadiusScale:1.0]]
[2019.02.04-02.39.14:481][  0]LogConfig: Setting CVar [[r.DepthOfFieldQuality:2]]
[2019.02.04-02.39.14:481][  0]LogConfig: Setting CVar [[r.RenderTargetPoolMin:400]]
[2019.02.04-02.39.14:481][  0]LogConfig: Setting CVar [[r.LensFlareQuality:2]]
[2019.02.04-02.39.14:481][  0]LogConfig: Setting CVar [[r.SceneColorFringeQuality:1]]
[2019.02.04-02.39.14:481][  0]LogConfig: Setting CVar [[r.EyeAdaptationQuality:2]]
[2019.02.04-02.39.14:481][  0]LogConfig: Setting CVar [[r.BloomQuality:5]]
[2019.02.04-02.39.14:481][  0]LogConfig: Setting CVar [[r.FastBlurThreshold:100]]
[2019.02.04-02.39.14:481][  0]LogConfig: Setting CVar [[r.Upscale.Quality:3]]
[2019.02.04-02.39.14:481][  0]LogConfig: Setting CVar [[r.Tonemapper.GrainQuantization:1]]
[2019.02.04-02.39.14:481][  0]LogConfig: Setting CVar [[r.LightShaftQuality:1]]
[2019.02.04-02.39.14:481][  0]LogConfig: Setting CVar [[r.Filter.SizeScale:1]]
[2019.02.04-02.39.14:481][  0]LogConfig: Setting CVar [[r.Tonemapper.Quality:5]]
[2019.02.04-02.39.14:481][  0]LogConfig: Setting CVar [[r.DOF.Gather.AccumulatorQuality:1        ; higher gathering accumulator quality]]
[2019.02.04-02.39.14:481][  0]LogConfig: Setting CVar [[r.DOF.Gather.PostfilterMethod:1          ; Median3x3 postfilering method]]
[2019.02.04-02.39.14:481][  0]LogConfig: Setting CVar [[r.DOF.Gather.EnableBokehSettings:0       ; no bokeh simulation when gathering]]
[2019.02.04-02.39.14:481][  0]LogConfig: Setting CVar [[r.DOF.Gather.RingCount:4                 ; medium number of samples when gathering]]
[2019.02.04-02.39.14:481][  0]LogConfig: Setting CVar [[r.DOF.Scatter.ForegroundCompositing:1    ; additive foreground scattering]]
[2019.02.04-02.39.14:481][  0]LogConfig: Setting CVar [[r.DOF.Scatter.BackgroundCompositing:2    ; additive background scattering]]
[2019.02.04-02.39.14:481][  0]LogConfig: Setting CVar [[r.DOF.Scatter.EnableBokehSettings:1      ; bokeh simulation when scattering]]
[2019.02.04-02.39.14:481][  0]LogConfig: Setting CVar [[r.DOF.Scatter.MaxSpriteRatio:0.1         ; only a maximum of 10% of scattered bokeh]]
[2019.02.04-02.39.14:481][  0]LogConfig: Setting CVar [[r.DOF.Recombine.Quality:1                ; cheap slight out of focus]]
[2019.02.04-02.39.14:481][  0]LogConfig: Setting CVar [[r.DOF.Recombine.EnableBokehSettings:0    ; no bokeh simulation on slight out of focus]]
[2019.02.04-02.39.14:481][  0]LogConfig: Setting CVar [[r.DOF.TemporalAAQuality:1                ; more stable temporal accumulation]]
[2019.02.04-02.39.14:481][  0]LogConfig: Setting CVar [[r.DOF.Kernel.MaxForegroundRadius:0.025]]
[2019.02.04-02.39.14:481][  0]LogConfig: Setting CVar [[r.DOF.Kernel.MaxBackgroundRadius:0.025]]
[2019.02.04-02.39.14:481][  0]LogConfig: Applying CVar settings from Section [TextureQuality@3] File [C:/Users/Connor/Documents/CP-School/Senior Project/GitRepos/Senior-Project-Testground-1/Prototype2/Saved/Config/Windows/Scalability.ini]
[2019.02.04-02.39.14:481][  0]LogConfig: Setting CVar [[r.Streaming.MipBias:0]]
[2019.02.04-02.39.14:481][  0]LogConfig: Setting CVar [[r.Streaming.AmortizeCPUToGPUCopy:0]]
[2019.02.04-02.39.14:481][  0]LogConfig: Setting CVar [[r.Streaming.MaxNumTexturesToStreamPerFrame:0]]
[2019.02.04-02.39.14:481][  0]LogConfig: Setting CVar [[r.Streaming.Boost:1]]
[2019.02.04-02.39.14:481][  0]LogConfig: Setting CVar [[r.MaxAnisotropy:8]]
[2019.02.04-02.39.14:481][  0]LogConfig: Setting CVar [[r.Streaming.LimitPoolSizeToVRAM:0]]
[2019.02.04-02.39.14:481][  0]LogConfig: Setting CVar [[r.Streaming.PoolSize:1000]]
[2019.02.04-02.39.14:481][  0]LogConfig: Setting CVar [[r.Streaming.MaxEffectiveScreenSize:0]]
[2019.02.04-02.39.14:481][  0]LogConfig: Applying CVar settings from Section [EffectsQuality@3] File [C:/Users/Connor/Documents/CP-School/Senior Project/GitRepos/Senior-Project-Testground-1/Prototype2/Saved/Config/Windows/Scalability.ini]
[2019.02.04-02.39.14:481][  0]LogConfig: Setting CVar [[r.TranslucencyLightingVolumeDim:64]]
[2019.02.04-02.39.14:481][  0]LogConfig: Setting CVar [[r.RefractionQuality:2]]
[2019.02.04-02.39.14:481][  0]LogConfig: Setting CVar [[r.SSR.Quality:3]]
[2019.02.04-02.39.14:481][  0]LogConfig: Setting CVar [[r.SceneColorFormat:4]]
[2019.02.04-02.39.14:481][  0]LogConfig: Setting CVar [[r.DetailMode:2]]
[2019.02.04-02.39.14:481][  0]LogConfig: Setting CVar [[r.TranslucencyVolumeBlur:1]]
[2019.02.04-02.39.14:481][  0]LogConfig: Setting CVar [[r.MaterialQualityLevel:1 ; High quality]]
[2019.02.04-02.39.14:481][  0]LogConfig: Setting CVar [[r.SSS.Scale:1]]
[2019.02.04-02.39.14:481][  0]LogConfig: Setting CVar [[r.SSS.SampleSet:2]]
[2019.02.04-02.39.14:481][  0]LogConfig: Setting CVar [[r.SSS.Quality:1]]
[2019.02.04-02.39.14:481][  0]LogConfig: Setting CVar [[r.SSS.HalfRes:1]]
[2019.02.04-02.39.14:481][  0]LogConfig: Setting CVar [[r.EmitterSpawnRateScale:1.0]]
[2019.02.04-02.39.14:481][  0]LogConfig: Setting CVar [[r.ParticleLightQuality:2]]
[2019.02.04-02.39.14:481][  0]LogConfig: Applying CVar settings from Section [FoliageQuality@3] File [C:/Users/Connor/Documents/CP-School/Senior Project/GitRepos/Senior-Project-Testground-1/Prototype2/Saved/Config/Windows/Scalability.ini]
[2019.02.04-02.39.14:481][  0]LogConfig: Setting CVar [[foliage.DensityScale:1.0]]
[2019.02.04-02.39.14:481][  0]LogConfig: Setting CVar [[grass.DensityScale:1.0]]
[2019.02.04-02.39.14:481][  0]LogInit: Selected Device Profile: [Windows]
[2019.02.04-02.39.14:481][  0]LogInit: Applying CVar settings loaded from the selected device profile: [Windows]
[2019.02.04-02.39.14:493][  0]LogHAL: Display: Platform has ~ 16 GB [17018798080 / 17179869184 / 16], which maps to Larger [LargestMinGB=32, LargerMinGB=12, DefaultMinGB=8, SmallerMinGB=6, SmallestMinGB=0)
[2019.02.04-02.39.14:493][  0]LogConfig: Setting CVar [[r.Vulkan.UseRealUBs:1]]
[2019.02.04-02.39.14:493][  0]LogInit: Going up to parent DeviceProfile []
[2019.02.04-02.39.14:494][  0]LogConfig: Applying CVar settings from Section [ViewDistanceQuality@3] File [C:/Users/Connor/Documents/CP-School/Senior Project/GitRepos/Senior-Project-Testground-1/Prototype2/Saved/Config/Windows/Scalability.ini]
[2019.02.04-02.39.14:494][  0]LogConfig: Setting CVar [[r.SkeletalMeshLODBias:0]]
[2019.02.04-02.39.14:494][  0]LogConfig: Setting CVar [[r.ViewDistanceScale:1.0]]
[2019.02.04-02.39.14:494][  0]LogConfig: Applying CVar settings from Section [AntiAliasingQuality@3] File [C:/Users/Connor/Documents/CP-School/Senior Project/GitRepos/Senior-Project-Testground-1/Prototype2/Saved/Config/Windows/Scalability.ini]
[2019.02.04-02.39.14:494][  0]LogConfig: Setting CVar [[r.PostProcessAAQuality:4]]
[2019.02.04-02.39.14:494][  0]LogConfig: Applying CVar settings from Section [ShadowQuality@3] File [C:/Users/Connor/Documents/CP-School/Senior Project/GitRepos/Senior-Project-Testground-1/Prototype2/Saved/Config/Windows/Scalability.ini]
[2019.02.04-02.39.14:494][  0]LogConfig: Setting CVar [[r.LightFunctionQuality:1]]
[2019.02.04-02.39.14:494][  0]LogConfig: Setting CVar [[r.ShadowQuality:5]]
[2019.02.04-02.39.14:494][  0]LogConfig: Setting CVar [[r.Shadow.CSM.MaxCascades:10]]
[2019.02.04-02.39.14:494][  0]LogConfig: Setting CVar [[r.Shadow.MaxResolution:2048]]
[2019.02.04-02.39.14:494][  0]LogConfig: Setting CVar [[r.Shadow.MaxCSMResolution:2048]]
[2019.02.04-02.39.14:494][  0]LogConfig: Setting CVar [[r.Shadow.RadiusThreshold:0.01]]
[2019.02.04-02.39.14:494][  0]LogConfig: Setting CVar [[r.Shadow.DistanceScale:1.0]]
[2019.02.04-02.39.14:494][  0]LogConfig: Setting CVar [[r.Shadow.CSM.TransitionScale:1.0]]
[2019.02.04-02.39.14:494][  0]LogConfig: Setting CVar [[r.Shadow.PreShadowResolutionFactor:1.0]]
[2019.02.04-02.39.14:494][  0]LogConfig: Setting CVar [[r.DistanceFieldShadowing:1]]
[2019.02.04-02.39.14:494][  0]LogConfig: Setting CVar [[r.DistanceFieldAO:1]]
[2019.02.04-02.39.14:494][  0]LogConfig: Setting CVar [[r.AOQuality:2]]
[2019.02.04-02.39.14:494][  0]LogConfig: Setting CVar [[r.VolumetricFog:1]]
[2019.02.04-02.39.14:494][  0]LogConfig: Setting CVar [[r.VolumetricFog.GridPixelSize:8]]
[2019.02.04-02.39.14:494][  0]LogConfig: Setting CVar [[r.VolumetricFog.GridSizeZ:128]]
[2019.02.04-02.39.14:494][  0]LogConfig: Setting CVar [[r.VolumetricFog.HistoryMissSupersampleCount:4]]
[2019.02.04-02.39.14:494][  0]LogConfig: Setting CVar [[r.LightMaxDrawDistanceScale:1]]
[2019.02.04-02.39.14:494][  0]LogConfig: Setting CVar [[r.CapsuleShadows:1]]
[2019.02.04-02.39.14:494][  0]LogConfig: Applying CVar settings from Section [PostProcessQuality@3] File [C:/Users/Connor/Documents/CP-School/Senior Project/GitRepos/Senior-Project-Testground-1/Prototype2/Saved/Config/Windows/Scalability.ini]
[2019.02.04-02.39.14:494][  0]LogConfig: Setting CVar [[r.MotionBlurQuality:4]]
[2019.02.04-02.39.14:494][  0]LogConfig: Setting CVar [[r.AmbientOcclusionMipLevelFactor:0.4]]
[2019.02.04-02.39.14:494][  0]LogConfig: Setting CVar [[r.AmbientOcclusionMaxQuality:100]]
[2019.02.04-02.39.14:494][  0]LogConfig: Setting CVar [[r.AmbientOcclusionLevels:-1]]
[2019.02.04-02.39.14:494][  0]LogConfig: Setting CVar [[r.AmbientOcclusionRadiusScale:1.0]]
[2019.02.04-02.39.14:494][  0]LogConfig: Setting CVar [[r.DepthOfFieldQuality:2]]
[2019.02.04-02.39.14:494][  0]LogConfig: Setting CVar [[r.RenderTargetPoolMin:400]]
[2019.02.04-02.39.14:494][  0]LogConfig: Setting CVar [[r.LensFlareQuality:2]]
[2019.02.04-02.39.14:494][  0]LogConfig: Setting CVar [[r.SceneColorFringeQuality:1]]
[2019.02.04-02.39.14:494][  0]LogConfig: Setting CVar [[r.EyeAdaptationQuality:2]]
[2019.02.04-02.39.14:494][  0]LogConfig: Setting CVar [[r.BloomQuality:5]]
[2019.02.04-02.39.14:494][  0]LogConfig: Setting CVar [[r.FastBlurThreshold:100]]
[2019.02.04-02.39.14:494][  0]LogConfig: Setting CVar [[r.Upscale.Quality:3]]
[2019.02.04-02.39.14:494][  0]LogConfig: Setting CVar [[r.Tonemapper.GrainQuantization:1]]
[2019.02.04-02.39.14:494][  0]LogConfig: Setting CVar [[r.LightShaftQuality:1]]
[2019.02.04-02.39.14:494][  0]LogConfig: Setting CVar [[r.Filter.SizeScale:1]]
[2019.02.04-02.39.14:494][  0]LogConfig: Setting CVar [[r.Tonemapper.Quality:5]]
[2019.02.04-02.39.14:494][  0]LogConfig: Setting CVar [[r.DOF.Gather.AccumulatorQuality:1        ; higher gathering accumulator quality]]
[2019.02.04-02.39.14:494][  0]LogConfig: Setting CVar [[r.DOF.Gather.PostfilterMethod:1          ; Median3x3 postfilering method]]
[2019.02.04-02.39.14:494][  0]LogConfig: Setting CVar [[r.DOF.Gather.EnableBokehSettings:0       ; no bokeh simulation when gathering]]
[2019.02.04-02.39.14:494][  0]LogConfig: Setting CVar [[r.DOF.Gather.RingCount:4                 ; medium number of samples when gathering]]
[2019.02.04-02.39.14:494][  0]LogConfig: Setting CVar [[r.DOF.Scatter.ForegroundCompositing:1    ; additive foreground scattering]]
[2019.02.04-02.39.14:494][  0]LogConfig: Setting CVar [[r.DOF.Scatter.BackgroundCompositing:2    ; additive background scattering]]
[2019.02.04-02.39.14:494][  0]LogConfig: Setting CVar [[r.DOF.Scatter.EnableBokehSettings:1      ; bokeh simulation when scattering]]
[2019.02.04-02.39.14:494][  0]LogConfig: Setting CVar [[r.DOF.Scatter.MaxSpriteRatio:0.1         ; only a maximum of 10% of scattered bokeh]]
[2019.02.04-02.39.14:494][  0]LogConfig: Setting CVar [[r.DOF.Recombine.Quality:1                ; cheap slight out of focus]]
[2019.02.04-02.39.14:494][  0]LogConfig: Setting CVar [[r.DOF.Recombine.EnableBokehSettings:0    ; no bokeh simulation on slight out of focus]]
[2019.02.04-02.39.14:494][  0]LogConfig: Setting CVar [[r.DOF.TemporalAAQuality:1                ; more stable temporal accumulation]]
[2019.02.04-02.39.14:494][  0]LogConfig: Setting CVar [[r.DOF.Kernel.MaxForegroundRadius:0.025]]
[2019.02.04-02.39.14:494][  0]LogConfig: Setting CVar [[r.DOF.Kernel.MaxBackgroundRadius:0.025]]
[2019.02.04-02.39.14:494][  0]LogConfig: Applying CVar settings from Section [TextureQuality@3] File [C:/Users/Connor/Documents/CP-School/Senior Project/GitRepos/Senior-Project-Testground-1/Prototype2/Saved/Config/Windows/Scalability.ini]
[2019.02.04-02.39.14:494][  0]LogConfig: Setting CVar [[r.Streaming.MipBias:0]]
[2019.02.04-02.39.14:494][  0]LogConfig: Setting CVar [[r.Streaming.AmortizeCPUToGPUCopy:0]]
[2019.02.04-02.39.14:494][  0]LogConfig: Setting CVar [[r.Streaming.MaxNumTexturesToStreamPerFrame:0]]
[2019.02.04-02.39.14:494][  0]LogConfig: Setting CVar [[r.Streaming.Boost:1]]
[2019.02.04-02.39.14:494][  0]LogConfig: Setting CVar [[r.MaxAnisotropy:8]]
[2019.02.04-02.39.14:494][  0]LogConfig: Setting CVar [[r.Streaming.LimitPoolSizeToVRAM:0]]
[2019.02.04-02.39.14:494][  0]LogConfig: Setting CVar [[r.Streaming.PoolSize:1000]]
[2019.02.04-02.39.14:494][  0]LogConfig: Setting CVar [[r.Streaming.MaxEffectiveScreenSize:0]]
[2019.02.04-02.39.14:494][  0]LogConfig: Applying CVar settings from Section [EffectsQuality@3] File [C:/Users/Connor/Documents/CP-School/Senior Project/GitRepos/Senior-Project-Testground-1/Prototype2/Saved/Config/Windows/Scalability.ini]
[2019.02.04-02.39.14:494][  0]LogConfig: Setting CVar [[r.TranslucencyLightingVolumeDim:64]]
[2019.02.04-02.39.14:494][  0]LogConfig: Setting CVar [[r.RefractionQuality:2]]
[2019.02.04-02.39.14:494][  0]LogConfig: Setting CVar [[r.SSR.Quality:3]]
[2019.02.04-02.39.14:494][  0]LogConfig: Setting CVar [[r.SceneColorFormat:4]]
[2019.02.04-02.39.14:494][  0]LogConfig: Setting CVar [[r.DetailMode:2]]
[2019.02.04-02.39.14:494][  0]LogConfig: Setting CVar [[r.TranslucencyVolumeBlur:1]]
[2019.02.04-02.39.14:494][  0]LogConfig: Setting CVar [[r.MaterialQualityLevel:1 ; High quality]]
[2019.02.04-02.39.14:494][  0]LogConfig: Setting CVar [[r.SSS.Scale:1]]
[2019.02.04-02.39.14:494][  0]LogConfig: Setting CVar [[r.SSS.SampleSet:2]]
[2019.02.04-02.39.14:494][  0]LogConfig: Setting CVar [[r.SSS.Quality:1]]
[2019.02.04-02.39.14:494][  0]LogConfig: Setting CVar [[r.SSS.HalfRes:1]]
[2019.02.04-02.39.14:494][  0]LogConfig: Setting CVar [[r.EmitterSpawnRateScale:1.0]]
[2019.02.04-02.39.14:494][  0]LogConfig: Setting CVar [[r.ParticleLightQuality:2]]
[2019.02.04-02.39.14:494][  0]LogConfig: Applying CVar settings from Section [FoliageQuality@3] File [C:/Users/Connor/Documents/CP-School/Senior Project/GitRepos/Senior-Project-Testground-1/Prototype2/Saved/Config/Windows/Scalability.ini]
[2019.02.04-02.39.14:494][  0]LogConfig: Setting CVar [[foliage.DensityScale:1.0]]
[2019.02.04-02.39.14:494][  0]LogConfig: Setting CVar [[grass.DensityScale:1.0]]
[2019.02.04-02.39.14:495][  0]LogConfig: Applying CVar settings from Section [Startup] File [../../../Engine/Config/ConsoleVariables.ini]
[2019.02.04-02.39.14:495][  0]LogConfig: Setting CVar [[net.UseAdaptiveNetUpdateFrequency:0]]
[2019.02.04-02.39.14:495][  0]LogConfig: Applying CVar settings from Section [ConsoleVariables] File [C:/Users/Connor/Documents/CP-School/Senior Project/GitRepos/Senior-Project-Testground-1/Prototype2/Saved/Config/Windows/Engine.ini]
[2019.02.04-02.39.14:495][  0]LogInit: Computer: UNIT-01-CON
[2019.02.04-02.39.14:495][  0]LogInit: User: Connor
[2019.02.04-02.39.14:495][  0]LogInit: CPU Page size=4096, Cores=6
[2019.02.04-02.39.14:495][  0]LogInit: High frequency timer resolution =2.156253 MHz
[2019.02.04-02.39.14:495][  0]LogMemory: Memory total: Physical=15.8GB (16GB approx)
[2019.02.04-02.39.14:495][  0]LogMemory: Platform Memory Stats for Windows
[2019.02.04-02.39.14:495][  0]LogMemory: Process Physical Memory: 103.54 MB used, 103.54 MB peak
[2019.02.04-02.39.14:495][  0]LogMemory: Process Virtual Memory: 86.63 MB used, 86.63 MB peak
[2019.02.04-02.39.14:495][  0]LogMemory: Physical Memory: 6959.55 MB used,  9270.84 MB free, 16230.39 MB total
[2019.02.04-02.39.14:495][  0]LogMemory: Virtual Memory: 4665.05 MB used,  134213064.00 MB free, 134217728.00 MB total
[2019.02.04-02.39.14:512][  0]LogInit: Using OS detected language (en-US).
[2019.02.04-02.39.14:512][  0]LogInit: Using OS detected locale (en-US).
[2019.02.04-02.39.14:513][  0]LogTextLocalizationManager: No specific localization for 'en-US' exists, so the 'en' localization will be used.
[2019.02.04-02.39.14:844][  0]LogStreaming: Display: Took  0.332s to InitEngineTextLocalization.
[2019.02.04-02.39.14:878][  0]LogSlate: New Slate User Created.  User Index 0, Is Virtual User: 0
[2019.02.04-02.39.14:878][  0]LogSlate: Slate User Registered.  User Index 0, Is Virtual User: 0
[2019.02.04-02.39.15:056][  0]LogHMD: Failed to initialize OpenVR with code 110
[2019.02.04-02.39.15:056][  0]LogD3D11RHI: D3D11 adapters:
[2019.02.04-02.39.15:119][  0]LogD3D11RHI:    0. 'NVIDIA GeForce GTX 1070 with Max-Q Design' (Feature Level 11_0)
[2019.02.04-02.39.15:119][  0]LogD3D11RHI:       8081/0/8115 MB DedicatedVideo/DedicatedSystem/SharedSystem, Outputs:1, VendorId:0x10de
[2019.02.04-02.39.15:132][  0]LogD3D11RHI:    1. 'Intel(R) UHD Graphics 630' (Feature Level 11_0)
[2019.02.04-02.39.15:132][  0]LogD3D11RHI:       128/0/8115 MB DedicatedVideo/DedicatedSystem/SharedSystem, Outputs:0, VendorId:0x8086
[2019.02.04-02.39.15:134][  0]LogD3D11RHI:    2. 'Microsoft Basic Render Driver' (Feature Level 11_0)
[2019.02.04-02.39.15:134][  0]LogD3D11RHI:       0/0/8115 MB DedicatedVideo/DedicatedSystem/SharedSystem, Outputs:0, VendorId:0x1414
[2019.02.04-02.39.15:134][  0]LogD3D11RHI: Chosen D3D11 Adapter: 0
[2019.02.04-02.39.15:157][  0]LogD3D11RHI: Creating new Direct3DDevice
[2019.02.04-02.39.15:157][  0]LogD3D11RHI:     GPU DeviceId: 0x1ba1 (for the marketing name, search the web for "GPU Device Id")
[2019.02.04-02.39.15:157][  0]LogWindows: EnumDisplayDevices:
[2019.02.04-02.39.15:158][  0]LogWindows:    0. 'Intel(R) UHD Graphics 630' (P:1 D:1)
[2019.02.04-02.39.15:158][  0]LogWindows:    1. 'Intel(R) UHD Graphics 630' (P:0 D:0)
[2019.02.04-02.39.15:158][  0]LogWindows:    2. 'Intel(R) UHD Graphics 630' (P:0 D:0)
[2019.02.04-02.39.15:158][  0]LogWindows:    3. 'NVIDIA GeForce GTX 1070 with Max-Q Design' (P:0 D:0)
[2019.02.04-02.39.15:158][  0]LogWindows:    4. 'NVIDIA GeForce GTX 1070 with Max-Q Design' (P:0 D:0)
[2019.02.04-02.39.15:158][  0]LogWindows:    5. 'NVIDIA GeForce GTX 1070 with Max-Q Design' (P:0 D:0)
[2019.02.04-02.39.15:159][  0]LogWindows:    6. 'NVIDIA GeForce GTX 1070 with Max-Q Design' (P:0 D:0)
[2019.02.04-02.39.15:159][  0]LogWindows: DebugString: PrimaryIsNotTheChoosenAdapter PrimaryIsNotTheChoosenAdapter PrimaryIsNotTheChoosenAdapter FoundDriverCount:4 
[2019.02.04-02.39.15:159][  0]LogD3D11RHI:     Adapter Name: NVIDIA GeForce GTX 1070 with Max-Q Design
[2019.02.04-02.39.15:159][  0]LogD3D11RHI:   Driver Version: 416.34 (internal:25.21.14.1634, unified:416.34)
[2019.02.04-02.39.15:159][  0]LogD3D11RHI:      Driver Date: 10-10-2018
[2019.02.04-02.39.15:159][  0]LogRHI: Texture pool is 5656 MB (70% of 8081 MB)
[2019.02.04-02.39.15:197][  0]LogD3D11RHI: Async texture creation enabled
[2019.02.04-02.39.15:226][  0]LogD3D11RHI: GPU Timing Frequency: 1000.000000 (Debug: 2 2)
[2019.02.04-02.39.15:470][  0]LogTemp: Display: Loaded TP AllDesktopTargetPlatform
[2019.02.04-02.39.15:481][  0]LogTemp: Display: Loaded TP MacClientTargetPlatform
[2019.02.04-02.39.15:491][  0]LogTemp: Display: Loaded TP MacNoEditorTargetPlatform
[2019.02.04-02.39.15:502][  0]LogTemp: Display: Loaded TP MacServerTargetPlatform
[2019.02.04-02.39.15:513][  0]LogTemp: Display: Loaded TP MacTargetPlatform
[2019.02.04-02.39.15:524][  0]LogTemp: Display: Loaded TP WindowsClientTargetPlatform
[2019.02.04-02.39.15:535][  0]LogTemp: Display: Loaded TP WindowsNoEditorTargetPlatform
[2019.02.04-02.39.15:546][  0]LogTemp: Display: Loaded TP WindowsServerTargetPlatform
[2019.02.04-02.39.15:551][  0]LogTemp: Display: Loaded TP WindowsTargetPlatform
[2019.02.04-02.39.15:613][  0]LogTemp: Display: Loaded TP AndroidTargetPlatform
[2019.02.04-02.39.15:613][  0]LogTemp: Display: Loaded TP AndroidTargetPlatform
[2019.02.04-02.39.15:613][  0]LogTemp: Display: Loaded TP AndroidTargetPlatform
[2019.02.04-02.39.15:613][  0]LogTemp: Display: Loaded TP AndroidTargetPlatform
[2019.02.04-02.39.15:613][  0]LogTemp: Display: Loaded TP AndroidTargetPlatform
[2019.02.04-02.39.15:613][  0]LogTemp: Display: Loaded TP AndroidTargetPlatform
[2019.02.04-02.39.15:613][  0]LogTemp: Display: Loaded TP AndroidTargetPlatform
[2019.02.04-02.39.15:613][  0]LogTemp: Display: Loaded TP AndroidTargetPlatform
[2019.02.04-02.39.15:613][  0]LogTemp: Display: Loaded TP AndroidTargetPlatform
[2019.02.04-02.39.15:613][  0]LogTemp: Display: Loaded TP AndroidTargetPlatform
[2019.02.04-02.39.15:613][  0]LogTemp: Display: Loaded TP AndroidTargetPlatform
[2019.02.04-02.39.15:613][  0]LogTemp: Display: Loaded TP AndroidTargetPlatform
[2019.02.04-02.39.15:613][  0]LogTemp: Display: Loaded TP AndroidTargetPlatform
[2019.02.04-02.39.15:613][  0]LogTemp: Display: Loaded TP AndroidTargetPlatform
[2019.02.04-02.39.15:613][  0]LogTemp: Display: Loaded TP AndroidTargetPlatform
[2019.02.04-02.39.15:613][  0]LogTemp: Display: Loaded TP AndroidTargetPlatform
[2019.02.04-02.39.15:613][  0]LogTemp: Display: Loaded TP AndroidTargetPlatform
[2019.02.04-02.39.15:613][  0]LogTemp: Display: Loaded TP AndroidTargetPlatform
[2019.02.04-02.39.15:614][  0]LogTemp: Display: Loaded TP HTML5TargetPlatform
[2019.02.04-02.39.15:669][  0]LogTemp: Display: Loaded TP IOSTargetPlatform
[2019.02.04-02.39.15:669][  0]LogTemp: Display: Loaded TP IOSTargetPlatform
[2019.02.04-02.39.15:687][  0]LogTemp: Display: Loaded TP TVOSTargetPlatform
[2019.02.04-02.39.15:687][  0]LogTemp: Display: Loaded TP TVOSTargetPlatform
[2019.02.04-02.39.15:697][  0]LogTemp: Display: Loaded TP LinuxClientTargetPlatform
[2019.02.04-02.39.15:707][  0]LogTemp: Display: Loaded TP LinuxNoEditorTargetPlatform
[2019.02.04-02.39.15:718][  0]LogTemp: Display: Loaded TP LinuxServerTargetPlatform
[2019.02.04-02.39.15:728][  0]LogTemp: Display: Loaded TP LinuxTargetPlatform
[2019.02.04-02.39.15:763][  0]LogTemp: Display: Loaded TP LuminTargetPlatform
[2019.02.04-02.39.15:763][  0]LogTemp: Display: Loaded TP LuminTargetPlatform
[2019.02.04-02.39.15:763][  0]LogTargetPlatformManager: Display: Building Assets For Windows
[2019.02.04-02.39.15:814][  0]LogShaderCompilers: Guid format shader working directory is -67 characters bigger than the processId version (../../../../../../Users/Connor/Documents/CP-School/Senior Project/GitRepos/Senior-Project-Testground-1/Prototype2/Intermediate/Shaders/WorkingDirectory/11684/).
[2019.02.04-02.39.15:814][  0]LogShaderCompilers: Cleaned the shader compiler working directory 'C:/Users/Connor/AppData/Local/Temp/UnrealShaderWorkingDir/E381349F483BD606DD9669B24E9BF313/'.
[2019.02.04-02.39.15:816][  0]LogXGEController: Cannot use XGE Controller as Incredibuild is not installed on this machine.
[2019.02.04-02.39.15:816][  0]LogShaderCompilers: Cannot use XGE Shader Compiler as Incredibuild is not installed on this machine.
[2019.02.04-02.39.15:816][  0]LogShaderCompilers: Display: Using Local Shader Compiler.
[2019.02.04-02.39.16:256][  0]LogDerivedDataCache: Display: Max Cache Size: 512 MB
[2019.02.04-02.39.16:298][  0]LogDerivedDataCache: Loaded boot cache 0.04s 71MB C:/Users/Connor/AppData/Local/UnrealEngine/4.21/DerivedDataCache/Boot.ddc.
[2019.02.04-02.39.16:298][  0]LogDerivedDataCache: Display: Loaded Boot cache: C:/Users/Connor/AppData/Local/UnrealEngine/4.21/DerivedDataCache/Boot.ddc
[2019.02.04-02.39.16:298][  0]LogDerivedDataCache: FDerivedDataBackendGraph:  Pak pak cache file ../../../../../../Users/Connor/Documents/CP-School/Senior Project/GitRepos/Senior-Project-Testground-1/Prototype2/DerivedDataCache/DDC.ddp not found, will not use a pak cache.
[2019.02.04-02.39.16:298][  0]LogDerivedDataCache: Unable to find inner node Pak for hierarchical cache Hierarchy.
[2019.02.04-02.39.16:298][  0]LogDerivedDataCache: FDerivedDataBackendGraph:  CompressedPak pak cache file ../../../../../../Users/Connor/Documents/CP-School/Senior Project/GitRepos/Senior-Project-Testground-1/Prototype2/DerivedDataCache/Compressed.ddp not found, will not use a pak cache.
[2019.02.04-02.39.16:298][  0]LogDerivedDataCache: Unable to find inner node CompressedPak for hierarchical cache Hierarchy.
[2019.02.04-02.39.16:309][  0]LogDerivedDataCache: Display: Pak cache opened for reading ../../../Engine/DerivedDataCache/Compressed.ddp.
[2019.02.04-02.39.16:309][  0]LogDerivedDataCache: FDerivedDataBackendGraph:  EnterprisePak pak cache file ../../../Enterprise/DerivedDataCache/Compressed.ddp not found, will not use a pak cache.
[2019.02.04-02.39.16:309][  0]LogDerivedDataCache: Unable to find inner node EnterprisePak for hierarchical cache Hierarchy.
[2019.02.04-02.39.16:321][  0]LogDerivedDataCache: Using Local data cache path C:/Users/Connor/AppData/Local/UnrealEngine/Common/DerivedDataCache: Writable
[2019.02.04-02.39.16:321][  0]LogDerivedDataCache: Shared data cache path not found in *engine.ini, will not use an Shared cache.
[2019.02.04-02.39.16:321][  0]LogDerivedDataCache: Unable to find inner node Shared for hierarchical cache Hierarchy.
[2019.02.04-02.39.16:338][  0]LogMaterial: Verifying Global Shaders for PCD3D_SM5
[2019.02.04-02.39.16:340][  0]LogSlate: Using FreeType 2.6.0
[2019.02.04-02.39.16:340][  0]LogSlate: SlateFontServices - WITH_FREETYPE: 1, WITH_HARFBUZZ: 1
[2019.02.04-02.39.16:417][  0]LogAssetRegistry: FAssetRegistry took 0.0314 seconds to start up
[2019.02.04-02.39.16:706][  0]LogInit: Selected Device Profile: [Windows]
[2019.02.04-02.39.16:835][  0]LogSimplygon: Simplygon DLL not present - disabling.
[2019.02.04-02.39.16:838][  0]LogMeshReduction: Using SimplygonSwarm for distributed automatic mesh merging
[2019.02.04-02.39.16:838][  0]LogMeshReduction: Using ProxyLODMeshReduction for automatic mesh merging
[2019.02.04-02.39.16:838][  0]LogMeshReduction: Using QuadricMeshReduction for automatic static mesh reduction
[2019.02.04-02.39.16:838][  0]LogMeshReduction: No automatic skeletal mesh reduction module available
[2019.02.04-02.39.16:849][  0]LogNetVersion: Prototype2 1.0.0, NetCL: 4541578, EngineNetVer: 5, GameNetVer: 0 (Checksum: 672411438)
[2019.02.04-02.39.17:277][  0]LogPackageLocalizationCache: Processed 11 localized package path(s) for 2 prioritized culture(s) in 0.082836 seconds
[2019.02.04-02.39.17:282][  0]LogUObjectArray: 39775 objects as part of root set at end of initial load.
[2019.02.04-02.39.17:282][  0]LogUObjectAllocator: 6914656 out of 0 bytes used by permanent object pool.
[2019.02.04-02.39.17:282][  0]LogUObjectArray: CloseDisregardForGC: 0/0 objects in disregard for GC pool
[2019.02.04-02.39.18:014][  0]LogTcpMessaging: Initializing TcpMessaging bridge
[2019.02.04-02.39.18:027][  0]LogUdpMessaging: Initializing bridge on interface 0.0.0.0:0 to multicast group 230.0.0.1:6666.
[2019.02.04-02.39.18:614][  0]SourceControl: Source control is disabled
[2019.02.04-02.39.18:614][  0]SourceControl: Source control is disabled
[2019.02.04-02.39.18:615][  0]SourceControl: Source control is disabled
[2019.02.04-02.39.18:616][  0]SourceControl: Source control is disabled
[2019.02.04-02.39.18:765][  0]LogAndroidPermission: UAndroidPermissionCallbackProxy::GetInstance
[2019.02.04-02.39.18:809][  0]LogOcInput: OculusInput pre-init called
[2019.02.04-02.39.18:935][  0]LogEngine: Initializing Engine...
[2019.02.04-02.39.18:936][  0]LogHMD: Failed to initialize OpenVR with code 110
[2019.02.04-02.39.18:937][  0]LogStats: UGameplayTagsManager::ConstructGameplayTagTree: ImportINI prefixes -  0.000 s
[2019.02.04-02.39.18:937][  0]LogStats: UGameplayTagsManager::ConstructGameplayTagTree: Construct from data asset -  0.000 s
[2019.02.04-02.39.18:937][  0]LogStats: UGameplayTagsManager::ConstructGameplayTagTree: ImportINI -  0.000 s
[2019.02.04-02.39.18:937][  0]LogStats: UGameplayTagsManager::ConstructGameplayTagTree: GameplayTagTreeChangedEvent.Broadcast -  0.000 s
[2019.02.04-02.39.19:130][  0]LogInit: Initializing FReadOnlyCVARCache
[2019.02.04-02.39.19:141][  0]LogAIModule: Creating AISystem for world Untitled
[2019.02.04-02.39.19:148][  0]LogInit: XAudio2 using 'Speakers (Realtek(R) Audio)' : 2 channels at 48 kHz using 32 bits per sample (channel mask 0x3)
[2019.02.04-02.39.19:168][  0]LogInit: FAudioDevice initialized.
[2019.02.04-02.39.19:168][  0]LogNetVersion: Set ProjectVersion to 1.0.0.0. Version Checksum will be recalculated on next use.
[2019.02.04-02.39.19:243][  0]LogDerivedDataCache: Saved boot cache 0.08s 71MB C:/Users/Connor/AppData/Local/UnrealEngine/4.21/DerivedDataCache/Boot.ddc.
[2019.02.04-02.39.19:255][  0]LogInit: Texture streaming: Enabled
[2019.02.04-02.39.19:269][  0]LogEngineSessionManager: EngineSessionManager initialized
[2019.02.04-02.39.19:281][  0]LogInit: Transaction tracking system initialized
[2019.02.04-02.39.19:304][  0]BlueprintLog: New page: Editor Load
[2019.02.04-02.39.19:371][  0]LocalizationService: Localization service is disabled
[2019.02.04-02.39.19:763][  0]LogFileCache: Scanning file cache for directory 'C:/Users/Connor/Documents/CP-School/Senior Project/GitRepos/Senior-Project-Testground-1/Prototype2/Content/' took 0.02s
[2019.02.04-02.39.19:764][  0]LogCook: Display: Max memory allowance for cook 16384mb min free memory 0mb
[2019.02.04-02.39.19:764][  0]LogCook: Display: Mobile HDR setting 1
[2019.02.04-02.39.19:764][  0]LogGameplayTags: Display: UGameplayTagsManager::DoneAddingNativeTags. DelegateIsBound: 0
[2019.02.04-02.39.19:764][  0]LogStats: UGameplayTagsManager::ConstructGameplayTagTree: ImportINI prefixes -  0.000 s
[2019.02.04-02.39.19:764][  0]LogStats: UGameplayTagsManager::ConstructGameplayTagTree: Construct from data asset -  0.000 s
[2019.02.04-02.39.19:764][  0]LogStats: UGameplayTagsManager::ConstructGameplayTagTree: ImportINI -  0.000 s
[2019.02.04-02.39.19:764][  0]LogStats: UGameplayTagsManager::ConstructGameplayTagTree: GameplayTagTreeChangedEvent.Broadcast -  0.000 s
[2019.02.04-02.39.19:877][  0]SourceControl: Source control is disabled
[2019.02.04-02.39.19:877][  0]LightingResults: New page: Lighting Build
[2019.02.04-02.39.19:880][  0]MapCheck: New page: Map Check
[2019.02.04-02.39.19:880][  0]LightingResults: New page: Lighting Build
[2019.02.04-02.39.20:539][  0]LogAIModule: Creating AISystem for world ThirdPersonExampleMap
[2019.02.04-02.39.20:589][  0]LogEditorServer: Finished looking for orphan Actors (0.000 secs)
[2019.02.04-02.39.20:619][  0]Cmd: MAP CHECKDEP NOCLEARLOG
[2019.02.04-02.39.20:619][  0]MapCheck: Map check complete: 0 Error(s), 0 Warning(s), took 0.139ms to complete.
[2019.02.04-02.39.20:619][  0]LogFileHelpers: Loading map 'ThirdPersonExampleMap' took 0.742
[2019.02.04-02.39.20:702][  0]LogSlate: Updating window title bar state: overlay mode, drag disabled, window buttons hidden, title bar hidden
[2019.02.04-02.39.20:707][  0]LogSlate: Updating window title bar state: overlay mode, drag disabled, window buttons hidden, title bar hidden
[2019.02.04-02.39.20:713][  0]LogSlate: Updating window title bar state: overlay mode, drag disabled, window buttons hidden, title bar hidden
[2019.02.04-02.39.20:720][  0]LogSlate: Updating window title bar state: overlay mode, drag disabled, window buttons hidden, title bar hidden
[2019.02.04-02.39.20:726][  0]LogCollectionManager: Loaded 0 collections in 0.001883 seconds
[2019.02.04-02.39.20:742][  0]LogFileCache: Scanning file cache for directory 'C:/Users/Connor/Documents/CP-School/Senior Project/GitRepos/Senior-Project-Testground-1/Prototype2/Saved/Collections/' took 0.01s
[2019.02.04-02.39.20:742][  0]LogFileCache: Scanning file cache for directory 'C:/Users/Connor/Documents/CP-School/Senior Project/GitRepos/Senior-Project-Testground-1/Prototype2/Content/Developers/Connor/Collections/' took 0.00s
[2019.02.04-02.39.20:742][  0]LogFileCache: Scanning file cache for directory 'C:/Users/Connor/Documents/CP-School/Senior Project/GitRepos/Senior-Project-Testground-1/Prototype2/Content/Collections/' took 0.00s
[2019.02.04-02.39.20:742][  0]LogCollectionManager: Rebuilt the GUID cache for 0 collections in 0.000000 seconds
[2019.02.04-02.39.20:749][  0]LogContentBrowser: Native class hierarchy populated in 0.0070 seconds. Added 2651 classes and 620 folders.
[2019.02.04-02.39.20:754][  0]LogContentBrowser: Native class hierarchy updated for 'WidgetCarousel' in 0.0002 seconds. Added 0 classes and 0 folders.
[2019.02.04-02.39.20:756][  0]LogPakFile: Registered encryption key '00000000000000000000000000000000': 0 pak files mounted, 0 remain pending
[2019.02.04-02.39.20:756][  0]LogPakFile: Registered encryption key '00000000000000000000000000000000': 0 pak files mounted, 0 remain pending
[2019.02.04-02.39.20:757][  0]LogPakFile: Registered encryption key '00000000000000000000000000000000': 0 pak files mounted, 0 remain pending
[2019.02.04-02.39.20:757][  0]LogPakFile: Registered encryption key '00000000000000000000000000000000': 0 pak files mounted, 0 remain pending
[2019.02.04-02.39.20:758][  0]LogPakFile: Registered encryption key '00000000000000000000000000000000': 0 pak files mounted, 0 remain pending
[2019.02.04-02.39.20:758][  0]LogPakFile: Registered encryption key '00000000000000000000000000000000': 0 pak files mounted, 0 remain pending
[2019.02.04-02.39.20:758][  0]LogPakFile: Registered encryption key '00000000000000000000000000000000': 0 pak files mounted, 0 remain pending
[2019.02.04-02.39.20:759][  0]LogPakFile: Registered encryption key '00000000000000000000000000000000': 0 pak files mounted, 0 remain pending
[2019.02.04-02.39.20:759][  0]LogPakFile: Registered encryption key '00000000000000000000000000000000': 0 pak files mounted, 0 remain pending
[2019.02.04-02.39.20:759][  0]LogPakFile: Registered encryption key '00000000000000000000000000000000': 0 pak files mounted, 0 remain pending
[2019.02.04-02.39.20:760][  0]LogPakFile: Registered encryption key '00000000000000000000000000000000': 0 pak files mounted, 0 remain pending
[2019.02.04-02.39.20:760][  0]LogPakFile: Registered encryption key '00000000000000000000000000000000': 0 pak files mounted, 0 remain pending
[2019.02.04-02.39.20:761][  0]LogPakFile: Registered encryption key '00000000000000000000000000000000': 0 pak files mounted, 0 remain pending
[2019.02.04-02.39.20:761][  0]LogPakFile: Registered encryption key '00000000000000000000000000000000': 0 pak files mounted, 0 remain pending
[2019.02.04-02.39.20:761][  0]LogPakFile: Registered encryption key '00000000000000000000000000000000': 0 pak files mounted, 0 remain pending
[2019.02.04-02.39.20:762][  0]LogPakFile: Registered encryption key '00000000000000000000000000000000': 0 pak files mounted, 0 remain pending
[2019.02.04-02.39.20:762][  0]LogPakFile: Registered encryption key '00000000000000000000000000000000': 0 pak files mounted, 0 remain pending
[2019.02.04-02.39.20:762][  0]LogPakFile: Registered encryption key '00000000000000000000000000000000': 0 pak files mounted, 0 remain pending
[2019.02.04-02.39.20:763][  0]LogPakFile: Registered encryption key '00000000000000000000000000000000': 0 pak files mounted, 0 remain pending
[2019.02.04-02.39.20:763][  0]LogPakFile: Registered encryption key '00000000000000000000000000000000': 0 pak files mounted, 0 remain pending
[2019.02.04-02.39.20:763][  0]LogPakFile: Registered encryption key '00000000000000000000000000000000': 0 pak files mounted, 0 remain pending
[2019.02.04-02.39.20:764][  0]LogPakFile: Registered encryption key '00000000000000000000000000000000': 0 pak files mounted, 0 remain pending
[2019.02.04-02.39.20:764][  0]LogPakFile: Registered encryption key '00000000000000000000000000000000': 0 pak files mounted, 0 remain pending
[2019.02.04-02.39.20:765][  0]LogPakFile: Registered encryption key '00000000000000000000000000000000': 0 pak files mounted, 0 remain pending
[2019.02.04-02.39.20:765][  0]LogPakFile: Registered encryption key '00000000000000000000000000000000': 0 pak files mounted, 0 remain pending
[2019.02.04-02.39.20:766][  0]LogPakFile: Registered encryption key '00000000000000000000000000000000': 0 pak files mounted, 0 remain pending
[2019.02.04-02.39.20:797][  0]LogContentBrowser: Native class hierarchy updated for 'AddContentDialog' in 0.0002 seconds. Added 0 classes and 0 folders.
[2019.02.04-02.39.20:801][  0]LogContentBrowser: Native class hierarchy updated for 'SceneOutliner' in 0.0002 seconds. Added 1 classes and 2 folders.
[2019.02.04-02.39.20:813][  0]LogSlate: Took 0.000147 seconds to synchronously load lazily loaded font '../../../Engine/Content/Slate/Fonts/Roboto-Regular.ttf' (155K)
[2019.02.04-02.39.20:815][  0]LogSlate: Took 0.000171 seconds to synchronously load lazily loaded font '../../../Engine/Content/Slate/Fonts/Roboto-Bold.ttf' (160K)
[2019.02.04-02.39.20:819][  0]LogSlate: Took 0.000133 seconds to synchronously load lazily loaded font '../../../Engine/Content/Editor/Slate/Fonts/FontAwesome.ttf' (139K)
[2019.02.04-02.39.20:886][  0]LogRenderer: Reallocating scene render targets to support 964x436 Format 10 NumSamples 1 (Frame:1).
[2019.02.04-02.39.21:028][  0]LogContentBrowser: Native class hierarchy updated for 'HierarchicalLODOutliner' in 0.0003 seconds. Added 0 classes and 0 folders.
[2019.02.04-02.39.21:028][  0]LogLoad: (Engine Initialization) Total time: 8.46 seconds
[2019.02.04-02.39.21:028][  0]LogLoad: (Engine Initialization) Total Blueprint compile time: 0.00 seconds
[2019.02.04-02.39.21:039][  0]LogWindowsTextInputMethodSystem: Display: IME system now deactivated.
[2019.02.04-02.39.21:086][  0]LogContentStreaming: Texture pool size now 1000 MB
[2019.02.04-02.39.21:109][  0]LogSlate: Took 0.000129 seconds to synchronously load lazily loaded font '../../../Engine/Content/Slate/Fonts/Roboto-Light.ttf' (167K)
[2019.02.04-02.39.21:178][  2]LogAssetRegistry: Asset discovery search completed in 4.7840 seconds
[2019.02.04-02.39.21:180][  2]LogCollectionManager: Rebuilt the object cache for 0 collections in 0.000000 seconds (found 0 objects)
[2019.02.04-02.39.21:180][  2]LogCollectionManager: Fixed up redirectors for 0 collections in 0.000047 seconds (updated 0 objects)
[2019.02.04-02.39.29:643][  7]LogSlate: FSceneViewport::OnFocusLost() reason 0
[2019.02.04-02.39.39:155][143]LogSlate: Took 0.000185 seconds to synchronously load lazily loaded font '../../../Engine/Content/Slate/Fonts/Roboto-Light.ttf' (167K)
[2019.02.04-02.39.39:163][143]LogAssetEditorManager: Opening Asset editor for Blueprint /Game/ThirdPersonBP/Blueprints/ThirdPersonCharacter.ThirdPersonCharacter
[2019.02.04-02.39.39:569][143]LogContentBrowser: Native class hierarchy updated for 'BlueprintGraph' in 0.0006 seconds. Added 117 classes and 0 folders.
[2019.02.04-02.39.40:187][143]LogSlate: Took 0.000155 seconds to synchronously load lazily loaded font '../../../Engine/Content/Slate/Fonts/Roboto-BoldCondensed.ttf' (158K)
[2019.02.04-02.39.40:345][144]LogSlate: Took 0.000154 seconds to synchronously load lazily loaded font '../../../Engine/Content/Slate/Fonts/Roboto-Italic.ttf' (157K)
[2019.02.04-02.40.10:219][381]LogAssetEditorManager: Opening Asset editor for PaperFlipbook /Game/Animations/slimeHorizontalWalk.slimeHorizontalWalk
[2019.02.04-02.40.10:369][382]LogRenderer: Reallocating scene render targets to support 1524x720 Format 10 NumSamples 1 (Frame:1).
[2019.02.04-02.40.15:057][882]LogSlate: Window 'slimeHorizontalWalk' being destroyed
[2019.02.04-02.40.15:063][882]LogSlate: Window 'slimeHorizontalWalk' being destroyed
[2019.02.04-02.40.17:927][208]LogTexture: Display: Building textures: slimeHitimg (AutoDXT, 40X40)
[2019.02.04-02.40.17:932][208]LogAssetEditorManager: Opening Asset editor for PaperSprite /Game/Animations/slimeHit.slimeHit
[2019.02.04-02.40.18:101][208]LogRenderer: Reallocating scene render targets to support 1524x880 Format 10 NumSamples 1 (Frame:1).
[2019.02.04-02.40.21:632][549]LogSlate: Window 'slimeHit' being destroyed
[2019.02.04-02.40.21:674][549]LogSlate: Window 'slimeHit' being destroyed
[2019.02.04-02.40.32:662][828]LogAssetEditorManager: Opening Asset editor for Blueprint /Game/ThirdPersonBP/Blueprints/ThirdPersonCharacter.ThirdPersonCharacter
[2019.02.04-02.42.02:353][888]LogSavePackage: Moving '../../../../../../Users/Connor/Documents/CP-School/Senior Project/GitRepos/Senior-Project-Testground-1/Prototype2/Saved/slimeHitAnim03B6310E419E82AF1014BDBA2BC42175.tmp' to '../../../../../../Users/Connor/Documents/CP-School/Senior Project/GitRepos/Senior-Project-Testground-1/Prototype2/Content/Animations/slimeHitAnim.uasset'
[2019.02.04-02.42.52:227][360]BlueprintLog: New page: Compile ThirdPersonCharacter
[2019.02.04-02.42.55:270][644]LogTemp: Repeating last play command: Selected Viewport
[2019.02.04-02.42.55:303][644]LogBlueprintUserMessages: Early PlayInEditor Detection: Level '/Game/ThirdPersonBP/Maps/ThirdPersonExampleMap.ThirdPersonExampleMap:PersistentLevel' has LevelScriptBlueprint '/Game/ThirdPersonBP/Maps/ThirdPersonExampleMap.ThirdPersonExampleMap:PersistentLevel.ThirdPersonExampleMap' with GeneratedClass '/Game/ThirdPersonBP/Maps/ThirdPersonExampleMap.ThirdPersonExampleMap_C' with ClassGeneratedBy '/Game/ThirdPersonBP/Maps/ThirdPersonExampleMap.ThirdPersonExampleMap:PersistentLevel.ThirdPersonExampleMap'
[2019.02.04-02.42.55:303][644]LogPlayLevel: PlayLevel: No blueprints needed recompiling
[2019.02.04-02.42.55:303][644]PIE: New page: PIE session: ThirdPersonExampleMap (Feb 3, 2019, 10:42:55 AM)
[2019.02.04-02.42.55:316][644]LogPlayLevel: Creating play world package: /Game/ThirdPersonBP/Maps/UEDPIE_0_ThirdPersonExampleMap
[2019.02.04-02.42.55:383][644]LogPlayLevel: PIE: StaticDuplicateObject took: (0.067167s)
[2019.02.04-02.42.55:384][644]LogAIModule: Creating AISystem for world ThirdPersonExampleMap
[2019.02.04-02.42.55:384][644]LogPlayLevel: PIE: World Init took: (0.000712s)
[2019.02.04-02.42.55:384][644]LogPlayLevel: PIE: Created PIE world by copying editor world from /Game/ThirdPersonBP/Maps/ThirdPersonExampleMap.ThirdPersonExampleMap to /Game/ThirdPersonBP/Maps/UEDPIE_0_ThirdPersonExampleMap.ThirdPersonExampleMap (0.068208s)
[2019.02.04-02.42.55:413][644]LogInit: XAudio2 using 'Speakers (Realtek(R) Audio)' : 2 channels at 48 kHz using 32 bits per sample (channel mask 0x3)
[2019.02.04-02.42.55:418][644]LogInit: FAudioDevice initialized.
[2019.02.04-02.42.55:476][644]LogLoad: Game class is 'ThirdPersonGameMode_C'
[2019.02.04-02.42.55:483][644]LogWorld: Bringing World /Game/ThirdPersonBP/Maps/UEDPIE_0_ThirdPersonExampleMap.ThirdPersonExampleMap up for play (max tick rate 0) at 2019.02.03-18.42.55
[2019.02.04-02.42.55:484][644]LogWorld: Bringing up level for play took: 0.006073
[2019.02.04-02.42.55:504][644]LogContentBrowser: Native class hierarchy updated for 'MovieSceneCapture' in 0.0003 seconds. Added 20 classes and 0 folders.
[2019.02.04-02.42.55:505][644]PIE: Play in editor start time for /Game/ThirdPersonBP/Maps/UEDPIE_0_ThirdPersonExampleMap 1.011
[2019.02.04-02.42.55:505][644]LogBlueprintUserMessages: Late PlayInEditor Detection: Level '/Game/ThirdPersonBP/Maps/ThirdPersonExampleMap.ThirdPersonExampleMap:PersistentLevel' has LevelScriptBlueprint '/Game/ThirdPersonBP/Maps/ThirdPersonExampleMap.ThirdPersonExampleMap:PersistentLevel.ThirdPersonExampleMap' with GeneratedClass '/Game/ThirdPersonBP/Maps/ThirdPersonExampleMap.ThirdPersonExampleMap_C' with ClassGeneratedBy '/Game/ThirdPersonBP/Maps/ThirdPersonExampleMap.ThirdPersonExampleMap:PersistentLevel.ThirdPersonExampleMap'
[2019.02.04-02.43.10:132][393]LogBlueprintUserMessages: Early EndPlayMap Detection: Level '/Game/ThirdPersonBP/Maps/ThirdPersonExampleMap.ThirdPersonExampleMap:PersistentLevel' has LevelScriptBlueprint '/Game/ThirdPersonBP/Maps/ThirdPersonExampleMap.ThirdPersonExampleMap:PersistentLevel.ThirdPersonExampleMap' with GeneratedClass '/Game/ThirdPersonBP/Maps/ThirdPersonExampleMap.ThirdPersonExampleMap_C' with ClassGeneratedBy '/Game/ThirdPersonBP/Maps/ThirdPersonExampleMap.ThirdPersonExampleMap:PersistentLevel.ThirdPersonExampleMap'
[2019.02.04-02.43.10:132][393]LogSlate: Updating window title bar state: overlay mode, drag disabled, window buttons hidden, title bar hidden
[2019.02.04-02.43.10:170][393]LogPlayLevel: Display: Shutting down PIE online subsystems
[2019.02.04-02.43.10:170][393]LogBlueprintUserMessages: Late EndPlayMap Detection: Level '/Game/ThirdPersonBP/Maps/ThirdPersonExampleMap.ThirdPersonExampleMap:PersistentLevel' has LevelScriptBlueprint '/Game/ThirdPersonBP/Maps/ThirdPersonExampleMap.ThirdPersonExampleMap:PersistentLevel.ThirdPersonExampleMap' with GeneratedClass '/Game/ThirdPersonBP/Maps/ThirdPersonExampleMap.ThirdPersonExampleMap_C' with ClassGeneratedBy '/Game/ThirdPersonBP/Maps/ThirdPersonExampleMap.ThirdPersonExampleMap:PersistentLevel.ThirdPersonExampleMap'
[2019.02.04-02.43.10:197][393]LogSlate: Updating window title bar state: overlay mode, drag disabled, window buttons hidden, title bar hidden
[2019.02.04-02.43.10:230][395]LogPlayLevel: Display: Destroying online subsystem :Context_6
[2019.02.04-02.43.14:327][874]LogSlate: FSceneViewport::OnFocusLost() reason 2
[2019.02.04-02.43.39:863][100]BlueprintLog: New page: Compile ThirdPersonCharacter
[2019.02.04-02.43.42:798][378]LogSlate: FSceneViewport::OnFocusLost() reason 0
[2019.02.04-02.43.42:931][394]LogTemp: Repeating last play command: Selected Viewport
[2019.02.04-02.43.42:957][394]LogBlueprintUserMessages: Early PlayInEditor Detection: Level '/Game/ThirdPersonBP/Maps/ThirdPersonExampleMap.ThirdPersonExampleMap:PersistentLevel' has LevelScriptBlueprint '/Game/ThirdPersonBP/Maps/ThirdPersonExampleMap.ThirdPersonExampleMap:PersistentLevel.ThirdPersonExampleMap' with GeneratedClass '/Game/ThirdPersonBP/Maps/ThirdPersonExampleMap.ThirdPersonExampleMap_C' with ClassGeneratedBy '/Game/ThirdPersonBP/Maps/ThirdPersonExampleMap.ThirdPersonExampleMap:PersistentLevel.ThirdPersonExampleMap'
[2019.02.04-02.43.42:957][394]LogPlayLevel: PlayLevel: No blueprints needed recompiling
[2019.02.04-02.43.42:957][394]PIE: New page: PIE session: ThirdPersonExampleMap (Feb 3, 2019, 10:43:42 AM)
[2019.02.04-02.43.42:957][394]LogPlayLevel: Creating play world package: /Game/ThirdPersonBP/Maps/UEDPIE_0_ThirdPersonExampleMap
[2019.02.04-02.43.42:998][394]LogPlayLevel: PIE: StaticDuplicateObject took: (0.040760s)
[2019.02.04-02.43.42:998][394]LogAIModule: Creating AISystem for world ThirdPersonExampleMap
[2019.02.04-02.43.42:999][394]LogPlayLevel: PIE: World Init took: (0.000529s)
[2019.02.04-02.43.42:999][394]LogPlayLevel: PIE: Created PIE world by copying editor world from /Game/ThirdPersonBP/Maps/ThirdPersonExampleMap.ThirdPersonExampleMap to /Game/ThirdPersonBP/Maps/UEDPIE_0_ThirdPersonExampleMap.ThirdPersonExampleMap (0.041405s)
[2019.02.04-02.43.43:029][394]LogInit: XAudio2 using 'Speakers (Realtek(R) Audio)' : 2 channels at 48 kHz using 32 bits per sample (channel mask 0x3)
[2019.02.04-02.43.43:033][394]LogInit: FAudioDevice initialized.
[2019.02.04-02.43.43:068][394]LogLoad: Game class is 'ThirdPersonGameMode_C'
[2019.02.04-02.43.43:074][394]LogWorld: Bringing World /Game/ThirdPersonBP/Maps/UEDPIE_0_ThirdPersonExampleMap.ThirdPersonExampleMap up for play (max tick rate 0) at 2019.02.03-18.43.43
[2019.02.04-02.43.43:075][394]LogWorld: Bringing up level for play took: 0.006050
[2019.02.04-02.43.43:087][394]PIE: Play in editor start time for /Game/ThirdPersonBP/Maps/UEDPIE_0_ThirdPersonExampleMap 0.593
[2019.02.04-02.43.43:087][394]LogBlueprintUserMessages: Late PlayInEditor Detection: Level '/Game/ThirdPersonBP/Maps/ThirdPersonExampleMap.ThirdPersonExampleMap:PersistentLevel' has LevelScriptBlueprint '/Game/ThirdPersonBP/Maps/ThirdPersonExampleMap.ThirdPersonExampleMap:PersistentLevel.ThirdPersonExampleMap' with GeneratedClass '/Game/ThirdPersonBP/Maps/ThirdPersonExampleMap.ThirdPersonExampleMap_C' with ClassGeneratedBy '/Game/ThirdPersonBP/Maps/ThirdPersonExampleMap.ThirdPersonExampleMap:PersistentLevel.ThirdPersonExampleMap'
[2019.02.04-02.43.48:979][ 97]LogScript: Warning: Accessed None trying to read property K2Node_DynamicCast_AsEnemy_Fly
	ThirdPersonCharacter_C /Game/ThirdPersonBP/Maps/UEDPIE_0_ThirdPersonExampleMap.ThirdPersonExampleMap:PersistentLevel.ThirdPersonCharacter_11
	Function /Game/ThirdPersonBP/Blueprints/ThirdPersonCharacter.ThirdPersonCharacter_C:ExecuteUbergraph_ThirdPersonCharacter:006B
[2019.02.04-02.43.48:980][ 97]PIE: Error: Blueprint Runtime Error: "Accessed None trying to read property K2Node_DynamicCast_AsEnemy_Fly". Blueprint:  ThirdPersonCharacter Function:  Execute Ubergraph Third Person Character Graph:  EventGraph Node:  DestroyActor
[2019.02.04-02.43.52:897][567]LogScript: Warning: Accessed None trying to read property K2Node_DynamicCast_AsEnemy_Fly
	ThirdPersonCharacter_C /Game/ThirdPersonBP/Maps/UEDPIE_0_ThirdPersonExampleMap.ThirdPersonExampleMap:PersistentLevel.ThirdPersonCharacter_11
	Function /Game/ThirdPersonBP/Blueprints/ThirdPersonCharacter.ThirdPersonCharacter_C:ExecuteUbergraph_ThirdPersonCharacter:006B
[2019.02.04-02.43.52:897][567]PIE: Error: Blueprint Runtime Error: "Accessed None trying to read property K2Node_DynamicCast_AsEnemy_Fly". Blueprint:  ThirdPersonCharacter Function:  Execute Ubergraph Third Person Character Graph:  EventGraph Node:  DestroyActor
[2019.02.04-02.43.53:690][662]LogBlueprintUserMessages: Early EndPlayMap Detection: Level '/Game/ThirdPersonBP/Maps/ThirdPersonExampleMap.ThirdPersonExampleMap:PersistentLevel' has LevelScriptBlueprint '/Game/ThirdPersonBP/Maps/ThirdPersonExampleMap.ThirdPersonExampleMap:PersistentLevel.ThirdPersonExampleMap' with GeneratedClass '/Game/ThirdPersonBP/Maps/ThirdPersonExampleMap.ThirdPersonExampleMap_C' with ClassGeneratedBy '/Game/ThirdPersonBP/Maps/ThirdPersonExampleMap.ThirdPersonExampleMap:PersistentLevel.ThirdPersonExampleMap'
[2019.02.04-02.43.53:690][662]LogSlate: Updating window title bar state: overlay mode, drag disabled, window buttons hidden, title bar hidden
[2019.02.04-02.43.53:727][662]LogPlayLevel: Display: Shutting down PIE online subsystems
[2019.02.04-02.43.53:728][662]LogBlueprintUserMessages: Late EndPlayMap Detection: Level '/Game/ThirdPersonBP/Maps/ThirdPersonExampleMap.ThirdPersonExampleMap:PersistentLevel' has LevelScriptBlueprint '/Game/ThirdPersonBP/Maps/ThirdPersonExampleMap.ThirdPersonExampleMap:PersistentLevel.ThirdPersonExampleMap' with GeneratedClass '/Game/ThirdPersonBP/Maps/ThirdPersonExampleMap.ThirdPersonExampleMap_C' with ClassGeneratedBy '/Game/ThirdPersonBP/Maps/ThirdPersonExampleMap.ThirdPersonExampleMap:PersistentLevel.ThirdPersonExampleMap'
[2019.02.04-02.43.53:757][662]LogSlate: Updating window title bar state: overlay mode, drag disabled, window buttons hidden, title bar hidden
[2019.02.04-02.43.53:765][662]LogSlate: FSceneViewport::OnFocusLost() reason 2
[2019.02.04-02.43.53:803][663]LogPlayLevel: Display: Destroying online subsystem :Context_7
[2019.02.04-02.44.02:535][679]LogSlate: Window 'Message Log' being destroyed
[2019.02.04-02.44.02:541][679]LogSlate: Window 'Message Log' being destroyed
[2019.02.04-02.44.05:473][ 20]LogSlate: FSceneViewport::OnFocusLost() reason 2
[2019.02.04-02.44.46:545][800]BlueprintLog: New page: Compile ThirdPersonCharacter
[2019.02.04-02.44.51:030][993]LogSlate: FSceneViewport::OnFocusLost() reason 2
[2019.02.04-02.44.53:085][136]LogTemp: Repeating last play command: Selected Viewport
[2019.02.04-02.44.53:113][136]LogBlueprintUserMessages: Early PlayInEditor Detection: Level '/Game/ThirdPersonBP/Maps/ThirdPersonExampleMap.ThirdPersonExampleMap:PersistentLevel' has LevelScriptBlueprint '/Game/ThirdPersonBP/Maps/ThirdPersonExampleMap.ThirdPersonExampleMap:PersistentLevel.ThirdPersonExampleMap' with GeneratedClass '/Game/ThirdPersonBP/Maps/ThirdPersonExampleMap.ThirdPersonExampleMap_C' with ClassGeneratedBy '/Game/ThirdPersonBP/Maps/ThirdPersonExampleMap.ThirdPersonExampleMap:PersistentLevel.ThirdPersonExampleMap'
[2019.02.04-02.44.53:113][136]LogPlayLevel: PlayLevel: No blueprints needed recompiling
[2019.02.04-02.44.53:113][136]PIE: New page: PIE session: ThirdPersonExampleMap (Feb 3, 2019, 10:44:53 AM)
[2019.02.04-02.44.53:113][136]LogPlayLevel: Creating play world package: /Game/ThirdPersonBP/Maps/UEDPIE_0_ThirdPersonExampleMap
[2019.02.04-02.44.53:156][136]LogPlayLevel: PIE: StaticDuplicateObject took: (0.041964s)
[2019.02.04-02.44.53:156][136]LogAIModule: Creating AISystem for world ThirdPersonExampleMap
[2019.02.04-02.44.53:156][136]LogPlayLevel: PIE: World Init took: (0.000554s)
[2019.02.04-02.44.53:156][136]LogPlayLevel: PIE: Created PIE world by copying editor world from /Game/ThirdPersonBP/Maps/ThirdPersonExampleMap.ThirdPersonExampleMap to /Game/ThirdPersonBP/Maps/UEDPIE_0_ThirdPersonExampleMap.ThirdPersonExampleMap (0.042639s)
[2019.02.04-02.44.53:185][136]LogInit: XAudio2 using 'Speakers (Realtek(R) Audio)' : 2 channels at 48 kHz using 32 bits per sample (channel mask 0x3)
[2019.02.04-02.44.53:190][136]LogInit: FAudioDevice initialized.
[2019.02.04-02.44.53:190][136]LogSlate: FSceneViewport::OnFocusLost() reason 2
[2019.02.04-02.44.53:220][136]LogLoad: Game class is 'ThirdPersonGameMode_C'
[2019.02.04-02.44.53:226][136]LogWorld: Bringing World /Game/ThirdPersonBP/Maps/UEDPIE_0_ThirdPersonExampleMap.ThirdPersonExampleMap up for play (max tick rate 0) at 2019.02.03-18.44.53
[2019.02.04-02.44.53:227][136]LogWorld: Bringing up level for play took: 0.006113
[2019.02.04-02.44.53:240][136]PIE: Play in editor start time for /Game/ThirdPersonBP/Maps/UEDPIE_0_ThirdPersonExampleMap 0.746
[2019.02.04-02.44.53:240][136]LogBlueprintUserMessages: Late PlayInEditor Detection: Level '/Game/ThirdPersonBP/Maps/ThirdPersonExampleMap.ThirdPersonExampleMap:PersistentLevel' has LevelScriptBlueprint '/Game/ThirdPersonBP/Maps/ThirdPersonExampleMap.ThirdPersonExampleMap:PersistentLevel.ThirdPersonExampleMap' with GeneratedClass '/Game/ThirdPersonBP/Maps/ThirdPersonExampleMap.ThirdPersonExampleMap_C' with ClassGeneratedBy '/Game/ThirdPersonBP/Maps/ThirdPersonExampleMap.ThirdPersonExampleMap:PersistentLevel.ThirdPersonExampleMap'
[2019.02.04-02.45.00:041][743]LogScript: Warning: Accessed None trying to read property K2Node_DynamicCast_AsEnemy_Fly
	ThirdPersonCharacter_C /Game/ThirdPersonBP/Maps/UEDPIE_0_ThirdPersonExampleMap.ThirdPersonExampleMap:PersistentLevel.ThirdPersonCharacter_11
	Function /Game/ThirdPersonBP/Blueprints/ThirdPersonCharacter.ThirdPersonCharacter_C:ExecuteUbergraph_ThirdPersonCharacter:006B
[2019.02.04-02.45.00:041][743]PIE: Error: Blueprint Runtime Error: "Accessed None trying to read property K2Node_DynamicCast_AsEnemy_Fly". Blueprint:  ThirdPersonCharacter Function:  Execute Ubergraph Third Person Character Graph:  EventGraph Node:  DestroyActor
[2019.02.04-02.45.01:173][842]LogScript: Warning: Accessed None trying to read property K2Node_DynamicCast_AsEnemy_Fly
	ThirdPersonCharacter_C /Game/ThirdPersonBP/Maps/UEDPIE_0_ThirdPersonExampleMap.ThirdPersonExampleMap:PersistentLevel.ThirdPersonCharacter_11
	Function /Game/ThirdPersonBP/Blueprints/ThirdPersonCharacter.ThirdPersonCharacter_C:ExecuteUbergraph_ThirdPersonCharacter:006B
[2019.02.04-02.45.01:173][842]PIE: Error: Blueprint Runtime Error: "Accessed None trying to read property K2Node_DynamicCast_AsEnemy_Fly". Blueprint:  ThirdPersonCharacter Function:  Execute Ubergraph Third Person Character Graph:  EventGraph Node:  DestroyActor
[2019.02.04-02.45.02:038][918]LogBlueprintUserMessages: Early EndPlayMap Detection: Level '/Game/ThirdPersonBP/Maps/ThirdPersonExampleMap.ThirdPersonExampleMap:PersistentLevel' has LevelScriptBlueprint '/Game/ThirdPersonBP/Maps/ThirdPersonExampleMap.ThirdPersonExampleMap:PersistentLevel.ThirdPersonExampleMap' with GeneratedClass '/Game/ThirdPersonBP/Maps/ThirdPersonExampleMap.ThirdPersonExampleMap_C' with ClassGeneratedBy '/Game/ThirdPersonBP/Maps/ThirdPersonExampleMap.ThirdPersonExampleMap:PersistentLevel.ThirdPersonExampleMap'
[2019.02.04-02.45.02:038][918]LogSlate: Updating window title bar state: overlay mode, drag disabled, window buttons hidden, title bar hidden
[2019.02.04-02.45.02:086][918]LogPlayLevel: Display: Shutting down PIE online subsystems
[2019.02.04-02.45.02:086][918]LogBlueprintUserMessages: Late EndPlayMap Detection: Level '/Game/ThirdPersonBP/Maps/ThirdPersonExampleMap.ThirdPersonExampleMap:PersistentLevel' has LevelScriptBlueprint '/Game/ThirdPersonBP/Maps/ThirdPersonExampleMap.ThirdPersonExampleMap:PersistentLevel.ThirdPersonExampleMap' with GeneratedClass '/Game/ThirdPersonBP/Maps/ThirdPersonExampleMap.ThirdPersonExampleMap_C' with ClassGeneratedBy '/Game/ThirdPersonBP/Maps/ThirdPersonExampleMap.ThirdPersonExampleMap:PersistentLevel.ThirdPersonExampleMap'
[2019.02.04-02.45.02:118][918]LogSlate: Updating window title bar state: overlay mode, drag disabled, window buttons hidden, title bar hidden
[2019.02.04-02.45.02:127][918]LogSlate: FSceneViewport::OnFocusLost() reason 2
[2019.02.04-02.45.02:230][919]LogPlayLevel: Display: Destroying online subsystem :Context_8
[2019.02.04-02.45.07:232][293]LogSlate: Window 'Message Log' being destroyed
[2019.02.04-02.45.07:243][293]LogSlate: Window 'Message Log' being destroyed
[2019.02.04-02.45.09:326][485]LogSlate: FSceneViewport::OnFocusLost() reason 0
[2019.02.04-02.45.15:728][ 64]LogEditorViewport: Clicking on Actor (LMB): Landscape (Landscape1)
[2019.02.04-02.45.16:896][157]LogSlate: FSceneViewport::OnFocusLost() reason 0
[2019.02.04-02.45.18:908][304]LogTemp: Repeating last play command: Selected Viewport
[2019.02.04-02.45.18:925][304]LogBlueprintUserMessages: Early PlayInEditor Detection: Level '/Game/ThirdPersonBP/Maps/ThirdPersonExampleMap.ThirdPersonExampleMap:PersistentLevel' has LevelScriptBlueprint '/Game/ThirdPersonBP/Maps/ThirdPersonExampleMap.ThirdPersonExampleMap:PersistentLevel.ThirdPersonExampleMap' with GeneratedClass '/Game/ThirdPersonBP/Maps/ThirdPersonExampleMap.ThirdPersonExampleMap_C' with ClassGeneratedBy '/Game/ThirdPersonBP/Maps/ThirdPersonExampleMap.ThirdPersonExampleMap:PersistentLevel.ThirdPersonExampleMap'
[2019.02.04-02.45.18:925][304]LogPlayLevel: PlayLevel: No blueprints needed recompiling
[2019.02.04-02.45.18:925][304]PIE: New page: PIE session: ThirdPersonExampleMap (Feb 3, 2019, 10:45:18 AM)
[2019.02.04-02.45.18:925][304]LogPlayLevel: Creating play world package: /Game/ThirdPersonBP/Maps/UEDPIE_0_ThirdPersonExampleMap
[2019.02.04-02.45.18:966][304]LogPlayLevel: PIE: StaticDuplicateObject took: (0.040669s)
[2019.02.04-02.45.18:966][304]LogAIModule: Creating AISystem for world ThirdPersonExampleMap
[2019.02.04-02.45.18:967][304]LogPlayLevel: PIE: World Init took: (0.000903s)
[2019.02.04-02.45.18:967][304]LogPlayLevel: PIE: Created PIE world by copying editor world from /Game/ThirdPersonBP/Maps/ThirdPersonExampleMap.ThirdPersonExampleMap to /Game/ThirdPersonBP/Maps/UEDPIE_0_ThirdPersonExampleMap.ThirdPersonExampleMap (0.041712s)
[2019.02.04-02.45.18:996][304]LogInit: XAudio2 using 'Speakers (Realtek(R) Audio)' : 2 channels at 48 kHz using 32 bits per sample (channel mask 0x3)
[2019.02.04-02.45.19:001][304]LogInit: FAudioDevice initialized.
[2019.02.04-02.45.19:035][304]LogLoad: Game class is 'ThirdPersonGameMode_C'
[2019.02.04-02.45.19:040][304]LogWorld: Bringing World /Game/ThirdPersonBP/Maps/UEDPIE_0_ThirdPersonExampleMap.ThirdPersonExampleMap up for play (max tick rate 0) at 2019.02.03-18.45.19
[2019.02.04-02.45.19:041][304]LogWorld: Bringing up level for play took: 0.005357
[2019.02.04-02.45.19:054][304]PIE: Play in editor start time for /Game/ThirdPersonBP/Maps/UEDPIE_0_ThirdPersonExampleMap 0.56
[2019.02.04-02.45.19:054][304]LogBlueprintUserMessages: Late PlayInEditor Detection: Level '/Game/ThirdPersonBP/Maps/ThirdPersonExampleMap.ThirdPersonExampleMap:PersistentLevel' has LevelScriptBlueprint '/Game/ThirdPersonBP/Maps/ThirdPersonExampleMap.ThirdPersonExampleMap:PersistentLevel.ThirdPersonExampleMap' with GeneratedClass '/Game/ThirdPersonBP/Maps/ThirdPersonExampleMap.ThirdPersonExampleMap_C' with ClassGeneratedBy '/Game/ThirdPersonBP/Maps/ThirdPersonExampleMap.ThirdPersonExampleMap:PersistentLevel.ThirdPersonExampleMap'
[2019.02.04-02.45.26:521][943]LogScript: Warning: Accessed None trying to read property K2Node_DynamicCast_AsEnemy_Fly
	ThirdPersonCharacter_C /Game/ThirdPersonBP/Maps/UEDPIE_0_ThirdPersonExampleMap.ThirdPersonExampleMap:PersistentLevel.ThirdPersonCharacter_11
	Function /Game/ThirdPersonBP/Blueprints/ThirdPersonCharacter.ThirdPersonCharacter_C:ExecuteUbergraph_ThirdPersonCharacter:006B
[2019.02.04-02.45.26:522][943]PIE: Error: Blueprint Runtime Error: "Accessed None trying to read property K2Node_DynamicCast_AsEnemy_Fly". Blueprint:  ThirdPersonCharacter Function:  Execute Ubergraph Third Person Character Graph:  EventGraph Node:  DestroyActor
[2019.02.04-02.45.27:607][ 36]LogScript: Warning: Accessed None trying to read property K2Node_DynamicCast_AsEnemy_Fly
	ThirdPersonCharacter_C /Game/ThirdPersonBP/Maps/UEDPIE_0_ThirdPersonExampleMap.ThirdPersonExampleMap:PersistentLevel.ThirdPersonCharacter_11
	Function /Game/ThirdPersonBP/Blueprints/ThirdPersonCharacter.ThirdPersonCharacter_C:ExecuteUbergraph_ThirdPersonCharacter:006B
[2019.02.04-02.45.27:607][ 36]PIE: Error: Blueprint Runtime Error: "Accessed None trying to read property K2Node_DynamicCast_AsEnemy_Fly". Blueprint:  ThirdPersonCharacter Function:  Execute Ubergraph Third Person Character Graph:  EventGraph Node:  DestroyActor
[2019.02.04-02.45.33:549][556]LogBlueprintUserMessages: Early EndPlayMap Detection: Level '/Game/ThirdPersonBP/Maps/ThirdPersonExampleMap.ThirdPersonExampleMap:PersistentLevel' has LevelScriptBlueprint '/Game/ThirdPersonBP/Maps/ThirdPersonExampleMap.ThirdPersonExampleMap:PersistentLevel.ThirdPersonExampleMap' with GeneratedClass '/Game/ThirdPersonBP/Maps/ThirdPersonExampleMap.ThirdPersonExampleMap_C' with ClassGeneratedBy '/Game/ThirdPersonBP/Maps/ThirdPersonExampleMap.ThirdPersonExampleMap:PersistentLevel.ThirdPersonExampleMap'
[2019.02.04-02.45.33:549][556]LogSlate: Updating window title bar state: overlay mode, drag disabled, window buttons hidden, title bar hidden
[2019.02.04-02.45.33:596][556]LogPlayLevel: Display: Shutting down PIE online subsystems
[2019.02.04-02.45.33:596][556]LogBlueprintUserMessages: Late EndPlayMap Detection: Level '/Game/ThirdPersonBP/Maps/ThirdPersonExampleMap.ThirdPersonExampleMap:PersistentLevel' has LevelScriptBlueprint '/Game/ThirdPersonBP/Maps/ThirdPersonExampleMap.ThirdPersonExampleMap:PersistentLevel.ThirdPersonExampleMap' with GeneratedClass '/Game/ThirdPersonBP/Maps/ThirdPersonExampleMap.ThirdPersonExampleMap_C' with ClassGeneratedBy '/Game/ThirdPersonBP/Maps/ThirdPersonExampleMap.ThirdPersonExampleMap:PersistentLevel.ThirdPersonExampleMap'
[2019.02.04-02.45.33:625][556]LogSlate: Updating window title bar state: overlay mode, drag disabled, window buttons hidden, title bar hidden
[2019.02.04-02.45.33:634][556]LogSlate: FSceneViewport::OnFocusLost() reason 2
[2019.02.04-02.45.33:737][557]LogPlayLevel: Display: Destroying online subsystem :Context_9
[2019.02.04-02.45.44:271][330]LogSlate: Window 'Message Log' being destroyed
[2019.02.04-02.45.44:278][330]LogSlate: Window 'Message Log' being destroyed
[2019.02.04-02.46.23:546][959]BlueprintLog: New page: Compile ThirdPersonCharacter
[2019.02.04-02.46.28:557][480]LogTemp: Repeating last play command: Selected Viewport
[2019.02.04-02.46.28:583][480]LogBlueprintUserMessages: Early PlayInEditor Detection: Level '/Game/ThirdPersonBP/Maps/ThirdPersonExampleMap.ThirdPersonExampleMap:PersistentLevel' has LevelScriptBlueprint '/Game/ThirdPersonBP/Maps/ThirdPersonExampleMap.ThirdPersonExampleMap:PersistentLevel.ThirdPersonExampleMap' with GeneratedClass '/Game/ThirdPersonBP/Maps/ThirdPersonExampleMap.ThirdPersonExampleMap_C' with ClassGeneratedBy '/Game/ThirdPersonBP/Maps/ThirdPersonExampleMap.ThirdPersonExampleMap:PersistentLevel.ThirdPersonExampleMap'
[2019.02.04-02.46.28:583][480]LogPlayLevel: PlayLevel: No blueprints needed recompiling
[2019.02.04-02.46.28:584][480]PIE: New page: PIE session: ThirdPersonExampleMap (Feb 3, 2019, 10:46:28 AM)
[2019.02.04-02.46.28:584][480]LogPlayLevel: Creating play world package: /Game/ThirdPersonBP/Maps/UEDPIE_0_ThirdPersonExampleMap
[2019.02.04-02.46.28:622][480]LogPlayLevel: PIE: StaticDuplicateObject took: (0.038082s)
[2019.02.04-02.46.28:622][480]LogAIModule: Creating AISystem for world ThirdPersonExampleMap
[2019.02.04-02.46.28:622][480]LogPlayLevel: PIE: World Init took: (0.000483s)
[2019.02.04-02.46.28:622][480]LogPlayLevel: PIE: Created PIE world by copying editor world from /Game/ThirdPersonBP/Maps/ThirdPersonExampleMap.ThirdPersonExampleMap to /Game/ThirdPersonBP/Maps/UEDPIE_0_ThirdPersonExampleMap.ThirdPersonExampleMap (0.038681s)
[2019.02.04-02.46.28:655][480]LogInit: XAudio2 using 'Speakers (Realtek(R) Audio)' : 2 channels at 48 kHz using 32 bits per sample (channel mask 0x3)
[2019.02.04-02.46.28:660][480]LogInit: FAudioDevice initialized.
[2019.02.04-02.46.28:694][480]LogLoad: Game class is 'ThirdPersonGameMode_C'
[2019.02.04-02.46.28:700][480]LogWorld: Bringing World /Game/ThirdPersonBP/Maps/UEDPIE_0_ThirdPersonExampleMap.ThirdPersonExampleMap up for play (max tick rate 0) at 2019.02.03-18.46.28
[2019.02.04-02.46.28:700][480]LogWorld: Bringing up level for play took: 0.005565
[2019.02.04-02.46.28:713][480]PIE: Play in editor start time for /Game/ThirdPersonBP/Maps/UEDPIE_0_ThirdPersonExampleMap 0.219
[2019.02.04-02.46.28:713][480]LogBlueprintUserMessages: Late PlayInEditor Detection: Level '/Game/ThirdPersonBP/Maps/ThirdPersonExampleMap.ThirdPersonExampleMap:PersistentLevel' has LevelScriptBlueprint '/Game/ThirdPersonBP/Maps/ThirdPersonExampleMap.ThirdPersonExampleMap:PersistentLevel.ThirdPersonExampleMap' with GeneratedClass '/Game/ThirdPersonBP/Maps/ThirdPersonExampleMap.ThirdPersonExampleMap_C' with ClassGeneratedBy '/Game/ThirdPersonBP/Maps/ThirdPersonExampleMap.ThirdPersonExampleMap:PersistentLevel.ThirdPersonExampleMap'
[2019.02.04-02.46.34:390][157]LogBlueprintUserMessages: Early EndPlayMap Detection: Level '/Game/ThirdPersonBP/Maps/ThirdPersonExampleMap.ThirdPersonExampleMap:PersistentLevel' has LevelScriptBlueprint '/Game/ThirdPersonBP/Maps/ThirdPersonExampleMap.ThirdPersonExampleMap:PersistentLevel.ThirdPersonExampleMap' with GeneratedClass '/Game/ThirdPersonBP/Maps/ThirdPersonExampleMap.ThirdPersonExampleMap_C' with ClassGeneratedBy '/Game/ThirdPersonBP/Maps/ThirdPersonExampleMap.ThirdPersonExampleMap:PersistentLevel.ThirdPersonExampleMap'
[2019.02.04-02.46.34:390][157]LogSlate: Updating window title bar state: overlay mode, drag disabled, window buttons hidden, title bar hidden
[2019.02.04-02.46.34:426][157]LogPlayLevel: Display: Shutting down PIE online subsystems
[2019.02.04-02.46.34:426][157]LogBlueprintUserMessages: Late EndPlayMap Detection: Level '/Game/ThirdPersonBP/Maps/ThirdPersonExampleMap.ThirdPersonExampleMap:PersistentLevel' has LevelScriptBlueprint '/Game/ThirdPersonBP/Maps/ThirdPersonExampleMap.ThirdPersonExampleMap:PersistentLevel.ThirdPersonExampleMap' with GeneratedClass '/Game/ThirdPersonBP/Maps/ThirdPersonExampleMap.ThirdPersonExampleMap_C' with ClassGeneratedBy '/Game/ThirdPersonBP/Maps/ThirdPersonExampleMap.ThirdPersonExampleMap:PersistentLevel.ThirdPersonExampleMap'
[2019.02.04-02.46.34:457][157]LogSlate: Updating window title bar state: overlay mode, drag disabled, window buttons hidden, title bar hidden
[2019.02.04-02.46.34:493][159]LogPlayLevel: Display: Destroying online subsystem :Context_10
[2019.02.04-02.46.36:915][448]LogSlate: FSceneViewport::OnFocusLost() reason 0
[2019.02.04-02.48.52:636][691]BlueprintLog: New page: Compile ThirdPersonCharacter
[2019.02.04-02.48.55:263][940]LogTemp: Repeating last play command: Selected Viewport
[2019.02.04-02.48.55:292][940]LogBlueprintUserMessages: Early PlayInEditor Detection: Level '/Game/ThirdPersonBP/Maps/ThirdPersonExampleMap.ThirdPersonExampleMap:PersistentLevel' has LevelScriptBlueprint '/Game/ThirdPersonBP/Maps/ThirdPersonExampleMap.ThirdPersonExampleMap:PersistentLevel.ThirdPersonExampleMap' with GeneratedClass '/Game/ThirdPersonBP/Maps/ThirdPersonExampleMap.ThirdPersonExampleMap_C' with ClassGeneratedBy '/Game/ThirdPersonBP/Maps/ThirdPersonExampleMap.ThirdPersonExampleMap:PersistentLevel.ThirdPersonExampleMap'
[2019.02.04-02.48.55:293][940]LogPlayLevel: PlayLevel: No blueprints needed recompiling
[2019.02.04-02.48.55:293][940]PIE: New page: PIE session: ThirdPersonExampleMap (Feb 3, 2019, 10:48:55 AM)
[2019.02.04-02.48.55:293][940]LogPlayLevel: Creating play world package: /Game/ThirdPersonBP/Maps/UEDPIE_0_ThirdPersonExampleMap
[2019.02.04-02.48.55:341][940]LogPlayLevel: PIE: StaticDuplicateObject took: (0.049079s)
[2019.02.04-02.48.55:342][940]LogAIModule: Creating AISystem for world ThirdPersonExampleMap
[2019.02.04-02.48.55:342][940]LogPlayLevel: PIE: World Init took: (0.001167s)
[2019.02.04-02.48.55:342][940]LogPlayLevel: PIE: Created PIE world by copying editor world from /Game/ThirdPersonBP/Maps/ThirdPersonExampleMap.ThirdPersonExampleMap to /Game/ThirdPersonBP/Maps/UEDPIE_0_ThirdPersonExampleMap.ThirdPersonExampleMap (0.050382s)
[2019.02.04-02.48.55:372][940]LogInit: XAudio2 using 'Speakers (Realtek(R) Audio)' : 2 channels at 48 kHz using 32 bits per sample (channel mask 0x3)
[2019.02.04-02.48.55:377][940]LogInit: FAudioDevice initialized.
[2019.02.04-02.48.55:406][940]LogLoad: Game class is 'ThirdPersonGameMode_C'
[2019.02.04-02.48.55:411][940]LogWorld: Bringing World /Game/ThirdPersonBP/Maps/UEDPIE_0_ThirdPersonExampleMap.ThirdPersonExampleMap up for play (max tick rate 0) at 2019.02.03-18.48.55
[2019.02.04-02.48.55:412][940]LogWorld: Bringing up level for play took: 0.005311
[2019.02.04-02.48.55:425][940]PIE: Play in editor start time for /Game/ThirdPersonBP/Maps/UEDPIE_0_ThirdPersonExampleMap 0.932
[2019.02.04-02.48.55:425][940]LogBlueprintUserMessages: Late PlayInEditor Detection: Level '/Game/ThirdPersonBP/Maps/ThirdPersonExampleMap.ThirdPersonExampleMap:PersistentLevel' has LevelScriptBlueprint '/Game/ThirdPersonBP/Maps/ThirdPersonExampleMap.ThirdPersonExampleMap:PersistentLevel.ThirdPersonExampleMap' with GeneratedClass '/Game/ThirdPersonBP/Maps/ThirdPersonExampleMap.ThirdPersonExampleMap_C' with ClassGeneratedBy '/Game/ThirdPersonBP/Maps/ThirdPersonExampleMap.ThirdPersonExampleMap:PersistentLevel.ThirdPersonExampleMap'
[2019.02.04-02.49.03:189][865]LogBlueprintUserMessages: Early EndPlayMap Detection: Level '/Game/ThirdPersonBP/Maps/ThirdPersonExampleMap.ThirdPersonExampleMap:PersistentLevel' has LevelScriptBlueprint '/Game/ThirdPersonBP/Maps/ThirdPersonExampleMap.ThirdPersonExampleMap:PersistentLevel.ThirdPersonExampleMap' with GeneratedClass '/Game/ThirdPersonBP/Maps/ThirdPersonExampleMap.ThirdPersonExampleMap_C' with ClassGeneratedBy '/Game/ThirdPersonBP/Maps/ThirdPersonExampleMap.ThirdPersonExampleMap:PersistentLevel.ThirdPersonExampleMap'
[2019.02.04-02.49.03:189][865]LogSlate: Updating window title bar state: overlay mode, drag disabled, window buttons hidden, title bar hidden
[2019.02.04-02.49.03:230][865]LogPlayLevel: Display: Shutting down PIE online subsystems
[2019.02.04-02.49.03:230][865]LogBlueprintUserMessages: Late EndPlayMap Detection: Level '/Game/ThirdPersonBP/Maps/ThirdPersonExampleMap.ThirdPersonExampleMap:PersistentLevel' has LevelScriptBlueprint '/Game/ThirdPersonBP/Maps/ThirdPersonExampleMap.ThirdPersonExampleMap:PersistentLevel.ThirdPersonExampleMap' with GeneratedClass '/Game/ThirdPersonBP/Maps/ThirdPersonExampleMap.ThirdPersonExampleMap_C' with ClassGeneratedBy '/Game/ThirdPersonBP/Maps/ThirdPersonExampleMap.ThirdPersonExampleMap:PersistentLevel.ThirdPersonExampleMap'
[2019.02.04-02.49.03:267][865]LogSlate: Updating window title bar state: overlay mode, drag disabled, window buttons hidden, title bar hidden
[2019.02.04-02.49.03:295][866]LogPlayLevel: Display: Destroying online subsystem :Context_11
[2019.02.04-02.49.06:198][112]LogSlate: FSceneViewport::OnFocusLost() reason 2
[2019.02.04-02.49.16:453][107]LogSlate: Window 'ThirdPersonCharacter*' being destroyed
[2019.02.04-02.49.16:459][107]LogSlate: Window 'ThirdPersonCharacter*' being destroyed
[2019.02.04-02.49.23:140][816]LogSavePackage: Moving '../../../../../../Users/Connor/Documents/CP-School/Senior Project/GitRepos/Senior-Project-Testground-1/Prototype2/Saved/ThirdPersonExampleMap113A56A84CA6AAB488DAC1B2DF3BE5B9.tmp' to '../../../../../../Users/Connor/Documents/CP-School/Senior Project/GitRepos/Senior-Project-Testground-1/Prototype2/Content/ThirdPersonBP/Maps/ThirdPersonExampleMap.umap'
[2019.02.04-02.49.23:173][816]LogFileHelpers: Saving map 'ThirdPersonExampleMap' took 0.606
[2019.02.04-02.49.23:238][816]LogSavePackage: Moving '../../../../../../Users/Connor/Documents/CP-School/Senior Project/GitRepos/Senior-Project-Testground-1/Prototype2/Saved/ThirdPersonCharacterCFC10A614714A928FAC8E9A5592EA2E7.tmp' to '../../../../../../Users/Connor/Documents/CP-School/Senior Project/GitRepos/Senior-Project-Testground-1/Prototype2/Content/ThirdPersonBP/Blueprints/ThirdPersonCharacter.uasset'
