Log file open, 02/03/19 18:21:44
LogWindows: Failed to load 'aqProf.dll' (GetLastError=126)
LogWindows: File 'aqProf.dll' does not exist
LogWindows: Failed to load 'VtuneApi.dll' (GetLastError=126)
LogWindows: File 'VtuneApi.dll' does not exist
LogWindows: Failed to load 'VtuneApi32e.dll' (GetLastError=126)
LogWindows: File 'VtuneApi32e.dll' does not exist
LogConsoleResponse: Display: Failed to find resolution value strings in scalability ini. Falling back to default.
LogInit: Display: Running engine for game: Prototype2
LogPakFile: Registered encryption key '00000000000000000000000000000000': 0 pak files mounted, 0 remain pending
LogPlatformFile: Not using cached read wrapper
LogTaskGraph: Started task graph with 5 named threads and 35 total threads with 3 sets of task threads.
LogStats: Stats thread started at 0.403970
LogD3D11RHI: Loaded GFSDK_Aftermath_Lib.x64.dll
LogICUInternationalization: ICU TimeZone Detection - Raw Offset: -8:00, Platform Override: ''
LogPluginManager: Mounting plugin Paper2D
LogPluginManager: Mounting plugin AISupport
LogPluginManager: Mounting plugin LightPropagationVolume
LogPluginManager: Mounting plugin ActorLayerUtilities
LogPluginManager: Mounting plugin CLionSourceCodeAccess
LogPluginManager: Mounting plugin CodeLiteSourceCodeAccess
LogPluginManager: Mounting plugin GitSourceControl
LogPluginManager: Mounting plugin KDevelopSourceCodeAccess
LogPluginManager: Mounting plugin NullSourceCodeAccess
LogPluginManager: Mounting plugin PerforceSourceControl
LogPluginManager: Mounting plugin SubversionSourceControl
LogPluginManager: Mounting plugin UObjectPlugin
LogPluginManager: Mounting plugin VisualStudioCodeSourceCodeAccess
LogPluginManager: Mounting plugin VisualStudioSourceCodeAccess
LogPluginManager: Mounting plugin XCodeSourceCodeAccess
LogPluginManager: Mounting plugin AssetManagerEditor
LogPluginManager: Mounting plugin CryptoKeys
LogPluginManager: Mounting plugin DataValidation
LogPluginManager: Mounting plugin FacialAnimation
LogPluginManager: Mounting plugin GameplayTagsEditor
LogPluginManager: Mounting plugin MacGraphicsSwitching
LogPluginManager: Mounting plugin MeshEditor
LogPluginManager: Mounting plugin MobileLauncherProfileWizard
LogPluginManager: Mounting plugin PluginBrowser
LogPluginManager: Mounting plugin SpeedTreeImporter
LogPluginManager: Mounting plugin DatasmithContent
LogPluginManager: Mounting plugin VariantManagerContent
LogPluginManager: Mounting plugin AlembicImporter
LogPluginManager: Mounting plugin AppleImageUtils
LogPluginManager: Mounting plugin AppleVision
LogPluginManager: Mounting plugin BackChannel
LogPluginManager: Mounting plugin CharacterAI
LogPluginManager: Mounting plugin GeometryCache
LogPluginManager: Mounting plugin HTML5Networking
LogPluginManager: Mounting plugin ProxyLODPlugin
LogPluginManager: Mounting plugin MagicLeap
LogPluginManager: Mounting plugin MagicLeapMedia
LogPluginManager: Mounting plugin AndroidMedia
LogPluginManager: Mounting plugin AvfMedia
LogPluginManager: Mounting plugin ImgMedia
LogPluginManager: Mounting plugin LinearTimecode
LogPluginManager: Mounting plugin MediaCompositing
LogPluginManager: Mounting plugin MediaPlayerEditor
LogPluginManager: Mounting plugin WebMMedia
LogPluginManager: Mounting plugin WmfMedia
LogPluginManager: Mounting plugin TcpMessaging
LogPluginManager: Mounting plugin UdpMessaging
LogPluginManager: Mounting plugin ActorSequence
LogPluginManager: Mounting plugin LevelSequenceEditor
LogPluginManager: Mounting plugin MatineeToLevelSequence
LogPluginManager: Mounting plugin NetcodeUnitTest
LogPluginManager: Mounting plugin NUTUnrealEngine4
LogPluginManager: Mounting plugin OnlineSubsystemGooglePlay
LogPluginManager: Mounting plugin OnlineSubsystemIOS
LogPluginManager: Mounting plugin OnlineSubsystem
LogPluginManager: Mounting plugin OnlineSubsystemNull
LogPluginManager: Mounting plugin OnlineSubsystemUtils
LogPluginManager: Mounting plugin LauncherChunkInstaller
LogPluginManager: Mounting plugin AndroidDeviceProfileSelector
LogPluginManager: Mounting plugin AndroidMoviePlayer
LogPluginManager: Mounting plugin AndroidPermission
LogPluginManager: Mounting plugin AppleMoviePlayer
LogPluginManager: Mounting plugin ArchVisCharacter
LogPluginManager: Mounting plugin AudioCapture
LogPluginManager: Mounting plugin CableComponent
LogPluginManager: Mounting plugin CustomMeshComponent
LogPluginManager: Mounting plugin EditableMesh
LogPluginManager: Mounting plugin ExampleDeviceProfileSelector
LogPluginManager: Mounting plugin Firebase
LogPluginManager: Mounting plugin GoogleCloudMessaging
LogPluginManager: Mounting plugin IOSDeviceProfileSelector
LogPluginManager: Mounting plugin LinuxDeviceProfileSelector
LogPluginManager: Mounting plugin LocationServicesBPLibrary
LogPluginManager: Mounting plugin MobilePatchingUtils
LogPluginManager: Mounting plugin OculusVR
LogPluginManager: Mounting plugin PhysXVehicles
LogPluginManager: Mounting plugin ProceduralMeshComponent
LogPluginManager: Mounting plugin RuntimePhysXCooking
LogPluginManager: Mounting plugin SteamVR
LogPluginManager: Mounting plugin WebMMoviePlayer
LogPluginManager: Mounting plugin WindowsMoviePlayer
LogStreaming: Display: Took  0.077s to configure plugins.
LogInit: Using libcurl 7.55.1-DEV
LogInit:  - built for x86_64-pc-win32
LogInit:  - supports SSL with OpenSSL/1.0.2h
LogInit:  - supports HTTP deflate (compression) using libz 1.2.8
LogInit:  - other features:
LogInit:      CURL_VERSION_SSL
LogInit:      CURL_VERSION_LIBZ
LogInit:      CURL_VERSION_IPV6
LogInit:      CURL_VERSION_ASYNCHDNS
LogInit:      CURL_VERSION_LARGEFILE
LogInit:      CURL_VERSION_IDN
LogInit:  CurlRequestOptions (configurable via config and command line):
LogInit:  - bVerifyPeer = true  - Libcurl will verify peer certificate
LogInit:  - bUseHttpProxy = false  - Libcurl will NOT use HTTP proxy
LogInit:  - bDontReuseConnections = false  - Libcurl will reuse connections
LogInit:  - MaxHostConnections = 16  - Libcurl will limit the number of connections to a host
LogInit:  - LocalHostAddr = Default
LogInit:  - BufferSize = 65536
LogInit: WinSock: version 1.1 (2.2), MaxSocks=32767, MaxUdp=65467
LogInit: Build: ++UE4+Release-4.21-CL-4753647
LogInit: Engine Version: 4.21.2-4753647+++UE4+Release-4.21
LogInit: Compatible Engine Version: 4.21.0-4541578+++UE4+Release-4.21
LogInit: Net CL: 4541578
LogInit: OS: Windows 10 (), CPU: Intel(R) Core(TM) i7-8750H CPU @ 2.20GHz, GPU: Intel(R) UHD Graphics 630
LogInit: Compiled (64-bit): Jan 19 2019 02:07:31
LogInit: Compiled with Visual C++: 19.13.26129.00
LogInit: Build Configuration: Development
LogInit: Branch Name: ++UE4+Release-4.21
LogInit: Command Line:  -EpicPortal -epicusername=connsteele -epicuserid=ab42ae2a85794cd9ae0bb9c5fc3e9425 -epiclocale=en-US
LogInit: Base Directory: C:/Program Files/Epic Games/UE_4.21/Engine/Binaries/Win64/
LogInit: Installed Engine Build: 1
LogDevObjectVersion: Number of dev versions registered: 22
LogDevObjectVersion:   Dev-Blueprints (B0D832E4-1F89-4F0D-ACCF-7EB736FD4AA2): 10
LogDevObjectVersion:   Dev-Build (E1C64328-A22C-4D53-A36C-8E866417BD8C): 0
LogDevObjectVersion:   Dev-Core (375EC13C-06E4-48FB-B500-84F0262A717E): 2
LogDevObjectVersion:   Dev-Editor (E4B068ED-F494-42E9-A231-DA0B2E46BB41): 26
LogDevObjectVersion:   Dev-Framework (CFFC743F-43B0-4480-9391-14DF171D2073): 34
LogDevObjectVersion:   Dev-Mobile (B02B49B5-BB20-44E9-A304-32B752E40360): 2
LogDevObjectVersion:   Dev-Networking (A4E4105C-59A1-49B5-A7C5-40C4547EDFEE): 0
LogDevObjectVersion:   Dev-Online (39C831C9-5AE6-47DC-9A44-9C173E1C8E7C): 0
LogDevObjectVersion:   Dev-Physics (78F01B33-EBEA-4F98-B9B4-84EACCB95AA2): 0
LogDevObjectVersion:   Dev-Platform (6631380F-2D4D-43E0-8009-CF276956A95A): 0
LogDevObjectVersion:   Dev-Rendering (12F88B9F-8875-4AFC-A67C-D90C383ABD29): 27
LogDevObjectVersion:   Dev-Sequencer (7B5AE74C-D270-4C10-A958-57980B212A5A): 9
LogDevObjectVersion:   Dev-VR (D7296918-1DD6-4BDD-9DE2-64A83CC13884): 2
LogDevObjectVersion:   Dev-LoadTimes (C2A15278-BFE7-4AFE-6C17-90FF531DF755): 1
LogDevObjectVersion:   Private-Geometry (6EACA3D4-40EC-4CC1-B786-8BED09428FC5): 3
LogDevObjectVersion:   Dev-AnimPhys (29E575DD-E0A3-4627-9D10-D276232CDCEA): 17
LogDevObjectVersion:   Dev-Anim (AF43A65D-7FD3-4947-9873-3E8ED9C1BB05): 2
LogDevObjectVersion:   Dev-ReflectionCapture (6B266CEC-1EC7-4B8F-A30B-E4D90942FC07): 1
LogDevObjectVersion:   Dev-Automation (0DF73D61-A23F-47EA-B727-89E90C41499A): 1
LogDevObjectVersion:   FortniteMain (601D1886-AC64-4F84-AA16-D3DE0DEAC7D6): 17
LogDevObjectVersion:   Dev-Enterprise (9DFFBCD6-494F-0158-E221-12823C92A888): 4
LogDevObjectVersion:   Dev-Niagara (F2AED0AC-9AFE-416F-8664-AA7FFA26D6FC): 1
LogStreaming: Display: Took  0.004s to delete old logs.
LogInit: Presizing for max 8388607 objects, including 0 objects not considered by GC, pre-allocating 0 bytes for permanent pool.
LogInit: Object subsystem initialized
LogConfig: Setting CVar [[con.DebugEarlyDefault:1]]
LogConfig: Setting CVar [[r.setres:1280x720]]
[2019.02.04-02.21.44:970][  0]LogConfig: Setting CVar [[r.VSync:0]]
[2019.02.04-02.21.44:970][  0]LogConfig: Setting CVar [[r.RHICmdBypass:0]]
[2019.02.04-02.21.44:970][  0]LogConfig: Applying CVar settings from Section [/Script/Engine.RendererSettings] File [C:/Users/Connor/Documents/CP-School/Senior Project/GitRepos/Senior-Project-Testground-1/Prototype2/Saved/Config/Windows/Engine.ini]
[2019.02.04-02.21.44:970][  0]LogConfig: Setting CVar [[r.GPUCrashDebugging:0]]
[2019.02.04-02.21.44:970][  0]LogConfig: Applying CVar settings from Section [/Script/Engine.RendererOverrideSettings] File [C:/Users/Connor/Documents/CP-School/Senior Project/GitRepos/Senior-Project-Testground-1/Prototype2/Saved/Config/Windows/Engine.ini]
[2019.02.04-02.21.44:970][  0]LogConfig: Applying CVar settings from Section [/Script/Engine.StreamingSettings] File [C:/Users/Connor/Documents/CP-School/Senior Project/GitRepos/Senior-Project-Testground-1/Prototype2/Saved/Config/Windows/Engine.ini]
[2019.02.04-02.21.44:971][  0]LogConfig: Setting CVar [[s.MinBulkDataSizeForAsyncLoading:131072]]
[2019.02.04-02.21.44:971][  0]LogConfig: Setting CVar [[s.AsyncLoadingThreadEnabled:0]]
[2019.02.04-02.21.44:971][  0]LogConfig: Setting CVar [[s.EventDrivenLoaderEnabled:1]]
[2019.02.04-02.21.44:971][  0]LogConfig: Setting CVar [[s.WarnIfTimeLimitExceeded:0]]
[2019.02.04-02.21.44:971][  0]LogConfig: Setting CVar [[s.TimeLimitExceededMultiplier:1.5]]
[2019.02.04-02.21.44:971][  0]LogConfig: Setting CVar [[s.TimeLimitExceededMinTime:0.005]]
[2019.02.04-02.21.44:971][  0]LogConfig: Setting CVar [[s.UseBackgroundLevelStreaming:1]]
[2019.02.04-02.21.44:971][  0]LogConfig: Setting CVar [[s.PriorityAsyncLoadingExtraTime:15.0]]
[2019.02.04-02.21.44:971][  0]LogConfig: Setting CVar [[s.LevelStreamingActorsUpdateTimeLimit:5.0]]
[2019.02.04-02.21.44:971][  0]LogConfig: Setting CVar [[s.PriorityLevelStreamingActorsUpdateExtraTime:5.0]]
[2019.02.04-02.21.44:971][  0]LogConfig: Setting CVar [[s.LevelStreamingComponentsRegistrationGranularity:10]]
[2019.02.04-02.21.44:971][  0]LogConfig: Setting CVar [[s.UnregisterComponentsTimeLimit:1.0]]
[2019.02.04-02.21.44:971][  0]LogConfig: Setting CVar [[s.LevelStreamingComponentsUnregistrationGranularity:5]]
[2019.02.04-02.21.44:971][  0]LogConfig: Applying CVar settings from Section [/Script/Engine.GarbageCollectionSettings] File [C:/Users/Connor/Documents/CP-School/Senior Project/GitRepos/Senior-Project-Testground-1/Prototype2/Saved/Config/Windows/Engine.ini]
[2019.02.04-02.21.44:971][  0]LogConfig: Setting CVar [[gc.MaxObjectsNotConsideredByGC:1]]
[2019.02.04-02.21.44:971][  0]LogConfig: Setting CVar [[gc.SizeOfPermanentObjectPool:0]]
[2019.02.04-02.21.44:971][  0]LogConfig: Setting CVar [[gc.FlushStreamingOnGC:0]]
[2019.02.04-02.21.44:971][  0]LogConfig: Setting CVar [[gc.NumRetriesBeforeForcingGC:10]]
[2019.02.04-02.21.44:971][  0]LogConfig: Setting CVar [[gc.AllowParallelGC:1]]
[2019.02.04-02.21.44:971][  0]LogConfig: Setting CVar [[gc.TimeBetweenPurgingPendingKillObjects:61.1]]
[2019.02.04-02.21.44:971][  0]LogConfig: Setting CVar [[gc.MaxObjectsInEditor:8388607]]
[2019.02.04-02.21.44:971][  0]LogConfig: Setting CVar [[gc.IncrementalBeginDestroyEnabled:1]]
[2019.02.04-02.21.44:971][  0]LogConfig: Setting CVar [[gc.CreateGCClusters:1]]
[2019.02.04-02.21.44:971][  0]LogConfig: Setting CVar [[gc.MergeGCClusters:0]]
[2019.02.04-02.21.44:971][  0]LogConfig: Setting CVar [[gc.MinGCClusterSize:5]]
[2019.02.04-02.21.44:971][  0]LogConfig: Setting CVar [[gc.ActorClusteringEnabled:0]]
[2019.02.04-02.21.44:971][  0]LogConfig: Setting CVar [[gc.BlueprintClusteringEnabled:0]]
[2019.02.04-02.21.44:971][  0]LogConfig: Setting CVar [[gc.UseDisregardForGCOnDedicatedServers:0]]
[2019.02.04-02.21.44:971][  0]LogConfig: Applying CVar settings from Section [/Script/Engine.NetworkSettings] File [C:/Users/Connor/Documents/CP-School/Senior Project/GitRepos/Senior-Project-Testground-1/Prototype2/Saved/Config/Windows/Engine.ini]
[2019.02.04-02.21.44:971][  0]LogConfig: Applying CVar settings from Section [/Script/UnrealEd.CookerSettings] File [C:/Users/Connor/Documents/CP-School/Senior Project/GitRepos/Senior-Project-Testground-1/Prototype2/Saved/Config/Windows/Engine.ini]
[2019.02.04-02.21.44:974][  0]LogConfig: Applying CVar settings from Section [ViewDistanceQuality@3] File [C:/Users/Connor/Documents/CP-School/Senior Project/GitRepos/Senior-Project-Testground-1/Prototype2/Saved/Config/Windows/Scalability.ini]
[2019.02.04-02.21.44:974][  0]LogConfig: Setting CVar [[r.SkeletalMeshLODBias:0]]
[2019.02.04-02.21.44:974][  0]LogConfig: Setting CVar [[r.ViewDistanceScale:1.0]]
[2019.02.04-02.21.44:974][  0]LogConfig: Applying CVar settings from Section [AntiAliasingQuality@3] File [C:/Users/Connor/Documents/CP-School/Senior Project/GitRepos/Senior-Project-Testground-1/Prototype2/Saved/Config/Windows/Scalability.ini]
[2019.02.04-02.21.44:974][  0]LogConfig: Setting CVar [[r.PostProcessAAQuality:4]]
[2019.02.04-02.21.44:974][  0]LogConfig: Applying CVar settings from Section [ShadowQuality@3] File [C:/Users/Connor/Documents/CP-School/Senior Project/GitRepos/Senior-Project-Testground-1/Prototype2/Saved/Config/Windows/Scalability.ini]
[2019.02.04-02.21.44:974][  0]LogConfig: Setting CVar [[r.LightFunctionQuality:1]]
[2019.02.04-02.21.44:974][  0]LogConfig: Setting CVar [[r.ShadowQuality:5]]
[2019.02.04-02.21.44:975][  0]LogConfig: Setting CVar [[r.Shadow.CSM.MaxCascades:10]]
[2019.02.04-02.21.44:975][  0]LogConfig: Setting CVar [[r.Shadow.MaxResolution:2048]]
[2019.02.04-02.21.44:975][  0]LogConfig: Setting CVar [[r.Shadow.MaxCSMResolution:2048]]
[2019.02.04-02.21.44:975][  0]LogConfig: Setting CVar [[r.Shadow.RadiusThreshold:0.01]]
[2019.02.04-02.21.44:975][  0]LogConfig: Setting CVar [[r.Shadow.DistanceScale:1.0]]
[2019.02.04-02.21.44:975][  0]LogConfig: Setting CVar [[r.Shadow.CSM.TransitionScale:1.0]]
[2019.02.04-02.21.44:975][  0]LogConfig: Setting CVar [[r.Shadow.PreShadowResolutionFactor:1.0]]
[2019.02.04-02.21.44:975][  0]LogConfig: Setting CVar [[r.DistanceFieldShadowing:1]]
[2019.02.04-02.21.44:975][  0]LogConfig: Setting CVar [[r.DistanceFieldAO:1]]
[2019.02.04-02.21.44:975][  0]LogConfig: Setting CVar [[r.AOQuality:2]]
[2019.02.04-02.21.44:975][  0]LogConfig: Setting CVar [[r.VolumetricFog:1]]
[2019.02.04-02.21.44:975][  0]LogConfig: Setting CVar [[r.VolumetricFog.GridPixelSize:8]]
[2019.02.04-02.21.44:975][  0]LogConfig: Setting CVar [[r.VolumetricFog.GridSizeZ:128]]
[2019.02.04-02.21.44:975][  0]LogConfig: Setting CVar [[r.VolumetricFog.HistoryMissSupersampleCount:4]]
[2019.02.04-02.21.44:975][  0]LogConfig: Setting CVar [[r.LightMaxDrawDistanceScale:1]]
[2019.02.04-02.21.44:975][  0]LogConfig: Setting CVar [[r.CapsuleShadows:1]]
[2019.02.04-02.21.44:975][  0]LogConfig: Applying CVar settings from Section [PostProcessQuality@3] File [C:/Users/Connor/Documents/CP-School/Senior Project/GitRepos/Senior-Project-Testground-1/Prototype2/Saved/Config/Windows/Scalability.ini]
[2019.02.04-02.21.44:975][  0]LogConfig: Setting CVar [[r.MotionBlurQuality:4]]
[2019.02.04-02.21.44:975][  0]LogConfig: Setting CVar [[r.AmbientOcclusionMipLevelFactor:0.4]]
[2019.02.04-02.21.44:975][  0]LogConfig: Setting CVar [[r.AmbientOcclusionMaxQuality:100]]
[2019.02.04-02.21.44:975][  0]LogConfig: Setting CVar [[r.AmbientOcclusionLevels:-1]]
[2019.02.04-02.21.44:975][  0]LogConfig: Setting CVar [[r.AmbientOcclusionRadiusScale:1.0]]
[2019.02.04-02.21.44:975][  0]LogConfig: Setting CVar [[r.DepthOfFieldQuality:2]]
[2019.02.04-02.21.44:975][  0]LogConfig: Setting CVar [[r.RenderTargetPoolMin:400]]
[2019.02.04-02.21.44:975][  0]LogConfig: Setting CVar [[r.LensFlareQuality:2]]
[2019.02.04-02.21.44:975][  0]LogConfig: Setting CVar [[r.SceneColorFringeQuality:1]]
[2019.02.04-02.21.44:975][  0]LogConfig: Setting CVar [[r.EyeAdaptationQuality:2]]
[2019.02.04-02.21.44:975][  0]LogConfig: Setting CVar [[r.BloomQuality:5]]
[2019.02.04-02.21.44:975][  0]LogConfig: Setting CVar [[r.FastBlurThreshold:100]]
[2019.02.04-02.21.44:975][  0]LogConfig: Setting CVar [[r.Upscale.Quality:3]]
[2019.02.04-02.21.44:975][  0]LogConfig: Setting CVar [[r.Tonemapper.GrainQuantization:1]]
[2019.02.04-02.21.44:975][  0]LogConfig: Setting CVar [[r.LightShaftQuality:1]]
[2019.02.04-02.21.44:975][  0]LogConfig: Setting CVar [[r.Filter.SizeScale:1]]
[2019.02.04-02.21.44:975][  0]LogConfig: Setting CVar [[r.Tonemapper.Quality:5]]
[2019.02.04-02.21.44:975][  0]LogConfig: Setting CVar [[r.DOF.Gather.AccumulatorQuality:1        ; higher gathering accumulator quality]]
[2019.02.04-02.21.44:975][  0]LogConfig: Setting CVar [[r.DOF.Gather.PostfilterMethod:1          ; Median3x3 postfilering method]]
[2019.02.04-02.21.44:975][  0]LogConfig: Setting CVar [[r.DOF.Gather.EnableBokehSettings:0       ; no bokeh simulation when gathering]]
[2019.02.04-02.21.44:975][  0]LogConfig: Setting CVar [[r.DOF.Gather.RingCount:4                 ; medium number of samples when gathering]]
[2019.02.04-02.21.44:975][  0]LogConfig: Setting CVar [[r.DOF.Scatter.ForegroundCompositing:1    ; additive foreground scattering]]
[2019.02.04-02.21.44:975][  0]LogConfig: Setting CVar [[r.DOF.Scatter.BackgroundCompositing:2    ; additive background scattering]]
[2019.02.04-02.21.44:975][  0]LogConfig: Setting CVar [[r.DOF.Scatter.EnableBokehSettings:1      ; bokeh simulation when scattering]]
[2019.02.04-02.21.44:975][  0]LogConfig: Setting CVar [[r.DOF.Scatter.MaxSpriteRatio:0.1         ; only a maximum of 10% of scattered bokeh]]
[2019.02.04-02.21.44:975][  0]LogConfig: Setting CVar [[r.DOF.Recombine.Quality:1                ; cheap slight out of focus]]
[2019.02.04-02.21.44:975][  0]LogConfig: Setting CVar [[r.DOF.Recombine.EnableBokehSettings:0    ; no bokeh simulation on slight out of focus]]
[2019.02.04-02.21.44:975][  0]LogConfig: Setting CVar [[r.DOF.TemporalAAQuality:1                ; more stable temporal accumulation]]
[2019.02.04-02.21.44:975][  0]LogConfig: Setting CVar [[r.DOF.Kernel.MaxForegroundRadius:0.025]]
[2019.02.04-02.21.44:975][  0]LogConfig: Setting CVar [[r.DOF.Kernel.MaxBackgroundRadius:0.025]]
[2019.02.04-02.21.44:975][  0]LogConfig: Applying CVar settings from Section [TextureQuality@3] File [C:/Users/Connor/Documents/CP-School/Senior Project/GitRepos/Senior-Project-Testground-1/Prototype2/Saved/Config/Windows/Scalability.ini]
[2019.02.04-02.21.44:975][  0]LogConfig: Setting CVar [[r.Streaming.MipBias:0]]
[2019.02.04-02.21.44:975][  0]LogConfig: Setting CVar [[r.Streaming.AmortizeCPUToGPUCopy:0]]
[2019.02.04-02.21.44:975][  0]LogConfig: Setting CVar [[r.Streaming.MaxNumTexturesToStreamPerFrame:0]]
[2019.02.04-02.21.44:975][  0]LogConfig: Setting CVar [[r.Streaming.Boost:1]]
[2019.02.04-02.21.44:975][  0]LogConfig: Setting CVar [[r.MaxAnisotropy:8]]
[2019.02.04-02.21.44:976][  0]LogConfig: Setting CVar [[r.Streaming.LimitPoolSizeToVRAM:0]]
[2019.02.04-02.21.44:976][  0]LogConfig: Setting CVar [[r.Streaming.PoolSize:1000]]
[2019.02.04-02.21.44:976][  0]LogConfig: Setting CVar [[r.Streaming.MaxEffectiveScreenSize:0]]
[2019.02.04-02.21.44:976][  0]LogConfig: Applying CVar settings from Section [EffectsQuality@3] File [C:/Users/Connor/Documents/CP-School/Senior Project/GitRepos/Senior-Project-Testground-1/Prototype2/Saved/Config/Windows/Scalability.ini]
[2019.02.04-02.21.44:976][  0]LogConfig: Setting CVar [[r.TranslucencyLightingVolumeDim:64]]
[2019.02.04-02.21.44:976][  0]LogConfig: Setting CVar [[r.RefractionQuality:2]]
[2019.02.04-02.21.44:976][  0]LogConfig: Setting CVar [[r.SSR.Quality:3]]
[2019.02.04-02.21.44:976][  0]LogConfig: Setting CVar [[r.SceneColorFormat:4]]
[2019.02.04-02.21.44:976][  0]LogConfig: Setting CVar [[r.DetailMode:2]]
[2019.02.04-02.21.44:976][  0]LogConfig: Setting CVar [[r.TranslucencyVolumeBlur:1]]
[2019.02.04-02.21.44:976][  0]LogConfig: Setting CVar [[r.MaterialQualityLevel:1 ; High quality]]
[2019.02.04-02.21.44:976][  0]LogConfig: Setting CVar [[r.SSS.Scale:1]]
[2019.02.04-02.21.44:976][  0]LogConfig: Setting CVar [[r.SSS.SampleSet:2]]
[2019.02.04-02.21.44:976][  0]LogConfig: Setting CVar [[r.SSS.Quality:1]]
[2019.02.04-02.21.44:976][  0]LogConfig: Setting CVar [[r.SSS.HalfRes:1]]
[2019.02.04-02.21.44:976][  0]LogConfig: Setting CVar [[r.EmitterSpawnRateScale:1.0]]
[2019.02.04-02.21.44:976][  0]LogConfig: Setting CVar [[r.ParticleLightQuality:2]]
[2019.02.04-02.21.44:976][  0]LogConfig: Applying CVar settings from Section [FoliageQuality@3] File [C:/Users/Connor/Documents/CP-School/Senior Project/GitRepos/Senior-Project-Testground-1/Prototype2/Saved/Config/Windows/Scalability.ini]
[2019.02.04-02.21.44:976][  0]LogConfig: Setting CVar [[foliage.DensityScale:1.0]]
[2019.02.04-02.21.44:976][  0]LogConfig: Setting CVar [[grass.DensityScale:1.0]]
[2019.02.04-02.21.44:976][  0]LogInit: Selected Device Profile: [Windows]
[2019.02.04-02.21.44:976][  0]LogInit: Applying CVar settings loaded from the selected device profile: [Windows]
[2019.02.04-02.21.44:991][  0]LogHAL: Display: Platform has ~ 16 GB [17018798080 / 17179869184 / 16], which maps to Larger [LargestMinGB=32, LargerMinGB=12, DefaultMinGB=8, SmallerMinGB=6, SmallestMinGB=0)
[2019.02.04-02.21.44:991][  0]LogConfig: Setting CVar [[r.Vulkan.UseRealUBs:1]]
[2019.02.04-02.21.44:991][  0]LogInit: Going up to parent DeviceProfile []
[2019.02.04-02.21.44:991][  0]LogConfig: Applying CVar settings from Section [ViewDistanceQuality@3] File [C:/Users/Connor/Documents/CP-School/Senior Project/GitRepos/Senior-Project-Testground-1/Prototype2/Saved/Config/Windows/Scalability.ini]
[2019.02.04-02.21.44:992][  0]LogConfig: Setting CVar [[r.SkeletalMeshLODBias:0]]
[2019.02.04-02.21.44:992][  0]LogConfig: Setting CVar [[r.ViewDistanceScale:1.0]]
[2019.02.04-02.21.44:992][  0]LogConfig: Applying CVar settings from Section [AntiAliasingQuality@3] File [C:/Users/Connor/Documents/CP-School/Senior Project/GitRepos/Senior-Project-Testground-1/Prototype2/Saved/Config/Windows/Scalability.ini]
[2019.02.04-02.21.44:992][  0]LogConfig: Setting CVar [[r.PostProcessAAQuality:4]]
[2019.02.04-02.21.44:992][  0]LogConfig: Applying CVar settings from Section [ShadowQuality@3] File [C:/Users/Connor/Documents/CP-School/Senior Project/GitRepos/Senior-Project-Testground-1/Prototype2/Saved/Config/Windows/Scalability.ini]
[2019.02.04-02.21.44:992][  0]LogConfig: Setting CVar [[r.LightFunctionQuality:1]]
[2019.02.04-02.21.44:992][  0]LogConfig: Setting CVar [[r.ShadowQuality:5]]
[2019.02.04-02.21.44:992][  0]LogConfig: Setting CVar [[r.Shadow.CSM.MaxCascades:10]]
[2019.02.04-02.21.44:992][  0]LogConfig: Setting CVar [[r.Shadow.MaxResolution:2048]]
[2019.02.04-02.21.44:992][  0]LogConfig: Setting CVar [[r.Shadow.MaxCSMResolution:2048]]
[2019.02.04-02.21.44:992][  0]LogConfig: Setting CVar [[r.Shadow.RadiusThreshold:0.01]]
[2019.02.04-02.21.44:992][  0]LogConfig: Setting CVar [[r.Shadow.DistanceScale:1.0]]
[2019.02.04-02.21.44:992][  0]LogConfig: Setting CVar [[r.Shadow.CSM.TransitionScale:1.0]]
[2019.02.04-02.21.44:992][  0]LogConfig: Setting CVar [[r.Shadow.PreShadowResolutionFactor:1.0]]
[2019.02.04-02.21.44:992][  0]LogConfig: Setting CVar [[r.DistanceFieldShadowing:1]]
[2019.02.04-02.21.44:992][  0]LogConfig: Setting CVar [[r.DistanceFieldAO:1]]
[2019.02.04-02.21.44:992][  0]LogConfig: Setting CVar [[r.AOQuality:2]]
[2019.02.04-02.21.44:992][  0]LogConfig: Setting CVar [[r.VolumetricFog:1]]
[2019.02.04-02.21.44:992][  0]LogConfig: Setting CVar [[r.VolumetricFog.GridPixelSize:8]]
[2019.02.04-02.21.44:992][  0]LogConfig: Setting CVar [[r.VolumetricFog.GridSizeZ:128]]
[2019.02.04-02.21.44:992][  0]LogConfig: Setting CVar [[r.VolumetricFog.HistoryMissSupersampleCount:4]]
[2019.02.04-02.21.44:992][  0]LogConfig: Setting CVar [[r.LightMaxDrawDistanceScale:1]]
[2019.02.04-02.21.44:992][  0]LogConfig: Setting CVar [[r.CapsuleShadows:1]]
[2019.02.04-02.21.44:992][  0]LogConfig: Applying CVar settings from Section [PostProcessQuality@3] File [C:/Users/Connor/Documents/CP-School/Senior Project/GitRepos/Senior-Project-Testground-1/Prototype2/Saved/Config/Windows/Scalability.ini]
[2019.02.04-02.21.44:992][  0]LogConfig: Setting CVar [[r.MotionBlurQuality:4]]
[2019.02.04-02.21.44:992][  0]LogConfig: Setting CVar [[r.AmbientOcclusionMipLevelFactor:0.4]]
[2019.02.04-02.21.44:992][  0]LogConfig: Setting CVar [[r.AmbientOcclusionMaxQuality:100]]
[2019.02.04-02.21.44:992][  0]LogConfig: Setting CVar [[r.AmbientOcclusionLevels:-1]]
[2019.02.04-02.21.44:992][  0]LogConfig: Setting CVar [[r.AmbientOcclusionRadiusScale:1.0]]
[2019.02.04-02.21.44:992][  0]LogConfig: Setting CVar [[r.DepthOfFieldQuality:2]]
[2019.02.04-02.21.44:992][  0]LogConfig: Setting CVar [[r.RenderTargetPoolMin:400]]
[2019.02.04-02.21.44:992][  0]LogConfig: Setting CVar [[r.LensFlareQuality:2]]
[2019.02.04-02.21.44:992][  0]LogConfig: Setting CVar [[r.SceneColorFringeQuality:1]]
[2019.02.04-02.21.44:992][  0]LogConfig: Setting CVar [[r.EyeAdaptationQuality:2]]
[2019.02.04-02.21.44:992][  0]LogConfig: Setting CVar [[r.BloomQuality:5]]
[2019.02.04-02.21.44:992][  0]LogConfig: Setting CVar [[r.FastBlurThreshold:100]]
[2019.02.04-02.21.44:992][  0]LogConfig: Setting CVar [[r.Upscale.Quality:3]]
[2019.02.04-02.21.44:992][  0]LogConfig: Setting CVar [[r.Tonemapper.GrainQuantization:1]]
[2019.02.04-02.21.44:992][  0]LogConfig: Setting CVar [[r.LightShaftQuality:1]]
[2019.02.04-02.21.44:992][  0]LogConfig: Setting CVar [[r.Filter.SizeScale:1]]
[2019.02.04-02.21.44:992][  0]LogConfig: Setting CVar [[r.Tonemapper.Quality:5]]
[2019.02.04-02.21.44:992][  0]LogConfig: Setting CVar [[r.DOF.Gather.AccumulatorQuality:1        ; higher gathering accumulator quality]]
[2019.02.04-02.21.44:992][  0]LogConfig: Setting CVar [[r.DOF.Gather.PostfilterMethod:1          ; Median3x3 postfilering method]]
[2019.02.04-02.21.44:992][  0]LogConfig: Setting CVar [[r.DOF.Gather.EnableBokehSettings:0       ; no bokeh simulation when gathering]]
[2019.02.04-02.21.44:992][  0]LogConfig: Setting CVar [[r.DOF.Gather.RingCount:4                 ; medium number of samples when gathering]]
[2019.02.04-02.21.44:992][  0]LogConfig: Setting CVar [[r.DOF.Scatter.ForegroundCompositing:1    ; additive foreground scattering]]
[2019.02.04-02.21.44:992][  0]LogConfig: Setting CVar [[r.DOF.Scatter.BackgroundCompositing:2    ; additive background scattering]]
[2019.02.04-02.21.44:992][  0]LogConfig: Setting CVar [[r.DOF.Scatter.EnableBokehSettings:1      ; bokeh simulation when scattering]]
[2019.02.04-02.21.44:992][  0]LogConfig: Setting CVar [[r.DOF.Scatter.MaxSpriteRatio:0.1         ; only a maximum of 10% of scattered bokeh]]
[2019.02.04-02.21.44:992][  0]LogConfig: Setting CVar [[r.DOF.Recombine.Quality:1                ; cheap slight out of focus]]
[2019.02.04-02.21.44:992][  0]LogConfig: Setting CVar [[r.DOF.Recombine.EnableBokehSettings:0    ; no bokeh simulation on slight out of focus]]
[2019.02.04-02.21.44:992][  0]LogConfig: Setting CVar [[r.DOF.TemporalAAQuality:1                ; more stable temporal accumulation]]
[2019.02.04-02.21.44:992][  0]LogConfig: Setting CVar [[r.DOF.Kernel.MaxForegroundRadius:0.025]]
[2019.02.04-02.21.44:992][  0]LogConfig: Setting CVar [[r.DOF.Kernel.MaxBackgroundRadius:0.025]]
[2019.02.04-02.21.44:992][  0]LogConfig: Applying CVar settings from Section [TextureQuality@3] File [C:/Users/Connor/Documents/CP-School/Senior Project/GitRepos/Senior-Project-Testground-1/Prototype2/Saved/Config/Windows/Scalability.ini]
[2019.02.04-02.21.44:992][  0]LogConfig: Setting CVar [[r.Streaming.MipBias:0]]
[2019.02.04-02.21.44:992][  0]LogConfig: Setting CVar [[r.Streaming.AmortizeCPUToGPUCopy:0]]
[2019.02.04-02.21.44:992][  0]LogConfig: Setting CVar [[r.Streaming.MaxNumTexturesToStreamPerFrame:0]]
[2019.02.04-02.21.44:992][  0]LogConfig: Setting CVar [[r.Streaming.Boost:1]]
[2019.02.04-02.21.44:992][  0]LogConfig: Setting CVar [[r.MaxAnisotropy:8]]
[2019.02.04-02.21.44:992][  0]LogConfig: Setting CVar [[r.Streaming.LimitPoolSizeToVRAM:0]]
[2019.02.04-02.21.44:992][  0]LogConfig: Setting CVar [[r.Streaming.PoolSize:1000]]
[2019.02.04-02.21.44:992][  0]LogConfig: Setting CVar [[r.Streaming.MaxEffectiveScreenSize:0]]
[2019.02.04-02.21.44:992][  0]LogConfig: Applying CVar settings from Section [EffectsQuality@3] File [C:/Users/Connor/Documents/CP-School/Senior Project/GitRepos/Senior-Project-Testground-1/Prototype2/Saved/Config/Windows/Scalability.ini]
[2019.02.04-02.21.44:992][  0]LogConfig: Setting CVar [[r.TranslucencyLightingVolumeDim:64]]
[2019.02.04-02.21.44:992][  0]LogConfig: Setting CVar [[r.RefractionQuality:2]]
[2019.02.04-02.21.44:992][  0]LogConfig: Setting CVar [[r.SSR.Quality:3]]
[2019.02.04-02.21.44:992][  0]LogConfig: Setting CVar [[r.SceneColorFormat:4]]
[2019.02.04-02.21.44:992][  0]LogConfig: Setting CVar [[r.DetailMode:2]]
[2019.02.04-02.21.44:992][  0]LogConfig: Setting CVar [[r.TranslucencyVolumeBlur:1]]
[2019.02.04-02.21.44:992][  0]LogConfig: Setting CVar [[r.MaterialQualityLevel:1 ; High quality]]
[2019.02.04-02.21.44:992][  0]LogConfig: Setting CVar [[r.SSS.Scale:1]]
[2019.02.04-02.21.44:992][  0]LogConfig: Setting CVar [[r.SSS.SampleSet:2]]
[2019.02.04-02.21.44:992][  0]LogConfig: Setting CVar [[r.SSS.Quality:1]]
[2019.02.04-02.21.44:992][  0]LogConfig: Setting CVar [[r.SSS.HalfRes:1]]
[2019.02.04-02.21.44:992][  0]LogConfig: Setting CVar [[r.EmitterSpawnRateScale:1.0]]
[2019.02.04-02.21.44:992][  0]LogConfig: Setting CVar [[r.ParticleLightQuality:2]]
[2019.02.04-02.21.44:992][  0]LogConfig: Applying CVar settings from Section [FoliageQuality@3] File [C:/Users/Connor/Documents/CP-School/Senior Project/GitRepos/Senior-Project-Testground-1/Prototype2/Saved/Config/Windows/Scalability.ini]
[2019.02.04-02.21.44:992][  0]LogConfig: Setting CVar [[foliage.DensityScale:1.0]]
[2019.02.04-02.21.44:992][  0]LogConfig: Setting CVar [[grass.DensityScale:1.0]]
[2019.02.04-02.21.44:992][  0]LogConfig: Applying CVar settings from Section [Startup] File [../../../Engine/Config/ConsoleVariables.ini]
[2019.02.04-02.21.44:993][  0]LogConfig: Setting CVar [[net.UseAdaptiveNetUpdateFrequency:0]]
[2019.02.04-02.21.44:993][  0]LogConfig: Applying CVar settings from Section [ConsoleVariables] File [C:/Users/Connor/Documents/CP-School/Senior Project/GitRepos/Senior-Project-Testground-1/Prototype2/Saved/Config/Windows/Engine.ini]
[2019.02.04-02.21.44:993][  0]LogInit: Computer: UNIT-01-CON
[2019.02.04-02.21.44:993][  0]LogInit: User: Connor
[2019.02.04-02.21.44:993][  0]LogInit: CPU Page size=4096, Cores=6
[2019.02.04-02.21.44:993][  0]LogInit: High frequency timer resolution =2.156253 MHz
[2019.02.04-02.21.44:993][  0]LogMemory: Memory total: Physical=15.8GB (16GB approx)
[2019.02.04-02.21.44:993][  0]LogMemory: Platform Memory Stats for Windows
[2019.02.04-02.21.44:993][  0]LogMemory: Process Physical Memory: 103.58 MB used, 103.58 MB peak
[2019.02.04-02.21.44:993][  0]LogMemory: Process Virtual Memory: 86.48 MB used, 86.48 MB peak
[2019.02.04-02.21.44:993][  0]LogMemory: Physical Memory: 6928.79 MB used,  9301.60 MB free, 16230.39 MB total
[2019.02.04-02.21.44:993][  0]LogMemory: Virtual Memory: 4665.05 MB used,  134213064.00 MB free, 134217728.00 MB total
[2019.02.04-02.21.45:009][  0]LogInit: Using OS detected language (en-US).
[2019.02.04-02.21.45:009][  0]LogInit: Using OS detected locale (en-US).
[2019.02.04-02.21.45:010][  0]LogTextLocalizationManager: No specific localization for 'en-US' exists, so the 'en' localization will be used.
[2019.02.04-02.21.45:317][  0]LogStreaming: Display: Took  0.308s to InitEngineTextLocalization.
[2019.02.04-02.21.45:352][  0]LogSlate: New Slate User Created.  User Index 0, Is Virtual User: 0
[2019.02.04-02.21.45:352][  0]LogSlate: Slate User Registered.  User Index 0, Is Virtual User: 0
[2019.02.04-02.21.45:533][  0]LogHMD: Failed to initialize OpenVR with code 110
[2019.02.04-02.21.45:533][  0]LogD3D11RHI: D3D11 adapters:
[2019.02.04-02.21.45:596][  0]LogD3D11RHI:    0. 'NVIDIA GeForce GTX 1070 with Max-Q Design' (Feature Level 11_0)
[2019.02.04-02.21.45:596][  0]LogD3D11RHI:       8081/0/8115 MB DedicatedVideo/DedicatedSystem/SharedSystem, Outputs:1, VendorId:0x10de
[2019.02.04-02.21.45:607][  0]LogD3D11RHI:    1. 'Intel(R) UHD Graphics 630' (Feature Level 11_0)
[2019.02.04-02.21.45:607][  0]LogD3D11RHI:       128/0/8115 MB DedicatedVideo/DedicatedSystem/SharedSystem, Outputs:0, VendorId:0x8086
[2019.02.04-02.21.45:609][  0]LogD3D11RHI:    2. 'Microsoft Basic Render Driver' (Feature Level 11_0)
[2019.02.04-02.21.45:609][  0]LogD3D11RHI:       0/0/8115 MB DedicatedVideo/DedicatedSystem/SharedSystem, Outputs:0, VendorId:0x1414
[2019.02.04-02.21.45:609][  0]LogD3D11RHI: Chosen D3D11 Adapter: 0
[2019.02.04-02.21.45:632][  0]LogD3D11RHI: Creating new Direct3DDevice
[2019.02.04-02.21.45:632][  0]LogD3D11RHI:     GPU DeviceId: 0x1ba1 (for the marketing name, search the web for "GPU Device Id")
[2019.02.04-02.21.45:632][  0]LogWindows: EnumDisplayDevices:
[2019.02.04-02.21.45:633][  0]LogWindows:    0. 'Intel(R) UHD Graphics 630' (P:1 D:1)
[2019.02.04-02.21.45:633][  0]LogWindows:    1. 'Intel(R) UHD Graphics 630' (P:0 D:0)
[2019.02.04-02.21.45:633][  0]LogWindows:    2. 'Intel(R) UHD Graphics 630' (P:0 D:0)
[2019.02.04-02.21.45:633][  0]LogWindows:    3. 'NVIDIA GeForce GTX 1070 with Max-Q Design' (P:0 D:0)
[2019.02.04-02.21.45:633][  0]LogWindows:    4. 'NVIDIA GeForce GTX 1070 with Max-Q Design' (P:0 D:0)
[2019.02.04-02.21.45:633][  0]LogWindows:    5. 'NVIDIA GeForce GTX 1070 with Max-Q Design' (P:0 D:0)
[2019.02.04-02.21.45:634][  0]LogWindows:    6. 'NVIDIA GeForce GTX 1070 with Max-Q Design' (P:0 D:0)
[2019.02.04-02.21.45:634][  0]LogWindows: DebugString: PrimaryIsNotTheChoosenAdapter PrimaryIsNotTheChoosenAdapter PrimaryIsNotTheChoosenAdapter FoundDriverCount:4 
[2019.02.04-02.21.45:634][  0]LogD3D11RHI:     Adapter Name: NVIDIA GeForce GTX 1070 with Max-Q Design
[2019.02.04-02.21.45:634][  0]LogD3D11RHI:   Driver Version: 416.34 (internal:25.21.14.1634, unified:416.34)
[2019.02.04-02.21.45:634][  0]LogD3D11RHI:      Driver Date: 10-10-2018
[2019.02.04-02.21.45:634][  0]LogRHI: Texture pool is 5656 MB (70% of 8081 MB)
[2019.02.04-02.21.45:672][  0]LogD3D11RHI: Async texture creation enabled
[2019.02.04-02.21.45:708][  0]LogD3D11RHI: GPU Timing Frequency: 1000.000000 (Debug: 2 2)
[2019.02.04-02.21.45:932][  0]LogTemp: Display: Loaded TP AllDesktopTargetPlatform
[2019.02.04-02.21.45:943][  0]LogTemp: Display: Loaded TP MacClientTargetPlatform
[2019.02.04-02.21.45:954][  0]LogTemp: Display: Loaded TP MacNoEditorTargetPlatform
[2019.02.04-02.21.45:965][  0]LogTemp: Display: Loaded TP MacServerTargetPlatform
[2019.02.04-02.21.45:976][  0]LogTemp: Display: Loaded TP MacTargetPlatform
[2019.02.04-02.21.45:987][  0]LogTemp: Display: Loaded TP WindowsClientTargetPlatform
[2019.02.04-02.21.45:997][  0]LogTemp: Display: Loaded TP WindowsNoEditorTargetPlatform
[2019.02.04-02.21.46:008][  0]LogTemp: Display: Loaded TP WindowsServerTargetPlatform
[2019.02.04-02.21.46:014][  0]LogTemp: Display: Loaded TP WindowsTargetPlatform
[2019.02.04-02.21.46:076][  0]LogTemp: Display: Loaded TP AndroidTargetPlatform
[2019.02.04-02.21.46:076][  0]LogTemp: Display: Loaded TP AndroidTargetPlatform
[2019.02.04-02.21.46:076][  0]LogTemp: Display: Loaded TP AndroidTargetPlatform
[2019.02.04-02.21.46:076][  0]LogTemp: Display: Loaded TP AndroidTargetPlatform
[2019.02.04-02.21.46:076][  0]LogTemp: Display: Loaded TP AndroidTargetPlatform
[2019.02.04-02.21.46:076][  0]LogTemp: Display: Loaded TP AndroidTargetPlatform
[2019.02.04-02.21.46:076][  0]LogTemp: Display: Loaded TP AndroidTargetPlatform
[2019.02.04-02.21.46:076][  0]LogTemp: Display: Loaded TP AndroidTargetPlatform
[2019.02.04-02.21.46:076][  0]LogTemp: Display: Loaded TP AndroidTargetPlatform
[2019.02.04-02.21.46:076][  0]LogTemp: Display: Loaded TP AndroidTargetPlatform
[2019.02.04-02.21.46:076][  0]LogTemp: Display: Loaded TP AndroidTargetPlatform
[2019.02.04-02.21.46:076][  0]LogTemp: Display: Loaded TP AndroidTargetPlatform
[2019.02.04-02.21.46:076][  0]LogTemp: Display: Loaded TP AndroidTargetPlatform
[2019.02.04-02.21.46:076][  0]LogTemp: Display: Loaded TP AndroidTargetPlatform
[2019.02.04-02.21.46:076][  0]LogTemp: Display: Loaded TP AndroidTargetPlatform
[2019.02.04-02.21.46:076][  0]LogTemp: Display: Loaded TP AndroidTargetPlatform
[2019.02.04-02.21.46:076][  0]LogTemp: Display: Loaded TP AndroidTargetPlatform
[2019.02.04-02.21.46:076][  0]LogTemp: Display: Loaded TP AndroidTargetPlatform
[2019.02.04-02.21.46:077][  0]LogTemp: Display: Loaded TP HTML5TargetPlatform
[2019.02.04-02.21.46:132][  0]LogTemp: Display: Loaded TP IOSTargetPlatform
[2019.02.04-02.21.46:132][  0]LogTemp: Display: Loaded TP IOSTargetPlatform
[2019.02.04-02.21.46:151][  0]LogTemp: Display: Loaded TP TVOSTargetPlatform
[2019.02.04-02.21.46:151][  0]LogTemp: Display: Loaded TP TVOSTargetPlatform
[2019.02.04-02.21.46:161][  0]LogTemp: Display: Loaded TP LinuxClientTargetPlatform
[2019.02.04-02.21.46:170][  0]LogTemp: Display: Loaded TP LinuxNoEditorTargetPlatform
[2019.02.04-02.21.46:180][  0]LogTemp: Display: Loaded TP LinuxServerTargetPlatform
[2019.02.04-02.21.46:193][  0]LogTemp: Display: Loaded TP LinuxTargetPlatform
[2019.02.04-02.21.46:229][  0]LogTemp: Display: Loaded TP LuminTargetPlatform
[2019.02.04-02.21.46:229][  0]LogTemp: Display: Loaded TP LuminTargetPlatform
[2019.02.04-02.21.46:229][  0]LogTargetPlatformManager: Display: Building Assets For Windows
[2019.02.04-02.21.46:280][  0]LogShaderCompilers: Guid format shader working directory is -67 characters bigger than the processId version (../../../../../../Users/Connor/Documents/CP-School/Senior Project/GitRepos/Senior-Project-Testground-1/Prototype2/Intermediate/Shaders/WorkingDirectory/18200/).
[2019.02.04-02.21.46:280][  0]LogShaderCompilers: Cleaned the shader compiler working directory 'C:/Users/Connor/AppData/Local/Temp/UnrealShaderWorkingDir/E650A0814C3AFD0EDE2DE888B3E1AC8F/'.
[2019.02.04-02.21.46:282][  0]LogXGEController: Cannot use XGE Controller as Incredibuild is not installed on this machine.
[2019.02.04-02.21.46:282][  0]LogShaderCompilers: Cannot use XGE Shader Compiler as Incredibuild is not installed on this machine.
[2019.02.04-02.21.46:282][  0]LogShaderCompilers: Display: Using Local Shader Compiler.
[2019.02.04-02.21.46:711][  0]LogDerivedDataCache: Display: Max Cache Size: 512 MB
[2019.02.04-02.21.46:753][  0]LogDerivedDataCache: Loaded boot cache 0.04s 71MB C:/Users/Connor/AppData/Local/UnrealEngine/4.21/DerivedDataCache/Boot.ddc.
[2019.02.04-02.21.46:753][  0]LogDerivedDataCache: Display: Loaded Boot cache: C:/Users/Connor/AppData/Local/UnrealEngine/4.21/DerivedDataCache/Boot.ddc
[2019.02.04-02.21.46:753][  0]LogDerivedDataCache: FDerivedDataBackendGraph:  Pak pak cache file ../../../../../../Users/Connor/Documents/CP-School/Senior Project/GitRepos/Senior-Project-Testground-1/Prototype2/DerivedDataCache/DDC.ddp not found, will not use a pak cache.
[2019.02.04-02.21.46:753][  0]LogDerivedDataCache: Unable to find inner node Pak for hierarchical cache Hierarchy.
[2019.02.04-02.21.46:753][  0]LogDerivedDataCache: FDerivedDataBackendGraph:  CompressedPak pak cache file ../../../../../../Users/Connor/Documents/CP-School/Senior Project/GitRepos/Senior-Project-Testground-1/Prototype2/DerivedDataCache/Compressed.ddp not found, will not use a pak cache.
[2019.02.04-02.21.46:753][  0]LogDerivedDataCache: Unable to find inner node CompressedPak for hierarchical cache Hierarchy.
[2019.02.04-02.21.46:764][  0]LogDerivedDataCache: Display: Pak cache opened for reading ../../../Engine/DerivedDataCache/Compressed.ddp.
[2019.02.04-02.21.46:764][  0]LogDerivedDataCache: FDerivedDataBackendGraph:  EnterprisePak pak cache file ../../../Enterprise/DerivedDataCache/Compressed.ddp not found, will not use a pak cache.
[2019.02.04-02.21.46:764][  0]LogDerivedDataCache: Unable to find inner node EnterprisePak for hierarchical cache Hierarchy.
[2019.02.04-02.21.46:776][  0]LogDerivedDataCache: Using Local data cache path C:/Users/Connor/AppData/Local/UnrealEngine/Common/DerivedDataCache: Writable
[2019.02.04-02.21.46:776][  0]LogDerivedDataCache: Shared data cache path not found in *engine.ini, will not use an Shared cache.
[2019.02.04-02.21.46:776][  0]LogDerivedDataCache: Unable to find inner node Shared for hierarchical cache Hierarchy.
[2019.02.04-02.21.46:795][  0]LogMaterial: Verifying Global Shaders for PCD3D_SM5
[2019.02.04-02.21.46:796][  0]LogSlate: Using FreeType 2.6.0
[2019.02.04-02.21.46:796][  0]LogSlate: SlateFontServices - WITH_FREETYPE: 1, WITH_HARFBUZZ: 1
[2019.02.04-02.21.46:872][  0]LogAssetRegistry: FAssetRegistry took 0.0310 seconds to start up
[2019.02.04-02.21.47:141][  0]LogInit: Selected Device Profile: [Windows]
[2019.02.04-02.21.47:270][  0]LogSimplygon: Simplygon DLL not present - disabling.
[2019.02.04-02.21.47:273][  0]LogMeshReduction: Using SimplygonSwarm for distributed automatic mesh merging
[2019.02.04-02.21.47:273][  0]LogMeshReduction: Using ProxyLODMeshReduction for automatic mesh merging
[2019.02.04-02.21.47:273][  0]LogMeshReduction: Using QuadricMeshReduction for automatic static mesh reduction
[2019.02.04-02.21.47:273][  0]LogMeshReduction: No automatic skeletal mesh reduction module available
[2019.02.04-02.21.47:285][  0]LogNetVersion: Prototype2 1.0.0, NetCL: 4541578, EngineNetVer: 5, GameNetVer: 0 (Checksum: 672411438)
[2019.02.04-02.21.47:711][  0]LogPackageLocalizationCache: Processed 11 localized package path(s) for 2 prioritized culture(s) in 0.081517 seconds
[2019.02.04-02.21.47:715][  0]LogUObjectArray: 39775 objects as part of root set at end of initial load.
[2019.02.04-02.21.47:715][  0]LogUObjectAllocator: 6914664 out of 0 bytes used by permanent object pool.
[2019.02.04-02.21.47:715][  0]LogUObjectArray: CloseDisregardForGC: 0/0 objects in disregard for GC pool
[2019.02.04-02.21.48:453][  0]LogTcpMessaging: Initializing TcpMessaging bridge
[2019.02.04-02.21.48:465][  0]LogUdpMessaging: Initializing bridge on interface 0.0.0.0:0 to multicast group 230.0.0.1:6666.
[2019.02.04-02.21.49:037][  0]SourceControl: Source control is disabled
[2019.02.04-02.21.49:037][  0]SourceControl: Source control is disabled
[2019.02.04-02.21.49:038][  0]SourceControl: Source control is disabled
[2019.02.04-02.21.49:039][  0]SourceControl: Source control is disabled
[2019.02.04-02.21.49:184][  0]LogAndroidPermission: UAndroidPermissionCallbackProxy::GetInstance
[2019.02.04-02.21.49:223][  0]LogOcInput: OculusInput pre-init called
[2019.02.04-02.21.49:359][  0]LogEngine: Initializing Engine...
[2019.02.04-02.21.49:359][  0]LogHMD: Failed to initialize OpenVR with code 110
[2019.02.04-02.21.49:360][  0]LogStats: UGameplayTagsManager::ConstructGameplayTagTree: ImportINI prefixes -  0.000 s
[2019.02.04-02.21.49:360][  0]LogStats: UGameplayTagsManager::ConstructGameplayTagTree: Construct from data asset -  0.000 s
[2019.02.04-02.21.49:360][  0]LogStats: UGameplayTagsManager::ConstructGameplayTagTree: ImportINI -  0.000 s
[2019.02.04-02.21.49:361][  0]LogStats: UGameplayTagsManager::ConstructGameplayTagTree: GameplayTagTreeChangedEvent.Broadcast -  0.000 s
[2019.02.04-02.21.49:550][  0]LogInit: Initializing FReadOnlyCVARCache
[2019.02.04-02.21.49:563][  0]LogAIModule: Creating AISystem for world Untitled
[2019.02.04-02.21.49:570][  0]LogInit: XAudio2 using 'Speakers (Realtek(R) Audio)' : 2 channels at 48 kHz using 32 bits per sample (channel mask 0x3)
[2019.02.04-02.21.49:589][  0]LogInit: FAudioDevice initialized.
[2019.02.04-02.21.49:589][  0]LogNetVersion: Set ProjectVersion to 1.0.0.0. Version Checksum will be recalculated on next use.
[2019.02.04-02.21.49:663][  0]LogDerivedDataCache: Saved boot cache 0.07s 71MB C:/Users/Connor/AppData/Local/UnrealEngine/4.21/DerivedDataCache/Boot.ddc.
[2019.02.04-02.21.49:667][  0]LogInit: Texture streaming: Enabled
[2019.02.04-02.21.49:681][  0]LogEngineSessionManager: EngineSessionManager initialized
[2019.02.04-02.21.49:693][  0]LogInit: Transaction tracking system initialized
[2019.02.04-02.21.49:714][  0]BlueprintLog: New page: Editor Load
[2019.02.04-02.21.49:788][  0]LocalizationService: Localization service is disabled
[2019.02.04-02.21.50:177][  0]LogFileCache: Scanning file cache for directory 'C:/Users/Connor/Documents/CP-School/Senior Project/GitRepos/Senior-Project-Testground-1/Prototype2/Content/' took 0.02s
[2019.02.04-02.21.50:177][  0]LogCook: Display: Max memory allowance for cook 16384mb min free memory 0mb
[2019.02.04-02.21.50:178][  0]LogCook: Display: Mobile HDR setting 1
[2019.02.04-02.21.50:178][  0]LogGameplayTags: Display: UGameplayTagsManager::DoneAddingNativeTags. DelegateIsBound: 0
[2019.02.04-02.21.50:178][  0]LogStats: UGameplayTagsManager::ConstructGameplayTagTree: ImportINI prefixes -  0.000 s
[2019.02.04-02.21.50:178][  0]LogStats: UGameplayTagsManager::ConstructGameplayTagTree: Construct from data asset -  0.000 s
[2019.02.04-02.21.50:178][  0]LogStats: UGameplayTagsManager::ConstructGameplayTagTree: ImportINI -  0.000 s
[2019.02.04-02.21.50:178][  0]LogStats: UGameplayTagsManager::ConstructGameplayTagTree: GameplayTagTreeChangedEvent.Broadcast -  0.000 s
[2019.02.04-02.21.50:309][  0]SourceControl: Source control is disabled
[2019.02.04-02.21.50:309][  0]LightingResults: New page: Lighting Build
[2019.02.04-02.21.50:312][  0]MapCheck: New page: Map Check
[2019.02.04-02.21.50:312][  0]LightingResults: New page: Lighting Build
[2019.02.04-02.21.50:546][  0]LogLinker: Warning: Can't find file '/Game/ThirdPersonBP/Maps/ThirdPersonExampleMap_BuiltData'
[2019.02.04-02.21.50:546][  0]LogLinker: Warning: Can't find file for asset '/Game/ThirdPersonBP/Maps/ThirdPersonExampleMap_BuiltData' while loading ../../../../../../Users/Connor/Documents/CP-School/Senior Project/GitRepos/Senior-Project-Testground-1/Prototype2/Content/ThirdPersonBP/Maps/ThirdPersonExampleMap.umap.
[2019.02.04-02.21.50:546][  0]LoadErrors: Error: /Game/ThirdPersonBP/Maps/ThirdPersonExampleMap : Can't find file for asset. /Game/ThirdPersonBP/Maps/ThirdPersonExampleMap_BuiltData
[2019.02.04-02.21.50:712][  0]LogLinker: Warning: Can't find file '/Game/ThirdPersonBP/Maps/ThirdPersonExampleMap_BuiltData'
[2019.02.04-02.21.50:713][  0]LogLinker: Warning: Can't find file for asset '/Game/ThirdPersonBP/Maps/ThirdPersonExampleMap_BuiltData' while loading ../../../../../../Users/Connor/Documents/CP-School/Senior Project/GitRepos/Senior-Project-Testground-1/Prototype2/Content/ThirdPersonBP/Maps/ThirdPersonExampleMap.umap.
[2019.02.04-02.21.50:713][  0]LoadErrors: Error: /Game/ThirdPersonBP/Maps/ThirdPersonExampleMap : Can't find file for asset. /Game/ThirdPersonBP/Maps/ThirdPersonExampleMap_BuiltData
[2019.02.04-02.21.50:716][  0]LogLinker: Warning: Can't find file '/Game/ThirdPersonBP/Maps/ThirdPersonExampleMap_BuiltData'
[2019.02.04-02.21.50:716][  0]LogLinker: Warning: Can't find file for asset '/Game/ThirdPersonBP/Maps/ThirdPersonExampleMap_BuiltData' while loading NULL.
[2019.02.04-02.21.50:716][  0]LogLinker: Warning: Can't find file '/Game/ThirdPersonBP/Maps/ThirdPersonExampleMap_BuiltData'
[2019.02.04-02.21.50:716][  0]LogLinker: Warning: Can't find file for asset '/Game/ThirdPersonBP/Maps/ThirdPersonExampleMap_BuiltData' while loading NULL.
[2019.02.04-02.21.50:766][  0]LogLinker: Warning: Can't find file '/Game/ThirdPersonBP/Maps/ThirdPersonExampleMap_BuiltData'
[2019.02.04-02.21.50:766][  0]LoadErrors: Failed to load /Game/ThirdPersonBP/Maps/ThirdPersonExampleMap_BuiltData.ThirdPersonExampleMap_BuiltData Referenced by PersistentLevel
[2019.02.04-02.21.50:766][  0]LogLinker: Warning: Can't find file for asset '/Game/ThirdPersonBP/Maps/ThirdPersonExampleMap_BuiltData' while loading NULL.
[2019.02.04-02.21.50:766][  0]LoadErrors: Failed to load /Game/ThirdPersonBP/Maps/ThirdPersonExampleMap_BuiltData.ThirdPersonExampleMap_BuiltData Referenced by PersistentLevel
[2019.02.04-02.21.50:977][  0]LogAIModule: Creating AISystem for world ThirdPersonExampleMap
[2019.02.04-02.21.51:030][  0]LogEditorServer: Finished looking for orphan Actors (0.000 secs)
[2019.02.04-02.21.51:058][  0]Cmd: MAP CHECKDEP NOCLEARLOG
[2019.02.04-02.21.51:058][  0]MapCheck: Map check complete: 0 Error(s), 0 Warning(s), took 0.147ms to complete.
[2019.02.04-02.21.51:058][  0]LogFileHelpers: Loading map 'ThirdPersonExampleMap' took 0.750
[2019.02.04-02.21.51:154][  0]LogSlate: Updating window title bar state: overlay mode, drag disabled, window buttons hidden, title bar hidden
[2019.02.04-02.21.51:160][  0]LogSlate: Updating window title bar state: overlay mode, drag disabled, window buttons hidden, title bar hidden
[2019.02.04-02.21.51:166][  0]LogSlate: Updating window title bar state: overlay mode, drag disabled, window buttons hidden, title bar hidden
[2019.02.04-02.21.51:172][  0]LogSlate: Updating window title bar state: overlay mode, drag disabled, window buttons hidden, title bar hidden
[2019.02.04-02.21.51:178][  0]LogCollectionManager: Loaded 0 collections in 0.001942 seconds
[2019.02.04-02.21.51:193][  0]LogFileCache: Scanning file cache for directory 'C:/Users/Connor/Documents/CP-School/Senior Project/GitRepos/Senior-Project-Testground-1/Prototype2/Saved/Collections/' took 0.01s
[2019.02.04-02.21.51:194][  0]LogFileCache: Scanning file cache for directory 'C:/Users/Connor/Documents/CP-School/Senior Project/GitRepos/Senior-Project-Testground-1/Prototype2/Content/Developers/Connor/Collections/' took 0.00s
[2019.02.04-02.21.51:194][  0]LogFileCache: Scanning file cache for directory 'C:/Users/Connor/Documents/CP-School/Senior Project/GitRepos/Senior-Project-Testground-1/Prototype2/Content/Collections/' took 0.00s
[2019.02.04-02.21.51:194][  0]LogCollectionManager: Rebuilt the GUID cache for 0 collections in 0.000000 seconds
[2019.02.04-02.21.51:201][  0]LogContentBrowser: Native class hierarchy populated in 0.0068 seconds. Added 2651 classes and 620 folders.
[2019.02.04-02.21.51:206][  0]LogContentBrowser: Native class hierarchy updated for 'WidgetCarousel' in 0.0002 seconds. Added 0 classes and 0 folders.
[2019.02.04-02.21.51:207][  0]LogPakFile: Registered encryption key '00000000000000000000000000000000': 0 pak files mounted, 0 remain pending
[2019.02.04-02.21.51:208][  0]LogPakFile: Registered encryption key '00000000000000000000000000000000': 0 pak files mounted, 0 remain pending
[2019.02.04-02.21.51:208][  0]LogPakFile: Registered encryption key '00000000000000000000000000000000': 0 pak files mounted, 0 remain pending
[2019.02.04-02.21.51:209][  0]LogPakFile: Registered encryption key '00000000000000000000000000000000': 0 pak files mounted, 0 remain pending
[2019.02.04-02.21.51:209][  0]LogPakFile: Registered encryption key '00000000000000000000000000000000': 0 pak files mounted, 0 remain pending
[2019.02.04-02.21.51:209][  0]LogPakFile: Registered encryption key '00000000000000000000000000000000': 0 pak files mounted, 0 remain pending
[2019.02.04-02.21.51:210][  0]LogPakFile: Registered encryption key '00000000000000000000000000000000': 0 pak files mounted, 0 remain pending
[2019.02.04-02.21.51:210][  0]LogPakFile: Registered encryption key '00000000000000000000000000000000': 0 pak files mounted, 0 remain pending
[2019.02.04-02.21.51:211][  0]LogPakFile: Registered encryption key '00000000000000000000000000000000': 0 pak files mounted, 0 remain pending
[2019.02.04-02.21.51:211][  0]LogPakFile: Registered encryption key '00000000000000000000000000000000': 0 pak files mounted, 0 remain pending
[2019.02.04-02.21.51:211][  0]LogPakFile: Registered encryption key '00000000000000000000000000000000': 0 pak files mounted, 0 remain pending
[2019.02.04-02.21.51:212][  0]LogPakFile: Registered encryption key '00000000000000000000000000000000': 0 pak files mounted, 0 remain pending
[2019.02.04-02.21.51:212][  0]LogPakFile: Registered encryption key '00000000000000000000000000000000': 0 pak files mounted, 0 remain pending
[2019.02.04-02.21.51:212][  0]LogPakFile: Registered encryption key '00000000000000000000000000000000': 0 pak files mounted, 0 remain pending
[2019.02.04-02.21.51:213][  0]LogPakFile: Registered encryption key '00000000000000000000000000000000': 0 pak files mounted, 0 remain pending
[2019.02.04-02.21.51:213][  0]LogPakFile: Registered encryption key '00000000000000000000000000000000': 0 pak files mounted, 0 remain pending
[2019.02.04-02.21.51:214][  0]LogPakFile: Registered encryption key '00000000000000000000000000000000': 0 pak files mounted, 0 remain pending
[2019.02.04-02.21.51:214][  0]LogPakFile: Registered encryption key '00000000000000000000000000000000': 0 pak files mounted, 0 remain pending
[2019.02.04-02.21.51:214][  0]LogPakFile: Registered encryption key '00000000000000000000000000000000': 0 pak files mounted, 0 remain pending
[2019.02.04-02.21.51:215][  0]LogPakFile: Registered encryption key '00000000000000000000000000000000': 0 pak files mounted, 0 remain pending
[2019.02.04-02.21.51:215][  0]LogPakFile: Registered encryption key '00000000000000000000000000000000': 0 pak files mounted, 0 remain pending
[2019.02.04-02.21.51:215][  0]LogPakFile: Registered encryption key '00000000000000000000000000000000': 0 pak files mounted, 0 remain pending
[2019.02.04-02.21.51:216][  0]LogPakFile: Registered encryption key '00000000000000000000000000000000': 0 pak files mounted, 0 remain pending
[2019.02.04-02.21.51:216][  0]LogPakFile: Registered encryption key '00000000000000000000000000000000': 0 pak files mounted, 0 remain pending
[2019.02.04-02.21.51:217][  0]LogPakFile: Registered encryption key '00000000000000000000000000000000': 0 pak files mounted, 0 remain pending
[2019.02.04-02.21.51:217][  0]LogPakFile: Registered encryption key '00000000000000000000000000000000': 0 pak files mounted, 0 remain pending
[2019.02.04-02.21.51:250][  0]LogContentBrowser: Native class hierarchy updated for 'AddContentDialog' in 0.0002 seconds. Added 0 classes and 0 folders.
[2019.02.04-02.21.51:254][  0]LogContentBrowser: Native class hierarchy updated for 'SceneOutliner' in 0.0002 seconds. Added 1 classes and 2 folders.
[2019.02.04-02.21.51:266][  0]LogSlate: Took 0.000127 seconds to synchronously load lazily loaded font '../../../Engine/Content/Slate/Fonts/Roboto-Regular.ttf' (155K)
[2019.02.04-02.21.51:268][  0]LogSlate: Took 0.000227 seconds to synchronously load lazily loaded font '../../../Engine/Content/Slate/Fonts/Roboto-Bold.ttf' (160K)
[2019.02.04-02.21.51:275][  0]LogSlate: Took 0.000454 seconds to synchronously load lazily loaded font '../../../Engine/Content/Editor/Slate/Fonts/FontAwesome.ttf' (139K)
[2019.02.04-02.21.51:352][  0]LogRenderer: Reallocating scene render targets to support 964x436 Format 10 NumSamples 1 (Frame:1).
[2019.02.04-02.21.51:508][  0]LogContentBrowser: Native class hierarchy updated for 'HierarchicalLODOutliner' in 0.0002 seconds. Added 0 classes and 0 folders.
[2019.02.04-02.21.51:508][  0]LogLoad: (Engine Initialization) Total time: 8.37 seconds
[2019.02.04-02.21.51:508][  0]LogLoad: (Engine Initialization) Total Blueprint compile time: 0.00 seconds
[2019.02.04-02.21.51:521][  0]LogWindowsTextInputMethodSystem: Display: IME system now deactivated.
[2019.02.04-02.21.51:588][  0]LogContentStreaming: Texture pool size now 1000 MB
[2019.02.04-02.21.51:591][  0]LogSlate: FSceneViewport::OnFocusLost() reason 2
[2019.02.04-02.21.51:631][  0]LogSlate: Took 0.000149 seconds to synchronously load lazily loaded font '../../../Engine/Content/Slate/Fonts/Roboto-Light.ttf' (167K)
[2019.02.04-02.21.51:723][  2]LogAssetRegistry: Asset discovery search completed in 4.8741 seconds
[2019.02.04-02.21.51:727][  2]LogCollectionManager: Rebuilt the object cache for 0 collections in 0.000000 seconds (found 0 objects)
[2019.02.04-02.21.51:727][  2]LogCollectionManager: Fixed up redirectors for 0 collections in 0.000063 seconds (updated 0 objects)
[2019.02.04-02.21.55:269][411]LogSlate: Window 'Message Log' being destroyed
[2019.02.04-02.21.55:273][411]LogSlate: Window 'Message Log' being destroyed
[2019.02.04-02.21.56:123][511]LogSlate: FSceneViewport::OnFocusLost() reason 0
[2019.02.04-02.21.56:238][525]MapCheck: New page: Map Check
[2019.02.04-02.21.56:260][525]Cmd: MAP REBUILD ALLVISIBLE
[2019.02.04-02.21.56:260][525]LogEditorServer: Rebuildmap Clear paths rebuilt
[2019.02.04-02.21.56:443][525]LogMaterial: Display: Missing cached shader map for material FDebugViewModeMaterialProxy MaterialInstanceDynamic_0, compiling. 
[2019.02.04-02.21.56:451][525]LogShaderCompilers: Display: Shaders left to compile 1
[2019.02.04-02.21.56:451][525]LogMaterial: Display: Missing cached shader map for material FDebugViewModeMaterialProxy HelpActorMaterial, compiling. 
[2019.02.04-02.21.56:457][525]LogMaterial: Display: Missing cached shader map for material FDebugViewModeMaterialProxy brickMat, compiling. 
[2019.02.04-02.21.56:464][525]LogShaderCompilers: Display: Shaders left to compile 1
[2019.02.04-02.21.56:464][525]LogMaterial: Display: Missing cached shader map for material FDebugViewModeMaterialProxy pixelGrassTexture_Mat, compiling. 
[2019.02.04-02.21.56:470][525]LogShaderCompilers: Display: Shaders left to compile 1
[2019.02.04-02.21.56:470][525]LogMaterial: Display: Missing cached shader map for material FDebugViewModeMaterialProxy M_Basic_Wall, compiling. 
[2019.02.04-02.21.56:477][525]LogMaterial: Display: Missing cached shader map for material FDebugViewModeMaterialProxy MaskedUnlitSpriteMaterial, compiling. 
[2019.02.04-02.21.56:483][525]LogShaderCompilers: Display: Shaders left to compile 3
[2019.02.04-02.21.56:483][525]LogShaderCompilers: Display: Shaders left to compile 2
[2019.02.04-02.21.56:483][525]LogShaderCompilers: Display: Shaders left to compile 1
[2019.02.04-02.21.56:483][525]LogMaterial: Display: Missing cached shader map for material FDebugViewModeMaterialProxy LandscapeGizmo_Mat, compiling. 
[2019.02.04-02.21.56:490][525]LogMaterial: Display: Missing cached shader map for material FDebugViewModeMaterialProxy MaskedLitSpriteMaterial, compiling. 
[2019.02.04-02.21.56:497][525]LogMaterial: Display: Missing cached shader map for material FDebugViewModeMaterialProxy MatineeCam_mat, compiling. 
[2019.02.04-02.21.56:979][525]LogShaderCompilers: Display: Shaders left to compile 3
[2019.02.04-02.21.56:979][525]LogShaderCompilers: Display: Shaders left to compile 2
[2019.02.04-02.21.56:979][525]LogShaderCompilers: Display: Shaders left to compile 1
[2019.02.04-02.21.56:979][525]TextureStreamingBuild: Display: Compiling optional shaders took 0.541 seconds.
[2019.02.04-02.21.56:992][525]LogLevel: Display: Export Material TexCoord Scales took 0.013 seconds.
[2019.02.04-02.21.57:016][525]TextureStreamingBuild: Display: Build Texture Streaming took 0.023 seconds.
[2019.02.04-02.21.57:041][525]LightingResults: New page: Lighting Build - Feb 3, 2019, 10:21:57 AM
[2019.02.04-02.21.57:084][525]LogSwarmInterface: [OpenConnection] Registering TCP channel ...
[2019.02.04-02.21.57:162][525]LogSwarmInterface: [OpenConnection] Connecting to agent ...
[2019.02.04-02.21.57:171][525]LogSwarmInterface: [TryOpenConnection] Testing the Agent
[2019.02.04-02.21.57:684][525]LogSwarmInterface: [TryOpenConnection] Opening Connection to Agent
[2019.02.04-02.21.57:684][525]LogSwarmInterface: [TryOpenConnection] Local Process ID is 18200
[2019.02.04-02.22.01:934][525]LogStaticLightingSystem: Running Lightmass w/ ImmediateImport mode ENABLED
[2019.02.04-02.22.01:934][525]LogStaticLightingSystem: Running Lightmass w/ ImmediateProcess mode ENABLED
[2019.02.04-02.22.01:934][525]LogStaticLightingSystem: Running Lightmass w/ Sorting mode ENABLED
[2019.02.04-02.22.01:934][525]LogStaticLightingSystem: Running Lightmass w/ Mapping paddings ENABLED
[2019.02.04-02.22.01:934][525]LogStaticLightingSystem: Running Lightmass w/ Mapping debug paddings DISABLED
[2019.02.04-02.22.02:108][525]Cmd: MAP CHECK DONTDISPLAYDIALOG
[2019.02.04-02.22.02:109][525]MapCheck: New page: ThirdPersonExampleMap - Feb 3, 2019, 10:22:02 AM
[2019.02.04-02.22.02:109][525]MapCheck: Error: WorldInfo_0 Maps need lighting rebuilt 
[2019.02.04-02.22.02:110][525]MapCheck: Map check complete: 1 Error(s), 0 Warning(s), took 1.29ms to complete.
[2019.02.04-02.22.02:132][525]LogEditorBuildUtils: Build time 0:05
[2019.02.04-02.22.06:725][868]LogSlate: Window 'Message Log' being destroyed
[2019.02.04-02.22.06:733][868]LogSlate: Window 'Message Log' being destroyed
[2019.02.04-02.22.34:655][ 65]Job is a success!
[2019.02.04-02.22.34:677][ 67]LogSlate: Took 0.000160 seconds to synchronously load lazily loaded font '../../../Engine/Content/Slate/Fonts/Roboto-Light.ttf' (167K)
[2019.02.04-02.22.34:794][ 67]LogVolumetricLightmapImport: Imported Volumetric Lightmap in 0.094s
[2019.02.04-02.22.34:795][ 67]LogVolumetricLightmapImport:      Indirection Texture 32x32x32 = 0.1Mb
[2019.02.04-02.22.34:795][ 67]LogVolumetricLightmapImport:      BrickData 1280x10x5 = 2.5Mb (trimmed 0.3Mb due to 0.010000 MinBrickError)
[2019.02.04-02.22.34:795][ 67]LogVolumetricLightmapImport:      Bricks at Level
[2019.02.04-02.22.34:795][ 67]LogVolumetricLightmapImport:          0: 1.9% covering 100.0% of volume
[2019.02.04-02.22.34:795][ 67]LogVolumetricLightmapImport:          1: 7.1% covering 5.9% of volume
[2019.02.04-02.22.34:795][ 67]LogVolumetricLightmapImport:          2: 91.0% covering 1.2% of volume
[2019.02.04-02.22.35:441][ 67]LogTexture: Display: Building textures: SkyOcclusion0_1 (AutoDXT, 1024X512)
[2019.02.04-02.22.35:441][ 67]LogTexture: Display: Building textures: HQ_Lightmap0_1 (AutoDXT, 1024X1024)
[2019.02.04-02.22.35:441][ 67]LogTexture: Display: Building textures: LQ_Lightmap_0_1 (DXT1, 1024X1024)
[2019.02.04-02.22.35:441][ 67]LogTexture: Display: Building textures: SkyOcclusion0_2 (AutoDXT, 512X256)
[2019.02.04-02.22.35:441][ 67]LogTexture: Display: Building textures: HQ_Lightmap0_2 (AutoDXT, 512X512)
[2019.02.04-02.22.35:441][ 67]LogTexture: Display: Building textures: LQ_Lightmap_0_2 (DXT1, 512X512)
[2019.02.04-02.22.35:441][ 67]LogTexture: Display: Building textures: SkyOcclusion0_3 (AutoDXT, 512X256)
[2019.02.04-02.22.35:441][ 67]LogTexture: Display: Building textures: HQ_Lightmap0_3 (AutoDXT, 512X512)
[2019.02.04-02.22.35:441][ 67]LogTexture: Display: Building textures: LQ_Lightmap_0_3 (DXT1, 512X512)
[2019.02.04-02.22.35:441][ 67]LogTexture: Display: Building textures: SkyOcclusion0_4 (AutoDXT, 256X128)
[2019.02.04-02.22.35:441][ 67]LogTexture: Display: Building textures: HQ_Lightmap0_4 (AutoDXT, 256X256)
[2019.02.04-02.22.35:441][ 67]LogTexture: Display: Building textures: LQ_Lightmap_0_4 (DXT1, 256X256)
[2019.02.04-02.22.35:441][ 67]LogTexture: Display: Building textures: SkyOcclusion0_5 (AutoDXT, 128X64)
[2019.02.04-02.22.35:441][ 67]LogTexture: Display: Building textures: HQ_Lightmap0_5 (AutoDXT, 128X128)
[2019.02.04-02.22.35:441][ 67]LogTexture: Display: Building textures: LQ_Lightmap_0_5 (DXT1, 128X128)
[2019.02.04-02.22.35:441][ 67]LogTexture: Display: Building textures: SkyOcclusion0_6 (AutoDXT, 64X32)
[2019.02.04-02.22.35:441][ 67]LogTexture: Display: Building textures: HQ_Lightmap0_6 (AutoDXT, 64X64)
[2019.02.04-02.22.35:441][ 67]LogTexture: Display: Building textures: LQ_Lightmap_0_6 (DXT1, 64X64)
[2019.02.04-02.22.35:578][ 67]LogTexture: Display: Building textures: ShadowMapTexture2D_0 (BGRA8, 1024X512)
[2019.02.04-02.22.35:610][ 67]Lightmass on UNIT-01-CON: 32.8 sec total, 338 ms importing, 92 ms setup, 7.43 sec photons, 24.9 sec processing, 0 ms extra exporting [169/169 mappings]. Threads: 4:33 min total, 2:31 min processing.
[2019.02.04-02.22.35:649][ 67]LogStaticLightingSystem: Illumination: 38.5 sec (550 ms encoding lightmaps, 132 ms encoding shadowmaps)
[2019.02.04-02.22.35:649][ 67]LogStaticLightingSystem: Lightmap texture memory:  4.2 MB (4.2 MB streaming, 0.0 MB non-streaming), 12 textures
[2019.02.04-02.22.35:649][ 67]LogStaticLightingSystem: Shadowmap texture memory: 2.7 MB (2.7 MB streaming, 0.0 MB non-streaming), 1 textures
[2019.02.04-02.22.35:955][ 67]DumpUnbuiltLightIteractions
[2019.02.04-02.22.35:955][ 67]Lights with unbuilt interactions: 0
[2019.02.04-02.22.35:955][ 67]
[2019.02.04-02.22.35:955][ 67]Primitives with unbuilt interactions: 0
[2019.02.04-02.22.36:014][ 68]Cmd: MAP CHECK NOTIFYRESULTS
[2019.02.04-02.22.36:014][ 68]MapCheck: New page: ThirdPersonExampleMap - Feb 3, 2019, 10:22:36 AM
[2019.02.04-02.22.36:015][ 68]MapCheck: Map check complete: 0 Error(s), 0 Warning(s), took 1.452ms to complete.
[2019.02.04-02.22.50:250][767]LogAssetEditorManager: Opening Asset editor for Blueprint /Game/ThirdPersonBP/Blueprints/ThirdPersonCharacter.ThirdPersonCharacter
[2019.02.04-02.22.50:678][767]LogContentBrowser: Native class hierarchy updated for 'BlueprintGraph' in 0.0005 seconds. Added 117 classes and 0 folders.
[2019.02.04-02.22.51:397][767]LogSlate: Took 0.004728 seconds to synchronously load lazily loaded font '../../../Engine/Content/Slate/Fonts/Roboto-BoldCondensed.ttf' (158K)
[2019.02.04-02.22.51:634][768]LogSlate: Took 0.005491 seconds to synchronously load lazily loaded font '../../../Engine/Content/Slate/Fonts/Roboto-Italic.ttf' (157K)
[2019.02.04-02.23.40:944][191]LogRenderer: Reallocating scene render targets to support 964x540 Format 10 NumSamples 1 (Frame:1).
[2019.02.04-02.23.49:273][ 42]LogSlate: FSceneViewport::OnFocusLost() reason 2
[2019.02.04-02.25.05:658][411]LogSlate: FSceneViewport::OnFocusLost() reason 0
[2019.02.04-02.25.05:738][420]BlueprintLog: New page: Compile ThirdPersonCharacter
[2019.02.04-02.27.22:804][232]LogEditorTransaction: Undo Delete current selection
[2019.02.04-02.27.23:080][250]LogEditorTransaction: Undo Create Pin Link
[2019.02.04-02.27.23:495][288]LogEditorTransaction: Undo Add Node
[2019.02.04-02.28.52:621][804]BlueprintLog: New page: Compile ThirdPersonCharacter
[2019.02.04-02.30.54:642][801]BlueprintLog: New page: Compile ThirdPersonCharacter
[2019.02.04-02.30.57:657][ 79]LogTemp: Repeating last play command: Selected Viewport
[2019.02.04-02.30.57:685][ 79]LogBlueprintUserMessages: Early PlayInEditor Detection: Level '/Game/ThirdPersonBP/Maps/ThirdPersonExampleMap.ThirdPersonExampleMap:PersistentLevel' has LevelScriptBlueprint '/Game/ThirdPersonBP/Maps/ThirdPersonExampleMap.ThirdPersonExampleMap:PersistentLevel.ThirdPersonExampleMap' with GeneratedClass '/Game/ThirdPersonBP/Maps/ThirdPersonExampleMap.ThirdPersonExampleMap_C' with ClassGeneratedBy '/Game/ThirdPersonBP/Maps/ThirdPersonExampleMap.ThirdPersonExampleMap:PersistentLevel.ThirdPersonExampleMap'
[2019.02.04-02.30.57:685][ 79]LogPlayLevel: PlayLevel: No blueprints needed recompiling
[2019.02.04-02.30.57:685][ 79]PIE: New page: PIE session: ThirdPersonExampleMap (Feb 3, 2019, 10:30:57 AM)
[2019.02.04-02.30.57:697][ 79]LogPlayLevel: Creating play world package: /Game/ThirdPersonBP/Maps/UEDPIE_0_ThirdPersonExampleMap
[2019.02.04-02.30.57:764][ 79]LogPlayLevel: PIE: StaticDuplicateObject took: (0.067016s)
[2019.02.04-02.30.57:765][ 79]LogAIModule: Creating AISystem for world ThirdPersonExampleMap
[2019.02.04-02.30.57:765][ 79]LogPlayLevel: PIE: World Init took: (0.000603s)
[2019.02.04-02.30.57:765][ 79]LogPlayLevel: PIE: Created PIE world by copying editor world from /Game/ThirdPersonBP/Maps/ThirdPersonExampleMap.ThirdPersonExampleMap to /Game/ThirdPersonBP/Maps/UEDPIE_0_ThirdPersonExampleMap.ThirdPersonExampleMap (0.067926s)
[2019.02.04-02.30.57:797][ 79]LogInit: XAudio2 using 'Speakers (Realtek(R) Audio)' : 2 channels at 48 kHz using 32 bits per sample (channel mask 0x3)
[2019.02.04-02.30.57:802][ 79]LogInit: FAudioDevice initialized.
[2019.02.04-02.30.57:857][ 79]LogLoad: Game class is 'ThirdPersonGameMode_C'
[2019.02.04-02.30.57:863][ 79]LogWorld: Bringing World /Game/ThirdPersonBP/Maps/UEDPIE_0_ThirdPersonExampleMap.ThirdPersonExampleMap up for play (max tick rate 0) at 2019.02.03-18.30.57
[2019.02.04-02.30.57:864][ 79]LogWorld: Bringing up level for play took: 0.006130
[2019.02.04-02.30.57:884][ 79]LogContentBrowser: Native class hierarchy updated for 'MovieSceneCapture' in 0.0003 seconds. Added 20 classes and 0 folders.
[2019.02.04-02.30.57:885][ 79]PIE: Play in editor start time for /Game/ThirdPersonBP/Maps/UEDPIE_0_ThirdPersonExampleMap -0.608
[2019.02.04-02.30.57:886][ 79]LogBlueprintUserMessages: Late PlayInEditor Detection: Level '/Game/ThirdPersonBP/Maps/ThirdPersonExampleMap.ThirdPersonExampleMap:PersistentLevel' has LevelScriptBlueprint '/Game/ThirdPersonBP/Maps/ThirdPersonExampleMap.ThirdPersonExampleMap:PersistentLevel.ThirdPersonExampleMap' with GeneratedClass '/Game/ThirdPersonBP/Maps/ThirdPersonExampleMap.ThirdPersonExampleMap_C' with ClassGeneratedBy '/Game/ThirdPersonBP/Maps/ThirdPersonExampleMap.ThirdPersonExampleMap:PersistentLevel.ThirdPersonExampleMap'
[2019.02.04-02.31.19:427][657]LogBlueprintUserMessages: Early EndPlayMap Detection: Level '/Game/ThirdPersonBP/Maps/ThirdPersonExampleMap.ThirdPersonExampleMap:PersistentLevel' has LevelScriptBlueprint '/Game/ThirdPersonBP/Maps/ThirdPersonExampleMap.ThirdPersonExampleMap:PersistentLevel.ThirdPersonExampleMap' with GeneratedClass '/Game/ThirdPersonBP/Maps/ThirdPersonExampleMap.ThirdPersonExampleMap_C' with ClassGeneratedBy '/Game/ThirdPersonBP/Maps/ThirdPersonExampleMap.ThirdPersonExampleMap:PersistentLevel.ThirdPersonExampleMap'
[2019.02.04-02.31.19:428][657]LogSlate: Updating window title bar state: overlay mode, drag disabled, window buttons hidden, title bar hidden
[2019.02.04-02.31.19:467][657]LogPlayLevel: Display: Shutting down PIE online subsystems
[2019.02.04-02.31.19:467][657]LogBlueprintUserMessages: Late EndPlayMap Detection: Level '/Game/ThirdPersonBP/Maps/ThirdPersonExampleMap.ThirdPersonExampleMap:PersistentLevel' has LevelScriptBlueprint '/Game/ThirdPersonBP/Maps/ThirdPersonExampleMap.ThirdPersonExampleMap:PersistentLevel.ThirdPersonExampleMap' with GeneratedClass '/Game/ThirdPersonBP/Maps/ThirdPersonExampleMap.ThirdPersonExampleMap_C' with ClassGeneratedBy '/Game/ThirdPersonBP/Maps/ThirdPersonExampleMap.ThirdPersonExampleMap:PersistentLevel.ThirdPersonExampleMap'
[2019.02.04-02.31.19:494][657]LogSlate: Updating window title bar state: overlay mode, drag disabled, window buttons hidden, title bar hidden
[2019.02.04-02.31.19:532][660]LogPlayLevel: Display: Destroying online subsystem :Context_2
[2019.02.04-02.31.22:203][979]LogSlate: FSceneViewport::OnFocusLost() reason 0
[2019.02.04-02.31.22:858][989]LogSavePackage: Moving '../../../../../../Users/Connor/Documents/CP-School/Senior Project/GitRepos/Senior-Project-Testground-1/Prototype2/Saved/ThirdPersonExampleMap0E1DB86B420E18FCDCE0728C5F760E57.tmp' to '../../../../../../Users/Connor/Documents/CP-School/Senior Project/GitRepos/Senior-Project-Testground-1/Prototype2/Content/ThirdPersonBP/Maps/ThirdPersonExampleMap.umap'
[2019.02.04-02.31.23:057][989]LogSavePackage: Moving '../../../../../../Users/Connor/Documents/CP-School/Senior Project/GitRepos/Senior-Project-Testground-1/Prototype2/Saved/ThirdPersonExampleMap_BuiltData824F23EC47B711E4CDA29AA2C29719BA.tmp' to '../../../../../../Users/Connor/Documents/CP-School/Senior Project/GitRepos/Senior-Project-Testground-1/Prototype2/Content/ThirdPersonBP/Maps/ThirdPersonExampleMap_BuiltData.uasset'
[2019.02.04-02.31.25:083][213]LogSavePackage: Moving '../../../../../../Users/Connor/Documents/CP-School/Senior Project/GitRepos/Senior-Project-Testground-1/Prototype2/Saved/ThirdPersonCharacterD887F2274108FA6F78CE89940C05A850.tmp' to '../../../../../../Users/Connor/Documents/CP-School/Senior Project/GitRepos/Senior-Project-Testground-1/Prototype2/Content/ThirdPersonBP/Blueprints/ThirdPersonCharacter.uasset'
